2020-08-29 00:31:50.0655||DEBUG|NetNews.Program|init main function 
2020-08-29 00:31:51.4070||INFO|Detection.Startup|Starting Detection version 3.0.0.0 
2020-08-29 00:34:58.8095||DEBUG|NetNews.Program|init main function 
2020-08-29 00:35:00.5291||INFO|Detection.Startup|Starting Detection version 3.0.0.0 
2020-08-29 00:37:06.8264||DEBUG|NetNews.Program|init main function 
2020-08-29 00:37:08.3504||INFO|Detection.Startup|Starting Detection version 3.0.0.0 
2020-08-29 00:37:46.9766||DEBUG|NetNews.Program|init main function 
2020-08-29 00:37:48.0281||INFO|Detection.Startup|Starting Detection version 3.0.0.0 
2020-08-29 01:38:53.8724||DEBUG|NetNews.Program|init main function 
2020-08-29 01:38:55.1395||INFO|Detection.Startup|Starting Detection version 3.0.0.0 
2020-08-29 02:01:37.5187||DEBUG|NetNews.Program|init main function 
2020-08-29 02:01:38.7380||INFO|Detection.Startup|Starting Detection version 3.0.0.0 
2020-08-29 02:02:42.6633||DEBUG|NetNews.Program|init main function 
2020-08-29 02:02:43.7248||INFO|Detection.Startup|Starting Detection version 3.0.0.0 
2020-08-29 02:10:15.3557||DEBUG|NetNews.Program|init main function 
2020-08-29 02:10:16.3720||INFO|Detection.Startup|Starting Detection version 3.0.0.0 
2020-08-29 02:39:07.0769||DEBUG|NetNews.Program|init main function 
2020-08-29 02:39:07.6598||INFO|Detection.Startup|Starting Detection version 3.0.0.0 
2020-08-29 02:40:46.4619|1|ERROR|Microsoft.AspNetCore.Diagnostics.DeveloperExceptionPageMiddleware|An unhandled exception has occurred while executing the request. System.InvalidOperationException: The model item passed into the ViewDataDictionary is of type 'NetNews.Models.PostsDataModel.vwPostsModel', but this ViewDataDictionary instance requires a model item of type 'NetNews.Models.PostsDataModel.PostsModel'.
   at Microsoft.AspNetCore.Mvc.ViewFeatures.ViewDataDictionary.EnsureCompatible(Object value)
   at Microsoft.AspNetCore.Mvc.ViewFeatures.ViewDataDictionary..ctor(ViewDataDictionary source, Object model, Type declaredModelType)
   at lambda_method(Closure , ViewDataDictionary )
   at Microsoft.AspNetCore.Mvc.Razor.RazorPagePropertyActivator.CreateViewDataDictionary(ViewContext context)
   at Microsoft.AspNetCore.Mvc.Razor.RazorPagePropertyActivator.Activate(Object page, ViewContext context)
   at Microsoft.AspNetCore.Mvc.Razor.RazorPageActivator.Activate(IRazorPage page, ViewContext context)
   at Microsoft.AspNetCore.Mvc.Razor.RazorView.RenderPageCoreAsync(IRazorPage page, ViewContext context)
   at Microsoft.AspNetCore.Mvc.Razor.RazorView.RenderPageAsync(IRazorPage page, ViewContext context, Boolean invokeViewStarts)
   at Microsoft.AspNetCore.Mvc.Razor.RazorView.RenderAsync(ViewContext context)
   at Microsoft.AspNetCore.Mvc.TagHelpers.PartialTagHelper.RenderPartialViewAsync(TextWriter writer, Object model, IView view)
   at Microsoft.AspNetCore.Mvc.TagHelpers.PartialTagHelper.ProcessAsync(TagHelperContext context, TagHelperOutput output)
   at Microsoft.AspNetCore.Razor.Runtime.TagHelpers.TagHelperRunner.<RunAsync>g__Awaited|0_0(Task task, TagHelperExecutionContext executionContext, Int32 i, Int32 count)
   at AspNetCore.Views_Admin_EditPost.ExecuteAsync() in C:\Users\Laiman\Documents\Visual Studio 2019\Projects\NetNews\NetNews\Views\Admin\EditPost.cshtml:line 24
   at Microsoft.AspNetCore.Mvc.Razor.RazorView.RenderPageCoreAsync(IRazorPage page, ViewContext context)
   at Microsoft.AspNetCore.Mvc.Razor.RazorView.RenderPageAsync(IRazorPage page, ViewContext context, Boolean invokeViewStarts)
   at Microsoft.AspNetCore.Mvc.Razor.RazorView.RenderAsync(ViewContext context)
   at Microsoft.AspNetCore.Mvc.ViewFeatures.ViewExecutor.ExecuteAsync(ViewContext viewContext, String contentType, Nullable`1 statusCode)
   at Microsoft.AspNetCore.Mvc.ViewFeatures.ViewExecutor.ExecuteAsync(ViewContext viewContext, String contentType, Nullable`1 statusCode)
   at Microsoft.AspNetCore.Mvc.ViewFeatures.ViewExecutor.ExecuteAsync(ActionContext actionContext, IView view, ViewDataDictionary viewData, ITempDataDictionary tempData, String contentType, Nullable`1 statusCode)
   at Microsoft.AspNetCore.Mvc.ViewFeatures.ViewResultExecutor.ExecuteAsync(ActionContext context, ViewResult result)
   at Microsoft.AspNetCore.Mvc.ViewResult.ExecuteResultAsync(ActionContext context)
   at Microsoft.AspNetCore.Mvc.Infrastructure.ResourceInvoker.<InvokeNextResultFilterAsync>g__Awaited|29_0[TFilter,TFilterAsync](ResourceInvoker invoker, Task lastTask, State next, Scope scope, Object state, Boolean isCompleted)
   at Microsoft.AspNetCore.Mvc.Infrastructure.ResourceInvoker.Rethrow(ResultExecutedContextSealed context)
   at Microsoft.AspNetCore.Mvc.Infrastructure.ResourceInvoker.ResultNext[TFilter,TFilterAsync](State& next, Scope& scope, Object& state, Boolean& isCompleted)
   at Microsoft.AspNetCore.Mvc.Infrastructure.ResourceInvoker.InvokeResultFilters()
--- End of stack trace from previous location where exception was thrown ---
   at Microsoft.AspNetCore.Mvc.Infrastructure.ResourceInvoker.<InvokeNextResourceFilter>g__Awaited|24_0(ResourceInvoker invoker, Task lastTask, State next, Scope scope, Object state, Boolean isCompleted)
   at Microsoft.AspNetCore.Mvc.Infrastructure.ResourceInvoker.Rethrow(ResourceExecutedContextSealed context)
   at Microsoft.AspNetCore.Mvc.Infrastructure.ResourceInvoker.Next(State& next, Scope& scope, Object& state, Boolean& isCompleted)
   at Microsoft.AspNetCore.Mvc.Infrastructure.ResourceInvoker.<InvokeFilterPipelineAsync>g__Awaited|19_0(ResourceInvoker invoker, Task lastTask, State next, Scope scope, Object state, Boolean isCompleted)
   at Microsoft.AspNetCore.Mvc.Infrastructure.ResourceInvoker.<InvokeAsync>g__Awaited|17_0(ResourceInvoker invoker, Task task, IDisposable scope)
   at Microsoft.AspNetCore.Routing.EndpointMiddleware.<Invoke>g__AwaitRequestTask|6_0(Endpoint endpoint, Task requestTask, ILogger logger)
   at Microsoft.AspNetCore.Session.SessionMiddleware.Invoke(HttpContext context)
   at Microsoft.AspNetCore.Session.SessionMiddleware.Invoke(HttpContext context)
   at Microsoft.AspNetCore.Authorization.AuthorizationMiddleware.Invoke(HttpContext context)
   at Wangkanai.Detection.Hosting.ResponsiveMiddleware.InvokeAsync(HttpContext context, IResponsiveService responsive)
   at Microsoft.AspNetCore.Session.SessionMiddleware.Invoke(HttpContext context)
   at Microsoft.AspNetCore.Session.SessionMiddleware.Invoke(HttpContext context)
   at Microsoft.AspNetCore.Diagnostics.DeveloperExceptionPageMiddleware.Invoke(HttpContext context)
2020-08-29 02:41:52.0155||DEBUG|NetNews.Program|init main function 
2020-08-29 02:41:52.3513||INFO|Detection.Startup|Starting Detection version 3.0.0.0 
2020-08-29 02:41:54.6417|1|ERROR|Microsoft.AspNetCore.Diagnostics.DeveloperExceptionPageMiddleware|An unhandled exception has occurred while executing the request. System.ArgumentNullException: Value cannot be null. (Parameter 'items')
   at Microsoft.AspNetCore.Mvc.Rendering.MultiSelectList..ctor(IEnumerable items, String dataValueField, String dataTextField, IEnumerable selectedValues, String dataGroupField)
   at Microsoft.AspNetCore.Mvc.Rendering.SelectList..ctor(IEnumerable items, String dataValueField, String dataTextField, Object selectedValue)
   at Microsoft.AspNetCore.Mvc.Rendering.SelectList..ctor(IEnumerable items, String dataValueField, String dataTextField)
   at CallSite.Target(Closure , CallSite , Type , Object , String , String )
   at System.Dynamic.UpdateDelegates.UpdateAndExecute4[T0,T1,T2,T3,TRet](CallSite site, T0 arg0, T1 arg1, T2 arg2, T3 arg3)
   at AspNetCore.Views_Shared_AccountLayout_Forms__EditPostForm.<ExecuteAsync>b__41_0() in C:\Users\Laiman\Documents\Visual Studio 2019\Projects\NetNews\NetNews\Views\Shared\AccountLayout\Forms\_EditPostForm.cshtml:line 15
   at Microsoft.AspNetCore.Razor.Runtime.TagHelpers.TagHelperExecutionContext.GetChildContentAsync(Boolean useCachedResult, HtmlEncoder encoder)
   at Microsoft.AspNetCore.Mvc.TagHelpers.RenderAtEndOfFormTagHelper.ProcessAsync(TagHelperContext context, TagHelperOutput output)
   at Microsoft.AspNetCore.Razor.Runtime.TagHelpers.TagHelperRunner.<RunAsync>g__Awaited|0_0(Task task, TagHelperExecutionContext executionContext, Int32 i, Int32 count)
   at AspNetCore.Views_Shared_AccountLayout_Forms__EditPostForm.ExecuteAsync()
   at Microsoft.AspNetCore.Mvc.Razor.RazorView.RenderPageCoreAsync(IRazorPage page, ViewContext context)
   at Microsoft.AspNetCore.Mvc.Razor.RazorView.RenderPageAsync(IRazorPage page, ViewContext context, Boolean invokeViewStarts)
   at Microsoft.AspNetCore.Mvc.Razor.RazorView.RenderAsync(ViewContext context)
   at Microsoft.AspNetCore.Mvc.TagHelpers.PartialTagHelper.RenderPartialViewAsync(TextWriter writer, Object model, IView view)
   at Microsoft.AspNetCore.Mvc.TagHelpers.PartialTagHelper.ProcessAsync(TagHelperContext context, TagHelperOutput output)
   at Microsoft.AspNetCore.Razor.Runtime.TagHelpers.TagHelperRunner.<RunAsync>g__Awaited|0_0(Task task, TagHelperExecutionContext executionContext, Int32 i, Int32 count)
   at AspNetCore.Views_Admin_EditPost.ExecuteAsync() in C:\Users\Laiman\Documents\Visual Studio 2019\Projects\NetNews\NetNews\Views\Admin\EditPost.cshtml:line 24
   at Microsoft.AspNetCore.Mvc.Razor.RazorView.RenderPageCoreAsync(IRazorPage page, ViewContext context)
   at Microsoft.AspNetCore.Mvc.Razor.RazorView.RenderPageAsync(IRazorPage page, ViewContext context, Boolean invokeViewStarts)
   at Microsoft.AspNetCore.Mvc.Razor.RazorView.RenderAsync(ViewContext context)
   at Microsoft.AspNetCore.Mvc.ViewFeatures.ViewExecutor.ExecuteAsync(ViewContext viewContext, String contentType, Nullable`1 statusCode)
   at Microsoft.AspNetCore.Mvc.ViewFeatures.ViewExecutor.ExecuteAsync(ViewContext viewContext, String contentType, Nullable`1 statusCode)
   at Microsoft.AspNetCore.Mvc.ViewFeatures.ViewExecutor.ExecuteAsync(ActionContext actionContext, IView view, ViewDataDictionary viewData, ITempDataDictionary tempData, String contentType, Nullable`1 statusCode)
   at Microsoft.AspNetCore.Mvc.ViewFeatures.ViewResultExecutor.ExecuteAsync(ActionContext context, ViewResult result)
   at Microsoft.AspNetCore.Mvc.ViewResult.ExecuteResultAsync(ActionContext context)
   at Microsoft.AspNetCore.Mvc.Infrastructure.ResourceInvoker.<InvokeNextResultFilterAsync>g__Awaited|29_0[TFilter,TFilterAsync](ResourceInvoker invoker, Task lastTask, State next, Scope scope, Object state, Boolean isCompleted)
   at Microsoft.AspNetCore.Mvc.Infrastructure.ResourceInvoker.Rethrow(ResultExecutedContextSealed context)
   at Microsoft.AspNetCore.Mvc.Infrastructure.ResourceInvoker.ResultNext[TFilter,TFilterAsync](State& next, Scope& scope, Object& state, Boolean& isCompleted)
   at Microsoft.AspNetCore.Mvc.Infrastructure.ResourceInvoker.InvokeResultFilters()
--- End of stack trace from previous location where exception was thrown ---
   at Microsoft.AspNetCore.Mvc.Infrastructure.ResourceInvoker.<InvokeNextResourceFilter>g__Awaited|24_0(ResourceInvoker invoker, Task lastTask, State next, Scope scope, Object state, Boolean isCompleted)
   at Microsoft.AspNetCore.Mvc.Infrastructure.ResourceInvoker.Rethrow(ResourceExecutedContextSealed context)
   at Microsoft.AspNetCore.Mvc.Infrastructure.ResourceInvoker.Next(State& next, Scope& scope, Object& state, Boolean& isCompleted)
   at Microsoft.AspNetCore.Mvc.Infrastructure.ResourceInvoker.<InvokeFilterPipelineAsync>g__Awaited|19_0(ResourceInvoker invoker, Task lastTask, State next, Scope scope, Object state, Boolean isCompleted)
   at Microsoft.AspNetCore.Mvc.Infrastructure.ResourceInvoker.<InvokeAsync>g__Awaited|17_0(ResourceInvoker invoker, Task task, IDisposable scope)
   at Microsoft.AspNetCore.Routing.EndpointMiddleware.<Invoke>g__AwaitRequestTask|6_0(Endpoint endpoint, Task requestTask, ILogger logger)
   at Microsoft.AspNetCore.Session.SessionMiddleware.Invoke(HttpContext context)
   at Microsoft.AspNetCore.Session.SessionMiddleware.Invoke(HttpContext context)
   at Microsoft.AspNetCore.Authorization.AuthorizationMiddleware.Invoke(HttpContext context)
   at Wangkanai.Detection.Hosting.ResponsiveMiddleware.InvokeAsync(HttpContext context, IResponsiveService responsive)
   at Microsoft.AspNetCore.Session.SessionMiddleware.Invoke(HttpContext context)
   at Microsoft.AspNetCore.Session.SessionMiddleware.Invoke(HttpContext context)
   at Microsoft.AspNetCore.Diagnostics.DeveloperExceptionPageMiddleware.Invoke(HttpContext context)
2020-08-29 02:42:57.7439||DEBUG|NetNews.Program|init main function 
2020-08-29 02:42:58.0807||INFO|Detection.Startup|Starting Detection version 3.0.0.0 
2020-08-29 02:54:49.4816||DEBUG|NetNews.Program|init main function 
2020-08-29 02:54:49.8618||INFO|Detection.Startup|Starting Detection version 3.0.0.0 
2020-08-29 03:06:00.5767||DEBUG|NetNews.Program|init main function 
2020-08-29 03:06:01.1310||INFO|Detection.Startup|Starting Detection version 3.0.0.0 
2020-08-29 03:23:43.7273||DEBUG|NetNews.Program|init main function 
2020-08-29 03:23:44.3311||INFO|Detection.Startup|Starting Detection version 3.0.0.0 
2020-08-29 03:35:46.3382||DEBUG|NetNews.Program|init main function 
2020-08-29 03:35:46.8098||INFO|Detection.Startup|Starting Detection version 3.0.0.0 
2020-08-29 03:37:14.0140||DEBUG|NetNews.Program|init main function 
2020-08-29 03:37:14.5970||INFO|Detection.Startup|Starting Detection version 3.0.0.0 
2020-08-29 03:40:47.1680||DEBUG|NetNews.Program|init main function 
2020-08-29 03:40:47.7440||INFO|Detection.Startup|Starting Detection version 3.0.0.0 
2020-08-29 03:40:49.7143|1|ERROR|Microsoft.AspNetCore.Diagnostics.DeveloperExceptionPageMiddleware|An unhandled exception has occurred while executing the request. Microsoft.CSharp.RuntimeBinder.RuntimeBinderException: The best overloaded method match for 'string.Contains(string)' has some invalid arguments
   at CallSite.Target(Closure , CallSite , String , Object )
   at System.Dynamic.UpdateDelegates.UpdateAndExecute2[T0,T1,TRet](CallSite site, T0 arg0, T1 arg1)
   at AspNetCore.Views_Shared_AccountLayout_Forms__EditPostForm.<ExecuteAsync>b__41_0() in C:\Users\Laiman\Documents\Visual Studio 2019\Projects\NetNews\NetNews\Views\Shared\AccountLayout\Forms\_EditPostForm.cshtml:line 101
   at Microsoft.AspNetCore.Razor.Runtime.TagHelpers.TagHelperExecutionContext.GetChildContentAsync(Boolean useCachedResult, HtmlEncoder encoder)
   at Microsoft.AspNetCore.Mvc.TagHelpers.RenderAtEndOfFormTagHelper.ProcessAsync(TagHelperContext context, TagHelperOutput output)
   at Microsoft.AspNetCore.Razor.Runtime.TagHelpers.TagHelperRunner.<RunAsync>g__Awaited|0_0(Task task, TagHelperExecutionContext executionContext, Int32 i, Int32 count)
   at AspNetCore.Views_Shared_AccountLayout_Forms__EditPostForm.ExecuteAsync()
   at Microsoft.AspNetCore.Mvc.Razor.RazorView.RenderPageCoreAsync(IRazorPage page, ViewContext context)
   at Microsoft.AspNetCore.Mvc.Razor.RazorView.RenderPageAsync(IRazorPage page, ViewContext context, Boolean invokeViewStarts)
   at Microsoft.AspNetCore.Mvc.Razor.RazorView.RenderAsync(ViewContext context)
   at Microsoft.AspNetCore.Mvc.TagHelpers.PartialTagHelper.RenderPartialViewAsync(TextWriter writer, Object model, IView view)
   at Microsoft.AspNetCore.Mvc.TagHelpers.PartialTagHelper.ProcessAsync(TagHelperContext context, TagHelperOutput output)
   at Microsoft.AspNetCore.Razor.Runtime.TagHelpers.TagHelperRunner.<RunAsync>g__Awaited|0_0(Task task, TagHelperExecutionContext executionContext, Int32 i, Int32 count)
   at AspNetCore.Views_Admin_EditPost.ExecuteAsync() in C:\Users\Laiman\Documents\Visual Studio 2019\Projects\NetNews\NetNews\Views\Admin\EditPost.cshtml:line 24
   at Microsoft.AspNetCore.Mvc.Razor.RazorView.RenderPageCoreAsync(IRazorPage page, ViewContext context)
   at Microsoft.AspNetCore.Mvc.Razor.RazorView.RenderPageAsync(IRazorPage page, ViewContext context, Boolean invokeViewStarts)
   at Microsoft.AspNetCore.Mvc.Razor.RazorView.RenderAsync(ViewContext context)
   at Microsoft.AspNetCore.Mvc.ViewFeatures.ViewExecutor.ExecuteAsync(ViewContext viewContext, String contentType, Nullable`1 statusCode)
   at Microsoft.AspNetCore.Mvc.ViewFeatures.ViewExecutor.ExecuteAsync(ViewContext viewContext, String contentType, Nullable`1 statusCode)
   at Microsoft.AspNetCore.Mvc.ViewFeatures.ViewExecutor.ExecuteAsync(ActionContext actionContext, IView view, ViewDataDictionary viewData, ITempDataDictionary tempData, String contentType, Nullable`1 statusCode)
   at Microsoft.AspNetCore.Mvc.ViewFeatures.ViewResultExecutor.ExecuteAsync(ActionContext context, ViewResult result)
   at Microsoft.AspNetCore.Mvc.ViewResult.ExecuteResultAsync(ActionContext context)
   at Microsoft.AspNetCore.Mvc.Infrastructure.ResourceInvoker.<InvokeNextResultFilterAsync>g__Awaited|29_0[TFilter,TFilterAsync](ResourceInvoker invoker, Task lastTask, State next, Scope scope, Object state, Boolean isCompleted)
   at Microsoft.AspNetCore.Mvc.Infrastructure.ResourceInvoker.Rethrow(ResultExecutedContextSealed context)
   at Microsoft.AspNetCore.Mvc.Infrastructure.ResourceInvoker.ResultNext[TFilter,TFilterAsync](State& next, Scope& scope, Object& state, Boolean& isCompleted)
   at Microsoft.AspNetCore.Mvc.Infrastructure.ResourceInvoker.InvokeResultFilters()
--- End of stack trace from previous location where exception was thrown ---
   at Microsoft.AspNetCore.Mvc.Infrastructure.ResourceInvoker.<InvokeNextResourceFilter>g__Awaited|24_0(ResourceInvoker invoker, Task lastTask, State next, Scope scope, Object state, Boolean isCompleted)
   at Microsoft.AspNetCore.Mvc.Infrastructure.ResourceInvoker.Rethrow(ResourceExecutedContextSealed context)
   at Microsoft.AspNetCore.Mvc.Infrastructure.ResourceInvoker.Next(State& next, Scope& scope, Object& state, Boolean& isCompleted)
   at Microsoft.AspNetCore.Mvc.Infrastructure.ResourceInvoker.<InvokeFilterPipelineAsync>g__Awaited|19_0(ResourceInvoker invoker, Task lastTask, State next, Scope scope, Object state, Boolean isCompleted)
   at Microsoft.AspNetCore.Mvc.Infrastructure.ResourceInvoker.<InvokeAsync>g__Awaited|17_0(ResourceInvoker invoker, Task task, IDisposable scope)
   at Microsoft.AspNetCore.Routing.EndpointMiddleware.<Invoke>g__AwaitRequestTask|6_0(Endpoint endpoint, Task requestTask, ILogger logger)
   at Microsoft.AspNetCore.Session.SessionMiddleware.Invoke(HttpContext context)
   at Microsoft.AspNetCore.Session.SessionMiddleware.Invoke(HttpContext context)
   at Microsoft.AspNetCore.Authorization.AuthorizationMiddleware.Invoke(HttpContext context)
   at Wangkanai.Detection.Hosting.ResponsiveMiddleware.InvokeAsync(HttpContext context, IResponsiveService responsive)
   at Microsoft.AspNetCore.Session.SessionMiddleware.Invoke(HttpContext context)
   at Microsoft.AspNetCore.Session.SessionMiddleware.Invoke(HttpContext context)
   at Microsoft.AspNetCore.Diagnostics.DeveloperExceptionPageMiddleware.Invoke(HttpContext context)
2020-08-29 03:41:06.3781|1|ERROR|Microsoft.AspNetCore.Diagnostics.DeveloperExceptionPageMiddleware|An unhandled exception has occurred while executing the request. Microsoft.CSharp.RuntimeBinder.RuntimeBinderException: The best overloaded method match for 'string.Contains(string)' has some invalid arguments
   at CallSite.Target(Closure , CallSite , String , Object )
   at AspNetCore.Views_Shared_AccountLayout_Forms__EditPostForm.<ExecuteAsync>b__41_0() in C:\Users\Laiman\Documents\Visual Studio 2019\Projects\NetNews\NetNews\Views\Shared\AccountLayout\Forms\_EditPostForm.cshtml:line 101
   at Microsoft.AspNetCore.Razor.Runtime.TagHelpers.TagHelperExecutionContext.GetChildContentAsync(Boolean useCachedResult, HtmlEncoder encoder)
   at Microsoft.AspNetCore.Mvc.TagHelpers.RenderAtEndOfFormTagHelper.ProcessAsync(TagHelperContext context, TagHelperOutput output)
   at Microsoft.AspNetCore.Razor.Runtime.TagHelpers.TagHelperRunner.<RunAsync>g__Awaited|0_0(Task task, TagHelperExecutionContext executionContext, Int32 i, Int32 count)
   at AspNetCore.Views_Shared_AccountLayout_Forms__EditPostForm.ExecuteAsync()
   at Microsoft.AspNetCore.Mvc.Razor.RazorView.RenderPageCoreAsync(IRazorPage page, ViewContext context)
   at Microsoft.AspNetCore.Mvc.Razor.RazorView.RenderPageAsync(IRazorPage page, ViewContext context, Boolean invokeViewStarts)
   at Microsoft.AspNetCore.Mvc.Razor.RazorView.RenderAsync(ViewContext context)
   at Microsoft.AspNetCore.Mvc.TagHelpers.PartialTagHelper.RenderPartialViewAsync(TextWriter writer, Object model, IView view)
   at Microsoft.AspNetCore.Mvc.TagHelpers.PartialTagHelper.ProcessAsync(TagHelperContext context, TagHelperOutput output)
   at Microsoft.AspNetCore.Razor.Runtime.TagHelpers.TagHelperRunner.<RunAsync>g__Awaited|0_0(Task task, TagHelperExecutionContext executionContext, Int32 i, Int32 count)
   at AspNetCore.Views_Admin_EditPost.ExecuteAsync() in C:\Users\Laiman\Documents\Visual Studio 2019\Projects\NetNews\NetNews\Views\Admin\EditPost.cshtml:line 24
   at Microsoft.AspNetCore.Mvc.Razor.RazorView.RenderPageCoreAsync(IRazorPage page, ViewContext context)
   at Microsoft.AspNetCore.Mvc.Razor.RazorView.RenderPageAsync(IRazorPage page, ViewContext context, Boolean invokeViewStarts)
   at Microsoft.AspNetCore.Mvc.Razor.RazorView.RenderAsync(ViewContext context)
   at Microsoft.AspNetCore.Mvc.ViewFeatures.ViewExecutor.ExecuteAsync(ViewContext viewContext, String contentType, Nullable`1 statusCode)
   at Microsoft.AspNetCore.Mvc.ViewFeatures.ViewExecutor.ExecuteAsync(ViewContext viewContext, String contentType, Nullable`1 statusCode)
   at Microsoft.AspNetCore.Mvc.ViewFeatures.ViewExecutor.ExecuteAsync(ActionContext actionContext, IView view, ViewDataDictionary viewData, ITempDataDictionary tempData, String contentType, Nullable`1 statusCode)
   at Microsoft.AspNetCore.Mvc.ViewFeatures.ViewResultExecutor.ExecuteAsync(ActionContext context, ViewResult result)
   at Microsoft.AspNetCore.Mvc.ViewResult.ExecuteResultAsync(ActionContext context)
   at Microsoft.AspNetCore.Mvc.Infrastructure.ResourceInvoker.<InvokeNextResultFilterAsync>g__Awaited|29_0[TFilter,TFilterAsync](ResourceInvoker invoker, Task lastTask, State next, Scope scope, Object state, Boolean isCompleted)
   at Microsoft.AspNetCore.Mvc.Infrastructure.ResourceInvoker.Rethrow(ResultExecutedContextSealed context)
   at Microsoft.AspNetCore.Mvc.Infrastructure.ResourceInvoker.ResultNext[TFilter,TFilterAsync](State& next, Scope& scope, Object& state, Boolean& isCompleted)
   at Microsoft.AspNetCore.Mvc.Infrastructure.ResourceInvoker.InvokeResultFilters()
--- End of stack trace from previous location where exception was thrown ---
   at Microsoft.AspNetCore.Mvc.Infrastructure.ResourceInvoker.<InvokeNextResourceFilter>g__Awaited|24_0(ResourceInvoker invoker, Task lastTask, State next, Scope scope, Object state, Boolean isCompleted)
   at Microsoft.AspNetCore.Mvc.Infrastructure.ResourceInvoker.Rethrow(ResourceExecutedContextSealed context)
   at Microsoft.AspNetCore.Mvc.Infrastructure.ResourceInvoker.Next(State& next, Scope& scope, Object& state, Boolean& isCompleted)
   at Microsoft.AspNetCore.Mvc.Infrastructure.ResourceInvoker.<InvokeFilterPipelineAsync>g__Awaited|19_0(ResourceInvoker invoker, Task lastTask, State next, Scope scope, Object state, Boolean isCompleted)
   at Microsoft.AspNetCore.Mvc.Infrastructure.ResourceInvoker.<InvokeAsync>g__Awaited|17_0(ResourceInvoker invoker, Task task, IDisposable scope)
   at Microsoft.AspNetCore.Routing.EndpointMiddleware.<Invoke>g__AwaitRequestTask|6_0(Endpoint endpoint, Task requestTask, ILogger logger)
   at Microsoft.AspNetCore.Session.SessionMiddleware.Invoke(HttpContext context)
   at Microsoft.AspNetCore.Session.SessionMiddleware.Invoke(HttpContext context)
   at Microsoft.AspNetCore.Authorization.AuthorizationMiddleware.Invoke(HttpContext context)
   at Wangkanai.Detection.Hosting.ResponsiveMiddleware.InvokeAsync(HttpContext context, IResponsiveService responsive)
   at Microsoft.AspNetCore.Session.SessionMiddleware.Invoke(HttpContext context)
   at Microsoft.AspNetCore.Session.SessionMiddleware.Invoke(HttpContext context)
   at Microsoft.AspNetCore.Diagnostics.DeveloperExceptionPageMiddleware.Invoke(HttpContext context)
2020-08-29 03:41:26.1933||DEBUG|NetNews.Program|init main function 
2020-08-29 03:41:26.6905||INFO|Detection.Startup|Starting Detection version 3.0.0.0 
2020-08-29 03:44:34.8311||DEBUG|NetNews.Program|init main function 
2020-08-29 03:44:35.2866||INFO|Detection.Startup|Starting Detection version 3.0.0.0 
2020-08-29 03:44:37.4134|1|ERROR|Microsoft.AspNetCore.Diagnostics.DeveloperExceptionPageMiddleware|An unhandled exception has occurred while executing the request. Microsoft.CSharp.RuntimeBinder.RuntimeBinderException: The best overloaded method match for 'string.Contains(string)' has some invalid arguments
   at CallSite.Target(Closure , CallSite , String , Object )
   at System.Dynamic.UpdateDelegates.UpdateAndExecute2[T0,T1,TRet](CallSite site, T0 arg0, T1 arg1)
   at AspNetCore.Views_Shared_AccountLayout_Forms__EditPostForm.<ExecuteAsync>b__41_0() in C:\Users\Laiman\Documents\Visual Studio 2019\Projects\NetNews\NetNews\Views\Shared\AccountLayout\Forms\_EditPostForm.cshtml:line 101
   at Microsoft.AspNetCore.Razor.Runtime.TagHelpers.TagHelperExecutionContext.GetChildContentAsync(Boolean useCachedResult, HtmlEncoder encoder)
   at Microsoft.AspNetCore.Mvc.TagHelpers.RenderAtEndOfFormTagHelper.ProcessAsync(TagHelperContext context, TagHelperOutput output)
   at Microsoft.AspNetCore.Razor.Runtime.TagHelpers.TagHelperRunner.<RunAsync>g__Awaited|0_0(Task task, TagHelperExecutionContext executionContext, Int32 i, Int32 count)
   at AspNetCore.Views_Shared_AccountLayout_Forms__EditPostForm.ExecuteAsync()
   at Microsoft.AspNetCore.Mvc.Razor.RazorView.RenderPageCoreAsync(IRazorPage page, ViewContext context)
   at Microsoft.AspNetCore.Mvc.Razor.RazorView.RenderPageAsync(IRazorPage page, ViewContext context, Boolean invokeViewStarts)
   at Microsoft.AspNetCore.Mvc.Razor.RazorView.RenderAsync(ViewContext context)
   at Microsoft.AspNetCore.Mvc.TagHelpers.PartialTagHelper.RenderPartialViewAsync(TextWriter writer, Object model, IView view)
   at Microsoft.AspNetCore.Mvc.TagHelpers.PartialTagHelper.ProcessAsync(TagHelperContext context, TagHelperOutput output)
   at Microsoft.AspNetCore.Razor.Runtime.TagHelpers.TagHelperRunner.<RunAsync>g__Awaited|0_0(Task task, TagHelperExecutionContext executionContext, Int32 i, Int32 count)
   at AspNetCore.Views_Admin_EditPost.ExecuteAsync() in C:\Users\Laiman\Documents\Visual Studio 2019\Projects\NetNews\NetNews\Views\Admin\EditPost.cshtml:line 24
   at Microsoft.AspNetCore.Mvc.Razor.RazorView.RenderPageCoreAsync(IRazorPage page, ViewContext context)
   at Microsoft.AspNetCore.Mvc.Razor.RazorView.RenderPageAsync(IRazorPage page, ViewContext context, Boolean invokeViewStarts)
   at Microsoft.AspNetCore.Mvc.Razor.RazorView.RenderAsync(ViewContext context)
   at Microsoft.AspNetCore.Mvc.ViewFeatures.ViewExecutor.ExecuteAsync(ViewContext viewContext, String contentType, Nullable`1 statusCode)
   at Microsoft.AspNetCore.Mvc.ViewFeatures.ViewExecutor.ExecuteAsync(ViewContext viewContext, String contentType, Nullable`1 statusCode)
   at Microsoft.AspNetCore.Mvc.ViewFeatures.ViewExecutor.ExecuteAsync(ActionContext actionContext, IView view, ViewDataDictionary viewData, ITempDataDictionary tempData, String contentType, Nullable`1 statusCode)
   at Microsoft.AspNetCore.Mvc.ViewFeatures.ViewResultExecutor.ExecuteAsync(ActionContext context, ViewResult result)
   at Microsoft.AspNetCore.Mvc.ViewResult.ExecuteResultAsync(ActionContext context)
   at Microsoft.AspNetCore.Mvc.Infrastructure.ResourceInvoker.<InvokeNextResultFilterAsync>g__Awaited|29_0[TFilter,TFilterAsync](ResourceInvoker invoker, Task lastTask, State next, Scope scope, Object state, Boolean isCompleted)
   at Microsoft.AspNetCore.Mvc.Infrastructure.ResourceInvoker.Rethrow(ResultExecutedContextSealed context)
   at Microsoft.AspNetCore.Mvc.Infrastructure.ResourceInvoker.ResultNext[TFilter,TFilterAsync](State& next, Scope& scope, Object& state, Boolean& isCompleted)
   at Microsoft.AspNetCore.Mvc.Infrastructure.ResourceInvoker.InvokeResultFilters()
--- End of stack trace from previous location where exception was thrown ---
   at Microsoft.AspNetCore.Mvc.Infrastructure.ResourceInvoker.<InvokeNextResourceFilter>g__Awaited|24_0(ResourceInvoker invoker, Task lastTask, State next, Scope scope, Object state, Boolean isCompleted)
   at Microsoft.AspNetCore.Mvc.Infrastructure.ResourceInvoker.Rethrow(ResourceExecutedContextSealed context)
   at Microsoft.AspNetCore.Mvc.Infrastructure.ResourceInvoker.Next(State& next, Scope& scope, Object& state, Boolean& isCompleted)
   at Microsoft.AspNetCore.Mvc.Infrastructure.ResourceInvoker.<InvokeFilterPipelineAsync>g__Awaited|19_0(ResourceInvoker invoker, Task lastTask, State next, Scope scope, Object state, Boolean isCompleted)
   at Microsoft.AspNetCore.Mvc.Infrastructure.ResourceInvoker.<InvokeAsync>g__Awaited|17_0(ResourceInvoker invoker, Task task, IDisposable scope)
   at Microsoft.AspNetCore.Routing.EndpointMiddleware.<Invoke>g__AwaitRequestTask|6_0(Endpoint endpoint, Task requestTask, ILogger logger)
   at Microsoft.AspNetCore.Session.SessionMiddleware.Invoke(HttpContext context)
   at Microsoft.AspNetCore.Session.SessionMiddleware.Invoke(HttpContext context)
   at Microsoft.AspNetCore.Authorization.AuthorizationMiddleware.Invoke(HttpContext context)
   at Wangkanai.Detection.Hosting.ResponsiveMiddleware.InvokeAsync(HttpContext context, IResponsiveService responsive)
   at Microsoft.AspNetCore.Session.SessionMiddleware.Invoke(HttpContext context)
   at Microsoft.AspNetCore.Session.SessionMiddleware.Invoke(HttpContext context)
   at Microsoft.AspNetCore.Diagnostics.DeveloperExceptionPageMiddleware.Invoke(HttpContext context)
2020-08-29 03:45:15.2028||DEBUG|NetNews.Program|init main function 
2020-08-29 03:45:15.6973||INFO|Detection.Startup|Starting Detection version 3.0.0.0 
2020-08-29 03:49:04.7138||DEBUG|NetNews.Program|init main function 
2020-08-29 03:49:05.2439||INFO|Detection.Startup|Starting Detection version 3.0.0.0 
2020-08-29 03:50:23.0644||DEBUG|NetNews.Program|init main function 
2020-08-29 03:50:23.6121||INFO|Detection.Startup|Starting Detection version 3.0.0.0 
2020-08-29 03:51:20.4518||DEBUG|NetNews.Program|init main function 
2020-08-29 03:51:20.9068||INFO|Detection.Startup|Starting Detection version 3.0.0.0 
2020-08-29 04:17:46.0125||DEBUG|NetNews.Program|init main function 
2020-08-29 04:17:47.0190||INFO|Detection.Startup|Starting Detection version 3.0.0.0 
2020-08-29 04:25:07.1070||DEBUG|NetNews.Program|init main function 
2020-08-29 04:25:08.2405||INFO|Detection.Startup|Starting Detection version 3.0.0.0 
2020-08-29 04:32:52.7467||DEBUG|NetNews.Program|init main function 
2020-08-29 04:32:53.0505||INFO|Detection.Startup|Starting Detection version 3.0.0.0 
2020-08-29 04:38:54.8080||DEBUG|NetNews.Program|init main function 
2020-08-29 04:38:55.8742||INFO|Detection.Startup|Starting Detection version 3.0.0.0 
2020-08-29 04:45:09.6949||DEBUG|NetNews.Program|init main function 
2020-08-29 04:45:10.7542||INFO|Detection.Startup|Starting Detection version 3.0.0.0 
2020-08-29 04:49:59.9866||DEBUG|NetNews.Program|init main function 
2020-08-29 04:50:01.1494||INFO|Detection.Startup|Starting Detection version 3.0.0.0 
2020-08-29 04:55:02.0645||DEBUG|NetNews.Program|init main function 
2020-08-29 04:55:03.1523||INFO|Detection.Startup|Starting Detection version 3.0.0.0 
2020-08-29 04:58:07.6304||DEBUG|NetNews.Program|init main function 
2020-08-29 04:58:07.9361||INFO|Detection.Startup|Starting Detection version 3.0.0.0 
2020-08-29 05:00:30.0175||DEBUG|NetNews.Program|init main function 
2020-08-29 05:00:31.1918||INFO|Detection.Startup|Starting Detection version 3.0.0.0 
2020-08-29 05:01:33.7204||INFO|NetNews.Controllers.AdminController|Create Post Error: System.InvalidOperationException: The instance of entity type 'PostsModel' cannot be tracked because another instance with the same key value for {'ID'} is already being tracked. When attaching existing entities, ensure that only one entity instance with a given key value is attached. Consider using 'DbContextOptionsBuilder.EnableSensitiveDataLogging' to see the conflicting key values.
   at Microsoft.EntityFrameworkCore.ChangeTracking.Internal.IdentityMap`1.ThrowIdentityConflict(InternalEntityEntry entry)
   at Microsoft.EntityFrameworkCore.ChangeTracking.Internal.IdentityMap`1.Add(TKey key, InternalEntityEntry entry, Boolean updateDuplicate)
   at Microsoft.EntityFrameworkCore.ChangeTracking.Internal.IdentityMap`1.Add(TKey key, InternalEntityEntry entry)
   at Microsoft.EntityFrameworkCore.ChangeTracking.Internal.IdentityMap`1.Add(InternalEntityEntry entry)
   at Microsoft.EntityFrameworkCore.ChangeTracking.Internal.StateManager.StartTracking(InternalEntityEntry entry)
   at Microsoft.EntityFrameworkCore.ChangeTracking.Internal.InternalEntityEntry.SetEntityState(EntityState oldState, EntityState newState, Boolean acceptChanges, Boolean modifyProperties)
   at Microsoft.EntityFrameworkCore.ChangeTracking.Internal.InternalEntityEntry.SetEntityState(EntityState entityState, Boolean acceptChanges, Boolean modifyProperties, Nullable`1 forceStateWhenUnknownKey)
   at Microsoft.EntityFrameworkCore.ChangeTracking.Internal.EntityGraphAttacher.PaintAction(EntityEntryGraphNode`1 node)
   at Microsoft.EntityFrameworkCore.ChangeTracking.Internal.EntityEntryGraphIterator.TraverseGraph[TState](EntityEntryGraphNode`1 node, Func`2 handleNode)
   at Microsoft.EntityFrameworkCore.ChangeTracking.Internal.EntityGraphAttacher.AttachGraph(InternalEntityEntry rootEntry, EntityState targetState, EntityState storeGeneratedWithKeySetTargetState, Boolean forceStateWhenUnknownKey)
   at Microsoft.EntityFrameworkCore.DbContext.SetEntityState(InternalEntityEntry entry, EntityState entityState)
   at Microsoft.EntityFrameworkCore.DbContext.SetEntityState[TEntity](TEntity entity, EntityState entityState)
   at Microsoft.EntityFrameworkCore.DbContext.Update[TEntity](TEntity entity)
   at NetNews.Controllers.AdminController.EditPost(PostsModel postsModel, List`1 filesData) in C:\Users\Laiman\Documents\Visual Studio 2019\Projects\NetNews\NetNews\Controllers\AdminController.cs:line 339 
2020-08-29 05:05:44.4237||DEBUG|NetNews.Program|init main function 
2020-08-29 05:05:45.4645||INFO|Detection.Startup|Starting Detection version 3.0.0.0 
2020-08-29 06:53:05.2356||DEBUG|NetNews.Program|init main function 
2020-08-29 06:53:09.3279||INFO|Detection.Startup|Starting Detection version 3.0.0.0 
2020-08-29 08:02:04.3849||DEBUG|NetNews.Program|init main function 
2020-08-29 08:02:05.4810||INFO|Detection.Startup|Starting Detection version 3.0.0.0 
2020-08-29 08:29:39.1595||DEBUG|NetNews.Program|init main function 
2020-08-29 08:29:40.3986||INFO|Detection.Startup|Starting Detection version 3.0.0.0 
2020-08-29 08:53:03.8705||DEBUG|NetNews.Program|init main function 
2020-08-29 08:53:05.6285||INFO|Detection.Startup|Starting Detection version 3.0.0.0 
