2020-09-03 00:17:41.4106||DEBUG|NetNews.Program|init main function 
2020-09-03 00:17:42.5884||INFO|Detection.Startup|Starting Detection version 3.0.0.0 
2020-09-03 00:33:06.7170||DEBUG|NetNews.Program|init main function 
2020-09-03 00:33:07.1015||INFO|Detection.Startup|Starting Detection version 3.0.0.0 
2020-09-03 00:33:58.8957|1|ERROR|Microsoft.AspNetCore.Diagnostics.DeveloperExceptionPageMiddleware|An unhandled exception has occurred while executing the request. System.InvalidOperationException: Cannot determine the 'href' attribute for <a>. The following attributes are mutually exclusive:
asp-route
asp-controller, asp-action
asp-page, asp-page-handler
   at Microsoft.AspNetCore.Mvc.TagHelpers.AnchorTagHelper.Process(TagHelperContext context, TagHelperOutput output)
   at Microsoft.AspNetCore.Razor.TagHelpers.TagHelper.ProcessAsync(TagHelperContext context, TagHelperOutput output)
   at Microsoft.AspNetCore.Razor.Runtime.TagHelpers.TagHelperRunner.RunAsync(TagHelperExecutionContext executionContext)
   at AspNetCore.Views_Shared_AccountLayout_Tables__PostReviewsHistoryTable.ExecuteAsync() in C:\Users\Laiman\Documents\Visual Studio 2019\Projects\NetNews\NetNews\Views\Shared\AccountLayout\Tables\_PostReviewsHistoryTable.cshtml:line 56
   at Microsoft.AspNetCore.Mvc.Razor.RazorView.RenderPageCoreAsync(IRazorPage page, ViewContext context)
   at Microsoft.AspNetCore.Mvc.Razor.RazorView.RenderPageAsync(IRazorPage page, ViewContext context, Boolean invokeViewStarts)
   at Microsoft.AspNetCore.Mvc.Razor.RazorView.RenderAsync(ViewContext context)
   at Microsoft.AspNetCore.Mvc.TagHelpers.PartialTagHelper.RenderPartialViewAsync(TextWriter writer, Object model, IView view)
   at Microsoft.AspNetCore.Mvc.TagHelpers.PartialTagHelper.ProcessAsync(TagHelperContext context, TagHelperOutput output)
   at Microsoft.AspNetCore.Razor.Runtime.TagHelpers.TagHelperRunner.<RunAsync>g__Awaited|0_0(Task task, TagHelperExecutionContext executionContext, Int32 i, Int32 count)
   at AspNetCore.Views_Admin_ReviewHistory.ExecuteAsync() in C:\Users\Laiman\Documents\Visual Studio 2019\Projects\NetNews\NetNews\Views\Admin\ReviewHistory.cshtml:line 21
   at Microsoft.AspNetCore.Mvc.Razor.RazorView.RenderPageCoreAsync(IRazorPage page, ViewContext context)
   at Microsoft.AspNetCore.Mvc.Razor.RazorView.RenderPageAsync(IRazorPage page, ViewContext context, Boolean invokeViewStarts)
   at Microsoft.AspNetCore.Mvc.Razor.RazorView.RenderAsync(ViewContext context)
   at Microsoft.AspNetCore.Mvc.ViewFeatures.ViewExecutor.ExecuteAsync(ViewContext viewContext, String contentType, Nullable`1 statusCode)
   at Microsoft.AspNetCore.Mvc.ViewFeatures.ViewExecutor.ExecuteAsync(ViewContext viewContext, String contentType, Nullable`1 statusCode)
   at Microsoft.AspNetCore.Mvc.ViewFeatures.ViewExecutor.ExecuteAsync(ActionContext actionContext, IView view, ViewDataDictionary viewData, ITempDataDictionary tempData, String contentType, Nullable`1 statusCode)
   at Microsoft.AspNetCore.Mvc.ViewFeatures.ViewResultExecutor.ExecuteAsync(ActionContext context, ViewResult result)
   at Microsoft.AspNetCore.Mvc.ViewResult.ExecuteResultAsync(ActionContext context)
   at Microsoft.AspNetCore.Mvc.Infrastructure.ResourceInvoker.<InvokeNextResultFilterAsync>g__Awaited|29_0[TFilter,TFilterAsync](ResourceInvoker invoker, Task lastTask, State next, Scope scope, Object state, Boolean isCompleted)
   at Microsoft.AspNetCore.Mvc.Infrastructure.ResourceInvoker.Rethrow(ResultExecutedContextSealed context)
   at Microsoft.AspNetCore.Mvc.Infrastructure.ResourceInvoker.ResultNext[TFilter,TFilterAsync](State& next, Scope& scope, Object& state, Boolean& isCompleted)
   at Microsoft.AspNetCore.Mvc.Infrastructure.ResourceInvoker.InvokeResultFilters()
--- End of stack trace from previous location where exception was thrown ---
   at Microsoft.AspNetCore.Mvc.Infrastructure.ResourceInvoker.<InvokeNextResourceFilter>g__Awaited|24_0(ResourceInvoker invoker, Task lastTask, State next, Scope scope, Object state, Boolean isCompleted)
   at Microsoft.AspNetCore.Mvc.Infrastructure.ResourceInvoker.Rethrow(ResourceExecutedContextSealed context)
   at Microsoft.AspNetCore.Mvc.Infrastructure.ResourceInvoker.Next(State& next, Scope& scope, Object& state, Boolean& isCompleted)
   at Microsoft.AspNetCore.Mvc.Infrastructure.ResourceInvoker.InvokeFilterPipelineAsync()
--- End of stack trace from previous location where exception was thrown ---
   at Microsoft.AspNetCore.Mvc.Infrastructure.ResourceInvoker.<InvokeAsync>g__Awaited|17_0(ResourceInvoker invoker, Task task, IDisposable scope)
   at Microsoft.AspNetCore.Routing.EndpointMiddleware.<Invoke>g__AwaitRequestTask|6_0(Endpoint endpoint, Task requestTask, ILogger logger)
   at Microsoft.AspNetCore.Session.SessionMiddleware.Invoke(HttpContext context)
   at Microsoft.AspNetCore.Session.SessionMiddleware.Invoke(HttpContext context)
   at Microsoft.AspNetCore.Authorization.AuthorizationMiddleware.Invoke(HttpContext context)
   at Wangkanai.Detection.Hosting.ResponsiveMiddleware.InvokeAsync(HttpContext context, IResponsiveService responsive)
   at Microsoft.AspNetCore.Session.SessionMiddleware.Invoke(HttpContext context)
   at Microsoft.AspNetCore.Session.SessionMiddleware.Invoke(HttpContext context)
   at Microsoft.AspNetCore.Diagnostics.DeveloperExceptionPageMiddleware.Invoke(HttpContext context)
2020-09-03 00:34:49.1952||DEBUG|NetNews.Program|init main function 
2020-09-03 00:34:49.6054||INFO|Detection.Startup|Starting Detection version 3.0.0.0 
2020-09-03 00:35:30.4090|1|ERROR|Microsoft.AspNetCore.Diagnostics.DeveloperExceptionPageMiddleware|An unhandled exception has occurred while executing the request. System.InvalidOperationException: Cannot determine the 'href' attribute for <a>. The following attributes are mutually exclusive:
asp-route
asp-controller, asp-action
asp-page, asp-page-handler
   at Microsoft.AspNetCore.Mvc.TagHelpers.AnchorTagHelper.Process(TagHelperContext context, TagHelperOutput output)
   at Microsoft.AspNetCore.Razor.TagHelpers.TagHelper.ProcessAsync(TagHelperContext context, TagHelperOutput output)
   at Microsoft.AspNetCore.Razor.Runtime.TagHelpers.TagHelperRunner.RunAsync(TagHelperExecutionContext executionContext)
   at AspNetCore.Views_Shared_AccountLayout_Tables__PostReviewsHistoryTable.ExecuteAsync() in C:\Users\Laiman\Documents\Visual Studio 2019\Projects\NetNews\NetNews\Views\Shared\AccountLayout\Tables\_PostReviewsHistoryTable.cshtml:line 53
   at Microsoft.AspNetCore.Mvc.Razor.RazorView.RenderPageCoreAsync(IRazorPage page, ViewContext context)
   at Microsoft.AspNetCore.Mvc.Razor.RazorView.RenderPageAsync(IRazorPage page, ViewContext context, Boolean invokeViewStarts)
   at Microsoft.AspNetCore.Mvc.Razor.RazorView.RenderAsync(ViewContext context)
   at Microsoft.AspNetCore.Mvc.TagHelpers.PartialTagHelper.RenderPartialViewAsync(TextWriter writer, Object model, IView view)
   at Microsoft.AspNetCore.Mvc.TagHelpers.PartialTagHelper.ProcessAsync(TagHelperContext context, TagHelperOutput output)
   at Microsoft.AspNetCore.Razor.Runtime.TagHelpers.TagHelperRunner.<RunAsync>g__Awaited|0_0(Task task, TagHelperExecutionContext executionContext, Int32 i, Int32 count)
   at AspNetCore.Views_Admin_ReviewHistory.ExecuteAsync() in C:\Users\Laiman\Documents\Visual Studio 2019\Projects\NetNews\NetNews\Views\Admin\ReviewHistory.cshtml:line 21
   at Microsoft.AspNetCore.Mvc.Razor.RazorView.RenderPageCoreAsync(IRazorPage page, ViewContext context)
   at Microsoft.AspNetCore.Mvc.Razor.RazorView.RenderPageAsync(IRazorPage page, ViewContext context, Boolean invokeViewStarts)
   at Microsoft.AspNetCore.Mvc.Razor.RazorView.RenderAsync(ViewContext context)
   at Microsoft.AspNetCore.Mvc.ViewFeatures.ViewExecutor.ExecuteAsync(ViewContext viewContext, String contentType, Nullable`1 statusCode)
   at Microsoft.AspNetCore.Mvc.ViewFeatures.ViewExecutor.ExecuteAsync(ViewContext viewContext, String contentType, Nullable`1 statusCode)
   at Microsoft.AspNetCore.Mvc.ViewFeatures.ViewExecutor.ExecuteAsync(ActionContext actionContext, IView view, ViewDataDictionary viewData, ITempDataDictionary tempData, String contentType, Nullable`1 statusCode)
   at Microsoft.AspNetCore.Mvc.ViewFeatures.ViewResultExecutor.ExecuteAsync(ActionContext context, ViewResult result)
   at Microsoft.AspNetCore.Mvc.ViewResult.ExecuteResultAsync(ActionContext context)
   at Microsoft.AspNetCore.Mvc.Infrastructure.ResourceInvoker.<InvokeNextResultFilterAsync>g__Awaited|29_0[TFilter,TFilterAsync](ResourceInvoker invoker, Task lastTask, State next, Scope scope, Object state, Boolean isCompleted)
   at Microsoft.AspNetCore.Mvc.Infrastructure.ResourceInvoker.Rethrow(ResultExecutedContextSealed context)
   at Microsoft.AspNetCore.Mvc.Infrastructure.ResourceInvoker.ResultNext[TFilter,TFilterAsync](State& next, Scope& scope, Object& state, Boolean& isCompleted)
   at Microsoft.AspNetCore.Mvc.Infrastructure.ResourceInvoker.InvokeResultFilters()
--- End of stack trace from previous location where exception was thrown ---
   at Microsoft.AspNetCore.Mvc.Infrastructure.ResourceInvoker.<InvokeNextResourceFilter>g__Awaited|24_0(ResourceInvoker invoker, Task lastTask, State next, Scope scope, Object state, Boolean isCompleted)
   at Microsoft.AspNetCore.Mvc.Infrastructure.ResourceInvoker.Rethrow(ResourceExecutedContextSealed context)
   at Microsoft.AspNetCore.Mvc.Infrastructure.ResourceInvoker.Next(State& next, Scope& scope, Object& state, Boolean& isCompleted)
   at Microsoft.AspNetCore.Mvc.Infrastructure.ResourceInvoker.InvokeFilterPipelineAsync()
--- End of stack trace from previous location where exception was thrown ---
   at Microsoft.AspNetCore.Mvc.Infrastructure.ResourceInvoker.<InvokeAsync>g__Awaited|17_0(ResourceInvoker invoker, Task task, IDisposable scope)
   at Microsoft.AspNetCore.Routing.EndpointMiddleware.<Invoke>g__AwaitRequestTask|6_0(Endpoint endpoint, Task requestTask, ILogger logger)
   at Microsoft.AspNetCore.Session.SessionMiddleware.Invoke(HttpContext context)
   at Microsoft.AspNetCore.Session.SessionMiddleware.Invoke(HttpContext context)
   at Microsoft.AspNetCore.Authorization.AuthorizationMiddleware.Invoke(HttpContext context)
   at Wangkanai.Detection.Hosting.ResponsiveMiddleware.InvokeAsync(HttpContext context, IResponsiveService responsive)
   at Microsoft.AspNetCore.Session.SessionMiddleware.Invoke(HttpContext context)
   at Microsoft.AspNetCore.Session.SessionMiddleware.Invoke(HttpContext context)
   at Microsoft.AspNetCore.Diagnostics.DeveloperExceptionPageMiddleware.Invoke(HttpContext context)
2020-09-03 00:36:18.0853||DEBUG|NetNews.Program|init main function 
2020-09-03 00:36:19.3193||INFO|Detection.Startup|Starting Detection version 3.0.0.0 
2020-09-03 00:41:58.0433||DEBUG|NetNews.Program|init main function 
2020-09-03 00:41:59.3910||INFO|Detection.Startup|Starting Detection version 3.0.0.0 
2020-09-03 00:47:26.7522||DEBUG|NetNews.Program|init main function 
2020-09-03 00:47:27.8368||INFO|Detection.Startup|Starting Detection version 3.0.0.0 
2020-09-03 01:01:02.9924||DEBUG|NetNews.Program|init main function 
2020-09-03 01:01:04.0640||INFO|Detection.Startup|Starting Detection version 3.0.0.0 
2020-09-03 01:03:48.1835||DEBUG|NetNews.Program|init main function 
2020-09-03 01:03:49.3132||INFO|Detection.Startup|Starting Detection version 3.0.0.0 
2020-09-03 01:11:25.6359||DEBUG|NetNews.Program|init main function 
2020-09-03 01:11:26.7784||INFO|Detection.Startup|Starting Detection version 3.0.0.0 
2020-09-03 01:14:24.2496||DEBUG|NetNews.Program|init main function 
2020-09-03 01:14:25.2836||INFO|Detection.Startup|Starting Detection version 3.0.0.0 
2020-09-03 01:22:34.9281||DEBUG|NetNews.Program|init main function 
2020-09-03 01:22:36.1409||INFO|Detection.Startup|Starting Detection version 3.0.0.0 
2020-09-03 01:23:02.0230||DEBUG|NetNews.Program|init main function 
2020-09-03 01:23:02.9467||INFO|Detection.Startup|Starting Detection version 3.0.0.0 
2020-09-03 01:23:41.1299||DEBUG|NetNews.Program|init main function 
2020-09-03 01:23:42.3532||INFO|Detection.Startup|Starting Detection version 3.0.0.0 
2020-09-03 01:29:56.8514||DEBUG|NetNews.Program|init main function 
2020-09-03 01:29:58.0072||INFO|Detection.Startup|Starting Detection version 3.0.0.0 
2020-09-03 01:48:24.5593||DEBUG|NetNews.Program|init main function 
2020-09-03 01:48:25.6703||INFO|Detection.Startup|Starting Detection version 3.0.0.0 
2020-09-03 01:54:30.6172||DEBUG|NetNews.Program|init main function 
2020-09-03 01:54:32.3430||INFO|Detection.Startup|Starting Detection version 3.0.0.0 
2020-09-03 01:56:44.1457||DEBUG|NetNews.Program|init main function 
2020-09-03 01:56:45.5531||INFO|Detection.Startup|Starting Detection version 3.0.0.0 
2020-09-03 01:59:26.3001||DEBUG|NetNews.Program|init main function 
2020-09-03 01:59:28.1792||INFO|Detection.Startup|Starting Detection version 3.0.0.0 
2020-09-03 04:34:18.6874||DEBUG|NetNews.Program|init main function 
2020-09-03 04:34:20.4740||INFO|Detection.Startup|Starting Detection version 3.0.0.0 
2020-09-03 04:41:59.8351||DEBUG|NetNews.Program|init main function 
2020-09-03 04:42:01.1261||INFO|Detection.Startup|Starting Detection version 3.0.0.0 
2020-09-03 04:45:22.0866||DEBUG|NetNews.Program|init main function 
2020-09-03 04:45:47.6238||DEBUG|NetNews.Program|init main function 
2020-09-03 04:45:49.4633||INFO|Detection.Startup|Starting Detection version 3.0.0.0 
2020-09-03 04:47:25.4794||DEBUG|NetNews.Program|init main function 
2020-09-03 04:47:26.9925||INFO|Detection.Startup|Starting Detection version 3.0.0.0 
2020-09-03 04:48:26.4081||DEBUG|NetNews.Program|init main function 
2020-09-03 04:48:26.8875||INFO|Detection.Startup|Starting Detection version 3.0.0.0 
2020-09-03 04:52:12.1424||DEBUG|NetNews.Program|init main function 
2020-09-03 04:52:13.7453||INFO|Detection.Startup|Starting Detection version 3.0.0.0 
2020-09-03 04:54:29.2868||DEBUG|NetNews.Program|init main function 
2020-09-03 04:54:30.7062||INFO|Detection.Startup|Starting Detection version 3.0.0.0 
2020-09-03 04:55:39.0840||DEBUG|NetNews.Program|init main function 
2020-09-03 04:55:40.5295||INFO|Detection.Startup|Starting Detection version 3.0.0.0 
2020-09-03 05:57:47.5526||DEBUG|NetNews.Program|init main function 
2020-09-03 05:57:48.7350||INFO|Detection.Startup|Starting Detection version 3.0.0.0 
2020-09-03 06:02:07.3670||DEBUG|NetNews.Program|init main function 
2020-09-03 06:02:08.8374||INFO|Detection.Startup|Starting Detection version 3.0.0.0 
2020-09-03 06:24:32.4652||DEBUG|NetNews.Program|init main function 
2020-09-03 06:24:33.5249||INFO|Detection.Startup|Starting Detection version 3.0.0.0 
2020-09-03 06:25:47.7131||DEBUG|NetNews.Program|init main function 
2020-09-03 06:25:48.7573||INFO|Detection.Startup|Starting Detection version 3.0.0.0 
2020-09-03 06:27:44.1416||DEBUG|NetNews.Program|init main function 
2020-09-03 06:27:45.2007||INFO|Detection.Startup|Starting Detection version 3.0.0.0 
2020-09-03 08:28:46.0947||DEBUG|NetNews.Program|init main function 
2020-09-03 08:28:47.5046||INFO|Detection.Startup|Starting Detection version 3.0.0.0 
2020-09-03 08:37:10.6707||DEBUG|NetNews.Program|init main function 
2020-09-03 08:37:12.0160||INFO|Detection.Startup|Starting Detection version 3.0.0.0 
2020-09-03 08:51:24.0493||DEBUG|NetNews.Program|init main function 
2020-09-03 08:51:25.3595||INFO|Detection.Startup|Starting Detection version 3.0.0.0 
2020-09-03 08:56:05.5387||DEBUG|NetNews.Program|init main function 
2020-09-03 08:56:06.8301||INFO|Detection.Startup|Starting Detection version 3.0.0.0 
2020-09-03 09:02:09.9432||DEBUG|NetNews.Program|init main function 
2020-09-03 09:02:11.3478||INFO|Detection.Startup|Starting Detection version 3.0.0.0 
2020-09-03 09:28:38.3601||DEBUG|NetNews.Program|init main function 
2020-09-03 09:28:39.7450||INFO|Detection.Startup|Starting Detection version 3.0.0.0 
2020-09-03 09:29:01.9363|1|ERROR|Microsoft.AspNetCore.Diagnostics.DeveloperExceptionPageMiddleware|An unhandled exception has occurred while executing the request. System.ArgumentNullException: Value cannot be null. (Parameter 's')
   at System.Int32.Parse(String s)
   at AppHelpers.App_Code.AccountHelper.CheckUserAccess(String account_id, String role_name, String permission_name, String connection_string) in C:\Users\Laiman\Documents\Visual Studio 2019\Projects\NetNews\NetNews\App_Code\AppHelpers.cs:line 398
   at System.Dynamic.UpdateDelegates.UpdateAndExecute5[T0,T1,T2,T3,T4,TRet](CallSite site, T0 arg0, T1 arg1, T2 arg2, T3 arg3, T4 arg4)
   at AspNetCore.Views_Shared_AccountLayout__SettingTabs.ExecuteAsync() in C:\Users\Laiman\Documents\Visual Studio 2019\Projects\NetNews\NetNews\Views\Shared\AccountLayout\_SettingTabs.cshtml:line 209
   at Microsoft.AspNetCore.Mvc.Razor.RazorView.RenderPageCoreAsync(IRazorPage page, ViewContext context)
   at Microsoft.AspNetCore.Mvc.Razor.RazorView.RenderPageAsync(IRazorPage page, ViewContext context, Boolean invokeViewStarts)
   at Microsoft.AspNetCore.Mvc.Razor.RazorView.RenderAsync(ViewContext context)
   at Microsoft.AspNetCore.Mvc.TagHelpers.PartialTagHelper.RenderPartialViewAsync(TextWriter writer, Object model, IView view)
   at Microsoft.AspNetCore.Mvc.TagHelpers.PartialTagHelper.ProcessAsync(TagHelperContext context, TagHelperOutput output)
   at Microsoft.AspNetCore.Razor.Runtime.TagHelpers.TagHelperRunner.<RunAsync>g__Awaited|0_0(Task task, TagHelperExecutionContext executionContext, Int32 i, Int32 count)
   at AspNetCore.Views_Admin_Settings.ExecuteAsync() in C:\Users\Laiman\Documents\Visual Studio 2019\Projects\NetNews\NetNews\Views\Admin\Settings.cshtml:line 24
   at Microsoft.AspNetCore.Mvc.Razor.RazorView.RenderPageCoreAsync(IRazorPage page, ViewContext context)
   at Microsoft.AspNetCore.Mvc.Razor.RazorView.RenderPageAsync(IRazorPage page, ViewContext context, Boolean invokeViewStarts)
   at Microsoft.AspNetCore.Mvc.Razor.RazorView.RenderAsync(ViewContext context)
   at Microsoft.AspNetCore.Mvc.ViewFeatures.ViewExecutor.ExecuteAsync(ViewContext viewContext, String contentType, Nullable`1 statusCode)
   at Microsoft.AspNetCore.Mvc.ViewFeatures.ViewExecutor.ExecuteAsync(ViewContext viewContext, String contentType, Nullable`1 statusCode)
   at Microsoft.AspNetCore.Mvc.ViewFeatures.ViewExecutor.ExecuteAsync(ActionContext actionContext, IView view, ViewDataDictionary viewData, ITempDataDictionary tempData, String contentType, Nullable`1 statusCode)
   at Microsoft.AspNetCore.Mvc.ViewFeatures.ViewResultExecutor.ExecuteAsync(ActionContext context, ViewResult result)
   at Microsoft.AspNetCore.Mvc.ViewResult.ExecuteResultAsync(ActionContext context)
   at Microsoft.AspNetCore.Mvc.Infrastructure.ResourceInvoker.<InvokeNextResultFilterAsync>g__Awaited|29_0[TFilter,TFilterAsync](ResourceInvoker invoker, Task lastTask, State next, Scope scope, Object state, Boolean isCompleted)
   at Microsoft.AspNetCore.Mvc.Infrastructure.ResourceInvoker.Rethrow(ResultExecutedContextSealed context)
   at Microsoft.AspNetCore.Mvc.Infrastructure.ResourceInvoker.ResultNext[TFilter,TFilterAsync](State& next, Scope& scope, Object& state, Boolean& isCompleted)
   at Microsoft.AspNetCore.Mvc.Infrastructure.ResourceInvoker.InvokeResultFilters()
--- End of stack trace from previous location where exception was thrown ---
   at Microsoft.AspNetCore.Mvc.Infrastructure.ResourceInvoker.<InvokeNextResourceFilter>g__Awaited|24_0(ResourceInvoker invoker, Task lastTask, State next, Scope scope, Object state, Boolean isCompleted)
   at Microsoft.AspNetCore.Mvc.Infrastructure.ResourceInvoker.Rethrow(ResourceExecutedContextSealed context)
   at Microsoft.AspNetCore.Mvc.Infrastructure.ResourceInvoker.Next(State& next, Scope& scope, Object& state, Boolean& isCompleted)
   at Microsoft.AspNetCore.Mvc.Infrastructure.ResourceInvoker.InvokeFilterPipelineAsync()
--- End of stack trace from previous location where exception was thrown ---
   at Microsoft.AspNetCore.Mvc.Infrastructure.ResourceInvoker.<InvokeAsync>g__Awaited|17_0(ResourceInvoker invoker, Task task, IDisposable scope)
   at Microsoft.AspNetCore.Routing.EndpointMiddleware.<Invoke>g__AwaitRequestTask|6_0(Endpoint endpoint, Task requestTask, ILogger logger)
   at Microsoft.AspNetCore.Session.SessionMiddleware.Invoke(HttpContext context)
   at Microsoft.AspNetCore.Session.SessionMiddleware.Invoke(HttpContext context)
   at Microsoft.AspNetCore.Authorization.AuthorizationMiddleware.Invoke(HttpContext context)
   at Wangkanai.Detection.Hosting.ResponsiveMiddleware.InvokeAsync(HttpContext context, IResponsiveService responsive)
   at Microsoft.AspNetCore.Session.SessionMiddleware.Invoke(HttpContext context)
   at Microsoft.AspNetCore.Session.SessionMiddleware.Invoke(HttpContext context)
   at Microsoft.AspNetCore.Diagnostics.DeveloperExceptionPageMiddleware.Invoke(HttpContext context)
2020-09-03 09:31:02.3378||DEBUG|NetNews.Program|init main function 
2020-09-03 09:31:03.7720||INFO|Detection.Startup|Starting Detection version 3.0.0.0 
2020-09-03 09:35:02.0185||DEBUG|NetNews.Program|init main function 
2020-09-03 09:35:03.6419||INFO|Detection.Startup|Starting Detection version 3.0.0.0 
2020-09-03 09:45:05.6469||DEBUG|NetNews.Program|init main function 
2020-09-03 09:45:06.8756||INFO|Detection.Startup|Starting Detection version 3.0.0.0 
2020-09-03 09:46:00.4087||DEBUG|NetNews.Program|init main function 
2020-09-03 09:46:01.7219||INFO|Detection.Startup|Starting Detection version 3.0.0.0 
2020-09-03 09:46:39.5384||DEBUG|NetNews.Program|init main function 
2020-09-03 09:46:40.6878||INFO|Detection.Startup|Starting Detection version 3.0.0.0 
2020-09-03 09:47:27.6417||DEBUG|NetNews.Program|init main function 
2020-09-03 09:47:28.8116||INFO|Detection.Startup|Starting Detection version 3.0.0.0 
2020-09-03 09:48:06.3179||DEBUG|NetNews.Program|init main function 
2020-09-03 09:48:07.2680||INFO|Detection.Startup|Starting Detection version 3.0.0.0 
2020-09-03 09:49:05.7242||DEBUG|NetNews.Program|init main function 
2020-09-03 09:49:06.7093||INFO|Detection.Startup|Starting Detection version 3.0.0.0 
2020-09-03 09:51:11.8281||DEBUG|NetNews.Program|init main function 
2020-09-03 09:51:13.0917||INFO|Detection.Startup|Starting Detection version 3.0.0.0 
2020-09-03 09:57:35.5704||DEBUG|NetNews.Program|init main function 
2020-09-03 09:57:37.2050||INFO|Detection.Startup|Starting Detection version 3.0.0.0 
2020-09-03 09:58:35.3892||DEBUG|NetNews.Program|init main function 
2020-09-03 09:58:36.5779||INFO|Detection.Startup|Starting Detection version 3.0.0.0 
2020-09-03 10:00:24.5318|1|ERROR|Microsoft.AspNetCore.Diagnostics.DeveloperExceptionPageMiddleware|An unhandled exception has occurred while executing the request. System.NullReferenceException: Object reference not set to an instance of an object.
   at AppHelpers.App_Code.AccountHelper.CheckUserAccess(String account_id, String role_name, String permission_name, String connection_string)
   at System.Dynamic.UpdateDelegates.UpdateAndExecute5[T0,T1,T2,T3,T4,TRet](CallSite site, T0 arg0, T1 arg1, T2 arg2, T3 arg3, T4 arg4)
   at AspNetCore.Views_Shared_AccountLayout__SettingTabs.ExecuteAsync() in C:\Users\Laiman\Documents\Visual Studio 2019\Projects\NetNews\NetNews\Views\Shared\AccountLayout\_SettingTabs.cshtml:line 298
   at Microsoft.AspNetCore.Mvc.Razor.RazorView.RenderPageCoreAsync(IRazorPage page, ViewContext context)
   at Microsoft.AspNetCore.Mvc.Razor.RazorView.RenderPageAsync(IRazorPage page, ViewContext context, Boolean invokeViewStarts)
   at Microsoft.AspNetCore.Mvc.Razor.RazorView.RenderAsync(ViewContext context)
   at Microsoft.AspNetCore.Mvc.TagHelpers.PartialTagHelper.RenderPartialViewAsync(TextWriter writer, Object model, IView view)
   at Microsoft.AspNetCore.Mvc.TagHelpers.PartialTagHelper.ProcessAsync(TagHelperContext context, TagHelperOutput output)
   at Microsoft.AspNetCore.Razor.Runtime.TagHelpers.TagHelperRunner.<RunAsync>g__Awaited|0_0(Task task, TagHelperExecutionContext executionContext, Int32 i, Int32 count)
   at AspNetCore.Views_Admin_Settings.ExecuteAsync() in C:\Users\Laiman\Documents\Visual Studio 2019\Projects\NetNews\NetNews\Views\Admin\Settings.cshtml:line 24
   at Microsoft.AspNetCore.Mvc.Razor.RazorView.RenderPageCoreAsync(IRazorPage page, ViewContext context)
   at Microsoft.AspNetCore.Mvc.Razor.RazorView.RenderPageAsync(IRazorPage page, ViewContext context, Boolean invokeViewStarts)
   at Microsoft.AspNetCore.Mvc.Razor.RazorView.RenderAsync(ViewContext context)
   at Microsoft.AspNetCore.Mvc.ViewFeatures.ViewExecutor.ExecuteAsync(ViewContext viewContext, String contentType, Nullable`1 statusCode)
   at Microsoft.AspNetCore.Mvc.ViewFeatures.ViewExecutor.ExecuteAsync(ViewContext viewContext, String contentType, Nullable`1 statusCode)
   at Microsoft.AspNetCore.Mvc.ViewFeatures.ViewExecutor.ExecuteAsync(ActionContext actionContext, IView view, ViewDataDictionary viewData, ITempDataDictionary tempData, String contentType, Nullable`1 statusCode)
   at Microsoft.AspNetCore.Mvc.ViewFeatures.ViewResultExecutor.ExecuteAsync(ActionContext context, ViewResult result)
   at Microsoft.AspNetCore.Mvc.ViewResult.ExecuteResultAsync(ActionContext context)
   at Microsoft.AspNetCore.Mvc.Infrastructure.ResourceInvoker.<InvokeNextResultFilterAsync>g__Awaited|29_0[TFilter,TFilterAsync](ResourceInvoker invoker, Task lastTask, State next, Scope scope, Object state, Boolean isCompleted)
   at Microsoft.AspNetCore.Mvc.Infrastructure.ResourceInvoker.Rethrow(ResultExecutedContextSealed context)
   at Microsoft.AspNetCore.Mvc.Infrastructure.ResourceInvoker.ResultNext[TFilter,TFilterAsync](State& next, Scope& scope, Object& state, Boolean& isCompleted)
   at Microsoft.AspNetCore.Mvc.Infrastructure.ResourceInvoker.InvokeResultFilters()
--- End of stack trace from previous location where exception was thrown ---
   at Microsoft.AspNetCore.Mvc.Infrastructure.ResourceInvoker.<InvokeNextResourceFilter>g__Awaited|24_0(ResourceInvoker invoker, Task lastTask, State next, Scope scope, Object state, Boolean isCompleted)
   at Microsoft.AspNetCore.Mvc.Infrastructure.ResourceInvoker.Rethrow(ResourceExecutedContextSealed context)
   at Microsoft.AspNetCore.Mvc.Infrastructure.ResourceInvoker.Next(State& next, Scope& scope, Object& state, Boolean& isCompleted)
   at Microsoft.AspNetCore.Mvc.Infrastructure.ResourceInvoker.InvokeFilterPipelineAsync()
--- End of stack trace from previous location where exception was thrown ---
   at Microsoft.AspNetCore.Mvc.Infrastructure.ResourceInvoker.<InvokeAsync>g__Awaited|17_0(ResourceInvoker invoker, Task task, IDisposable scope)
   at Microsoft.AspNetCore.Routing.EndpointMiddleware.<Invoke>g__AwaitRequestTask|6_0(Endpoint endpoint, Task requestTask, ILogger logger)
   at Microsoft.AspNetCore.Session.SessionMiddleware.Invoke(HttpContext context)
   at Microsoft.AspNetCore.Session.SessionMiddleware.Invoke(HttpContext context)
   at Microsoft.AspNetCore.Authorization.AuthorizationMiddleware.Invoke(HttpContext context)
   at Wangkanai.Detection.Hosting.ResponsiveMiddleware.InvokeAsync(HttpContext context, IResponsiveService responsive)
   at Microsoft.AspNetCore.Session.SessionMiddleware.Invoke(HttpContext context)
   at Microsoft.AspNetCore.Session.SessionMiddleware.Invoke(HttpContext context)
   at Microsoft.AspNetCore.Diagnostics.DeveloperExceptionPageMiddleware.Invoke(HttpContext context)
2020-09-03 10:01:35.6495||DEBUG|NetNews.Program|init main function 
2020-09-03 10:01:36.9026||INFO|Detection.Startup|Starting Detection version 3.0.0.0 
2020-09-03 10:04:29.6124|1|ERROR|Microsoft.AspNetCore.Diagnostics.DeveloperExceptionPageMiddleware|An unhandled exception has occurred while executing the request. System.NullReferenceException: Object reference not set to an instance of an object.
   at AppHelpers.App_Code.AccountHelper.CheckUserAccess(String account_id, String role_name, String permission_name, String connection_string) in C:\Users\Laiman\Documents\Visual Studio 2019\Projects\NetNews\NetNews\App_Code\AppHelpers.cs:line 407
   at System.Dynamic.UpdateDelegates.UpdateAndExecute5[T0,T1,T2,T3,T4,TRet](CallSite site, T0 arg0, T1 arg1, T2 arg2, T3 arg3, T4 arg4)
   at AspNetCore.Views_Shared_AccountLayout__SettingTabs.ExecuteAsync() in C:\Users\Laiman\Documents\Visual Studio 2019\Projects\NetNews\NetNews\Views\Shared\AccountLayout\_SettingTabs.cshtml:line 298
   at Microsoft.AspNetCore.Mvc.Razor.RazorView.RenderPageCoreAsync(IRazorPage page, ViewContext context)
   at Microsoft.AspNetCore.Mvc.Razor.RazorView.RenderPageAsync(IRazorPage page, ViewContext context, Boolean invokeViewStarts)
   at Microsoft.AspNetCore.Mvc.Razor.RazorView.RenderAsync(ViewContext context)
   at Microsoft.AspNetCore.Mvc.TagHelpers.PartialTagHelper.RenderPartialViewAsync(TextWriter writer, Object model, IView view)
   at Microsoft.AspNetCore.Mvc.TagHelpers.PartialTagHelper.ProcessAsync(TagHelperContext context, TagHelperOutput output)
   at Microsoft.AspNetCore.Razor.Runtime.TagHelpers.TagHelperRunner.<RunAsync>g__Awaited|0_0(Task task, TagHelperExecutionContext executionContext, Int32 i, Int32 count)
   at AspNetCore.Views_Admin_Settings.ExecuteAsync() in C:\Users\Laiman\Documents\Visual Studio 2019\Projects\NetNews\NetNews\Views\Admin\Settings.cshtml:line 24
   at Microsoft.AspNetCore.Mvc.Razor.RazorView.RenderPageCoreAsync(IRazorPage page, ViewContext context)
   at Microsoft.AspNetCore.Mvc.Razor.RazorView.RenderPageAsync(IRazorPage page, ViewContext context, Boolean invokeViewStarts)
   at Microsoft.AspNetCore.Mvc.Razor.RazorView.RenderAsync(ViewContext context)
   at Microsoft.AspNetCore.Mvc.ViewFeatures.ViewExecutor.ExecuteAsync(ViewContext viewContext, String contentType, Nullable`1 statusCode)
   at Microsoft.AspNetCore.Mvc.ViewFeatures.ViewExecutor.ExecuteAsync(ViewContext viewContext, String contentType, Nullable`1 statusCode)
   at Microsoft.AspNetCore.Mvc.ViewFeatures.ViewExecutor.ExecuteAsync(ActionContext actionContext, IView view, ViewDataDictionary viewData, ITempDataDictionary tempData, String contentType, Nullable`1 statusCode)
   at Microsoft.AspNetCore.Mvc.ViewFeatures.ViewResultExecutor.ExecuteAsync(ActionContext context, ViewResult result)
   at Microsoft.AspNetCore.Mvc.ViewResult.ExecuteResultAsync(ActionContext context)
   at Microsoft.AspNetCore.Mvc.Infrastructure.ResourceInvoker.<InvokeNextResultFilterAsync>g__Awaited|29_0[TFilter,TFilterAsync](ResourceInvoker invoker, Task lastTask, State next, Scope scope, Object state, Boolean isCompleted)
   at Microsoft.AspNetCore.Mvc.Infrastructure.ResourceInvoker.Rethrow(ResultExecutedContextSealed context)
   at Microsoft.AspNetCore.Mvc.Infrastructure.ResourceInvoker.ResultNext[TFilter,TFilterAsync](State& next, Scope& scope, Object& state, Boolean& isCompleted)
   at Microsoft.AspNetCore.Mvc.Infrastructure.ResourceInvoker.InvokeResultFilters()
--- End of stack trace from previous location where exception was thrown ---
   at Microsoft.AspNetCore.Mvc.Infrastructure.ResourceInvoker.<InvokeNextResourceFilter>g__Awaited|24_0(ResourceInvoker invoker, Task lastTask, State next, Scope scope, Object state, Boolean isCompleted)
   at Microsoft.AspNetCore.Mvc.Infrastructure.ResourceInvoker.Rethrow(ResourceExecutedContextSealed context)
   at Microsoft.AspNetCore.Mvc.Infrastructure.ResourceInvoker.Next(State& next, Scope& scope, Object& state, Boolean& isCompleted)
   at Microsoft.AspNetCore.Mvc.Infrastructure.ResourceInvoker.InvokeFilterPipelineAsync()
--- End of stack trace from previous location where exception was thrown ---
   at Microsoft.AspNetCore.Mvc.Infrastructure.ResourceInvoker.<InvokeAsync>g__Awaited|17_0(ResourceInvoker invoker, Task task, IDisposable scope)
   at Microsoft.AspNetCore.Routing.EndpointMiddleware.<Invoke>g__AwaitRequestTask|6_0(Endpoint endpoint, Task requestTask, ILogger logger)
   at Microsoft.AspNetCore.Session.SessionMiddleware.Invoke(HttpContext context)
   at Microsoft.AspNetCore.Session.SessionMiddleware.Invoke(HttpContext context)
   at Microsoft.AspNetCore.Authorization.AuthorizationMiddleware.Invoke(HttpContext context)
   at Wangkanai.Detection.Hosting.ResponsiveMiddleware.InvokeAsync(HttpContext context, IResponsiveService responsive)
   at Microsoft.AspNetCore.Session.SessionMiddleware.Invoke(HttpContext context)
   at Microsoft.AspNetCore.Session.SessionMiddleware.Invoke(HttpContext context)
   at Microsoft.AspNetCore.Diagnostics.DeveloperExceptionPageMiddleware.Invoke(HttpContext context)
