2020-09-29 15:30:15.2175||DEBUG|NetNews.Program|init main function 
2020-09-29 15:30:21.4829||INFO|Detection.Startup|Starting Detection version 3.0.0.0 
2020-09-29 17:51:08.8966||DEBUG|NetNews.Program|init main function 
2020-09-29 17:51:09.9778||INFO|Detection.Startup|Starting Detection version 3.0.0.0 
2020-09-29 17:51:13.2546|1|ERROR|Microsoft.AspNetCore.Diagnostics.DeveloperExceptionPageMiddleware|An unhandled exception has occurred while executing the request. Microsoft.Data.SqlClient.SqlException (0x80131904): Invalid column name 'PostMedia'.
Could not use view or function 'vwPostsApproved' because of binding errors.
   at Microsoft.Data.SqlClient.SqlConnection.OnError(SqlException exception, Boolean breakConnection, Action`1 wrapCloseInAction)
   at Microsoft.Data.SqlClient.SqlInternalConnection.OnError(SqlException exception, Boolean breakConnection, Action`1 wrapCloseInAction)
   at Microsoft.Data.SqlClient.TdsParser.ThrowExceptionAndWarning(TdsParserStateObject stateObj, Boolean callerHasConnectionLock, Boolean asyncClose)
   at Microsoft.Data.SqlClient.TdsParser.TryRun(RunBehavior runBehavior, SqlCommand cmdHandler, SqlDataReader dataStream, BulkCopySimpleResultSet bulkCopyHandler, TdsParserStateObject stateObj, Boolean& dataReady)
   at Microsoft.Data.SqlClient.SqlDataReader.TryConsumeMetaData()
   at Microsoft.Data.SqlClient.SqlDataReader.get_MetaData()
   at Microsoft.Data.SqlClient.SqlCommand.FinishExecuteReader(SqlDataReader ds, RunBehavior runBehavior, String resetOptionsString, Boolean isInternal, Boolean forDescribeParameterEncryption, Boolean shouldCacheForAlwaysEncrypted)
   at Microsoft.Data.SqlClient.SqlCommand.RunExecuteReaderTds(CommandBehavior cmdBehavior, RunBehavior runBehavior, Boolean returnStream, Boolean isAsync, Int32 timeout, Task& task, Boolean asyncWrite, Boolean inRetry, SqlDataReader ds, Boolean describeParameterEncryptionRequest)
   at Microsoft.Data.SqlClient.SqlCommand.RunExecuteReader(CommandBehavior cmdBehavior, RunBehavior runBehavior, Boolean returnStream, TaskCompletionSource`1 completion, Int32 timeout, Task& task, Boolean& usedCache, Boolean asyncWrite, Boolean inRetry, String method)
   at Microsoft.Data.SqlClient.SqlCommand.RunExecuteReader(CommandBehavior cmdBehavior, RunBehavior runBehavior, Boolean returnStream, String method)
   at Microsoft.Data.SqlClient.SqlCommand.ExecuteReader(CommandBehavior behavior)
   at Microsoft.Data.SqlClient.SqlCommand.ExecuteDbDataReader(CommandBehavior behavior)
   at System.Data.Common.DbCommand.ExecuteReader()
   at Microsoft.EntityFrameworkCore.Storage.RelationalCommand.ExecuteReader(RelationalCommandParameterObject parameterObject)
   at Microsoft.EntityFrameworkCore.Query.Internal.QueryingEnumerable`1.Enumerator.InitializeReader(DbContext _, Boolean result)
   at Microsoft.EntityFrameworkCore.SqlServer.Storage.Internal.SqlServerExecutionStrategy.Execute[TState,TResult](TState state, Func`3 operation, Func`3 verifySucceeded)
   at Microsoft.EntityFrameworkCore.Query.Internal.QueryingEnumerable`1.Enumerator.MoveNext()
   at System.Linq.Enumerable.Single[TSource](IEnumerable`1 source)
   at Microsoft.EntityFrameworkCore.Query.Internal.QueryCompiler.Execute[TResult](Expression query)
   at Microsoft.EntityFrameworkCore.Query.Internal.EntityQueryProvider.Execute[TResult](Expression expression)
   at System.Linq.Queryable.Any[TSource](IQueryable`1 source)
   at AppHelpers.App_Code.PageLayoutHelper.GetFeaturedHomeNews() in C:\Users\Laiman\Documents\Visual Studio 2019\Projects\NetNews\NetNews\App_Code\AppHelpers.cs:line 914
   at AspNetCore.Views_Shared_HomeLayout__FeaturedHomeNews.ExecuteAsync() in C:\Users\Laiman\Documents\Visual Studio 2019\Projects\NetNews\NetNews\Views\Shared\HomeLayout\_FeaturedHomeNews.cshtml:line 5
   at Microsoft.AspNetCore.Mvc.Razor.RazorView.RenderPageCoreAsync(IRazorPage page, ViewContext context)
   at Microsoft.AspNetCore.Mvc.Razor.RazorView.RenderPageAsync(IRazorPage page, ViewContext context, Boolean invokeViewStarts)
   at Microsoft.AspNetCore.Mvc.Razor.RazorView.RenderAsync(ViewContext context)
   at Microsoft.AspNetCore.Mvc.TagHelpers.PartialTagHelper.RenderPartialViewAsync(TextWriter writer, Object model, IView view)
   at Microsoft.AspNetCore.Mvc.TagHelpers.PartialTagHelper.ProcessAsync(TagHelperContext context, TagHelperOutput output)
   at Microsoft.AspNetCore.Razor.Runtime.TagHelpers.TagHelperRunner.<RunAsync>g__Awaited|0_0(Task task, TagHelperExecutionContext executionContext, Int32 i, Int32 count)
   at AspNetCore.Views_Home_Index.ExecuteAsync() in C:\Users\Laiman\Documents\Visual Studio 2019\Projects\NetNews\NetNews\Views\Home\Index.cshtml:line 3
   at Microsoft.AspNetCore.Mvc.Razor.RazorView.RenderPageCoreAsync(IRazorPage page, ViewContext context)
   at Microsoft.AspNetCore.Mvc.Razor.RazorView.RenderPageAsync(IRazorPage page, ViewContext context, Boolean invokeViewStarts)
   at Microsoft.AspNetCore.Mvc.Razor.RazorView.RenderAsync(ViewContext context)
   at Microsoft.AspNetCore.Mvc.ViewFeatures.ViewExecutor.ExecuteAsync(ViewContext viewContext, String contentType, Nullable`1 statusCode)
   at Microsoft.AspNetCore.Mvc.ViewFeatures.ViewExecutor.ExecuteAsync(ViewContext viewContext, String contentType, Nullable`1 statusCode)
   at Microsoft.AspNetCore.Mvc.ViewFeatures.ViewExecutor.ExecuteAsync(ActionContext actionContext, IView view, ViewDataDictionary viewData, ITempDataDictionary tempData, String contentType, Nullable`1 statusCode)
   at Microsoft.AspNetCore.Mvc.ViewFeatures.ViewResultExecutor.ExecuteAsync(ActionContext context, ViewResult result)
   at Microsoft.AspNetCore.Mvc.ViewResult.ExecuteResultAsync(ActionContext context)
   at Microsoft.AspNetCore.Mvc.Infrastructure.ResourceInvoker.<InvokeNextResultFilterAsync>g__Awaited|29_0[TFilter,TFilterAsync](ResourceInvoker invoker, Task lastTask, State next, Scope scope, Object state, Boolean isCompleted)
   at Microsoft.AspNetCore.Mvc.Infrastructure.ResourceInvoker.Rethrow(ResultExecutedContextSealed context)
   at Microsoft.AspNetCore.Mvc.Infrastructure.ResourceInvoker.ResultNext[TFilter,TFilterAsync](State& next, Scope& scope, Object& state, Boolean& isCompleted)
   at Microsoft.AspNetCore.Mvc.Infrastructure.ResourceInvoker.InvokeResultFilters()
--- End of stack trace from previous location where exception was thrown ---
   at Microsoft.AspNetCore.Mvc.Infrastructure.ResourceInvoker.<InvokeNextResourceFilter>g__Awaited|24_0(ResourceInvoker invoker, Task lastTask, State next, Scope scope, Object state, Boolean isCompleted)
   at Microsoft.AspNetCore.Mvc.Infrastructure.ResourceInvoker.Rethrow(ResourceExecutedContextSealed context)
   at Microsoft.AspNetCore.Mvc.Infrastructure.ResourceInvoker.Next(State& next, Scope& scope, Object& state, Boolean& isCompleted)
   at Microsoft.AspNetCore.Mvc.Infrastructure.ResourceInvoker.InvokeFilterPipelineAsync()
--- End of stack trace from previous location where exception was thrown ---
   at Microsoft.AspNetCore.Mvc.Infrastructure.ResourceInvoker.<InvokeAsync>g__Awaited|17_0(ResourceInvoker invoker, Task task, IDisposable scope)
   at Microsoft.AspNetCore.Routing.EndpointMiddleware.<Invoke>g__AwaitRequestTask|6_0(Endpoint endpoint, Task requestTask, ILogger logger)
   at Microsoft.AspNetCore.Session.SessionMiddleware.Invoke(HttpContext context)
   at Microsoft.AspNetCore.Session.SessionMiddleware.Invoke(HttpContext context)
   at Microsoft.AspNetCore.Authorization.AuthorizationMiddleware.Invoke(HttpContext context)
   at Wangkanai.Detection.Hosting.ResponsiveMiddleware.InvokeAsync(HttpContext context, IResponsiveService responsive)
   at Microsoft.AspNetCore.Session.SessionMiddleware.Invoke(HttpContext context)
   at Microsoft.AspNetCore.Session.SessionMiddleware.Invoke(HttpContext context)
   at NetNews.Startup.<>c.<<Configure>b__5_0>d.MoveNext() in C:\Users\Laiman\Documents\Visual Studio 2019\Projects\NetNews\NetNews\Startup.cs:line 76
--- End of stack trace from previous location where exception was thrown ---
   at Microsoft.AspNetCore.Diagnostics.DeveloperExceptionPageMiddleware.Invoke(HttpContext context)
ClientConnectionId:f32440b3-ca95-4d10-b8d3-36c259a345f8
Error Number:207,State:1,Class:16
2020-09-29 18:07:58.2907||DEBUG|NetNews.Program|init main function 
2020-09-29 18:07:58.7322||INFO|Detection.Startup|Starting Detection version 3.0.0.0 
2020-09-29 18:09:55.2316||DEBUG|NetNews.Program|init main function 
2020-09-29 18:09:55.8165||INFO|Detection.Startup|Starting Detection version 3.0.0.0 
2020-09-29 18:10:59.6447||DEBUG|NetNews.Program|init main function 
2020-09-29 18:11:00.3739||INFO|Detection.Startup|Starting Detection version 3.0.0.0 
2020-09-29 18:38:37.5200||DEBUG|NetNews.Program|init main function 
2020-09-29 18:38:38.0082||INFO|Detection.Startup|Starting Detection version 3.0.0.0 
2020-09-29 18:53:53.9384||DEBUG|NetNews.Program|init main function 
2020-09-29 18:53:59.9759||INFO|Detection.Startup|Starting Detection version 3.0.0.0 
2020-09-29 18:57:19.7485||DEBUG|NetNews.Program|init main function 
2020-09-29 18:57:21.1317||INFO|Detection.Startup|Starting Detection version 3.0.0.0 
2020-09-29 19:30:17.8244|1|ERROR|Microsoft.AspNetCore.Diagnostics.DeveloperExceptionPageMiddleware|An unhandled exception has occurred while executing the request. System.ArgumentNullException: Value cannot be null. (Parameter 'input')
   at System.Text.RegularExpressions.Regex.Replace(String input, String replacement)
   at System.Text.RegularExpressions.Regex.Replace(String input, String pattern, String replacement)
   at AppHelpers.App_Code.TextHelper.ConvertCase(String text, String convert_to) in C:\Users\Laiman\Documents\Visual Studio 2019\Projects\NetNews\NetNews\App_Code\AppHelpers.cs:line 160
   at System.Dynamic.UpdateDelegates.UpdateAndExecute3[T0,T1,T2,TRet](CallSite site, T0 arg0, T1 arg1, T2 arg2)
   at AspNetCore.Views_Tags_Index.ExecuteAsync() in C:\Users\Laiman\Documents\Visual Studio 2019\Projects\NetNews\NetNews\Views\Tags\Index.cshtml:line 57
   at Microsoft.AspNetCore.Mvc.Razor.RazorView.RenderPageCoreAsync(IRazorPage page, ViewContext context)
   at Microsoft.AspNetCore.Mvc.Razor.RazorView.RenderPageAsync(IRazorPage page, ViewContext context, Boolean invokeViewStarts)
   at Microsoft.AspNetCore.Mvc.Razor.RazorView.RenderAsync(ViewContext context)
   at Microsoft.AspNetCore.Mvc.ViewFeatures.ViewExecutor.ExecuteAsync(ViewContext viewContext, String contentType, Nullable`1 statusCode)
   at Microsoft.AspNetCore.Mvc.ViewFeatures.ViewExecutor.ExecuteAsync(ViewContext viewContext, String contentType, Nullable`1 statusCode)
   at Microsoft.AspNetCore.Mvc.ViewFeatures.ViewExecutor.ExecuteAsync(ActionContext actionContext, IView view, ViewDataDictionary viewData, ITempDataDictionary tempData, String contentType, Nullable`1 statusCode)
   at Microsoft.AspNetCore.Mvc.ViewFeatures.ViewResultExecutor.ExecuteAsync(ActionContext context, ViewResult result)
   at Microsoft.AspNetCore.Mvc.ViewResult.ExecuteResultAsync(ActionContext context)
   at Microsoft.AspNetCore.Mvc.Infrastructure.ResourceInvoker.<InvokeNextResultFilterAsync>g__Awaited|29_0[TFilter,TFilterAsync](ResourceInvoker invoker, Task lastTask, State next, Scope scope, Object state, Boolean isCompleted)
   at Microsoft.AspNetCore.Mvc.Infrastructure.ResourceInvoker.Rethrow(ResultExecutedContextSealed context)
   at Microsoft.AspNetCore.Mvc.Infrastructure.ResourceInvoker.ResultNext[TFilter,TFilterAsync](State& next, Scope& scope, Object& state, Boolean& isCompleted)
   at Microsoft.AspNetCore.Mvc.Infrastructure.ResourceInvoker.InvokeResultFilters()
--- End of stack trace from previous location where exception was thrown ---
   at Microsoft.AspNetCore.Mvc.Infrastructure.ResourceInvoker.<InvokeNextResourceFilter>g__Awaited|24_0(ResourceInvoker invoker, Task lastTask, State next, Scope scope, Object state, Boolean isCompleted)
   at Microsoft.AspNetCore.Mvc.Infrastructure.ResourceInvoker.Rethrow(ResourceExecutedContextSealed context)
   at Microsoft.AspNetCore.Mvc.Infrastructure.ResourceInvoker.Next(State& next, Scope& scope, Object& state, Boolean& isCompleted)
   at Microsoft.AspNetCore.Mvc.Infrastructure.ResourceInvoker.<InvokeFilterPipelineAsync>g__Awaited|19_0(ResourceInvoker invoker, Task lastTask, State next, Scope scope, Object state, Boolean isCompleted)
   at Microsoft.AspNetCore.Mvc.Infrastructure.ResourceInvoker.<InvokeAsync>g__Awaited|17_0(ResourceInvoker invoker, Task task, IDisposable scope)
   at Microsoft.AspNetCore.Routing.EndpointMiddleware.<Invoke>g__AwaitRequestTask|6_0(Endpoint endpoint, Task requestTask, ILogger logger)
   at Microsoft.AspNetCore.Session.SessionMiddleware.Invoke(HttpContext context)
   at Microsoft.AspNetCore.Session.SessionMiddleware.Invoke(HttpContext context)
   at Microsoft.AspNetCore.Authorization.AuthorizationMiddleware.Invoke(HttpContext context)
   at Wangkanai.Detection.Hosting.ResponsiveMiddleware.InvokeAsync(HttpContext context, IResponsiveService responsive)
   at Microsoft.AspNetCore.Session.SessionMiddleware.Invoke(HttpContext context)
   at Microsoft.AspNetCore.Session.SessionMiddleware.Invoke(HttpContext context)
   at NetNews.Startup.<>c.<<Configure>b__5_0>d.MoveNext() in C:\Users\Laiman\Documents\Visual Studio 2019\Projects\NetNews\NetNews\Startup.cs:line 76
--- End of stack trace from previous location where exception was thrown ---
   at Microsoft.AspNetCore.Diagnostics.DeveloperExceptionPageMiddleware.Invoke(HttpContext context)
2020-09-29 19:40:24.0115||DEBUG|NetNews.Program|init main function 
2020-09-29 19:40:24.5508||INFO|Detection.Startup|Starting Detection version 3.0.0.0 
2020-09-29 19:45:29.9218||DEBUG|NetNews.Program|init main function 
2020-09-29 19:45:30.3244||INFO|Detection.Startup|Starting Detection version 3.0.0.0 
2020-09-29 20:08:32.8798||DEBUG|NetNews.Program|init main function 
2020-09-29 20:08:33.3181||INFO|Detection.Startup|Starting Detection version 3.0.0.0 
2020-09-29 20:27:43.8978||DEBUG|NetNews.Program|init main function 
2020-09-29 20:27:44.6585||INFO|Detection.Startup|Starting Detection version 3.0.0.0 
2020-09-29 20:31:02.1732||DEBUG|NetNews.Program|init main function 
2020-09-29 20:31:02.9075||INFO|Detection.Startup|Starting Detection version 3.0.0.0 
2020-09-29 20:33:22.5040||DEBUG|NetNews.Program|init main function 
2020-09-29 20:33:22.9260||INFO|Detection.Startup|Starting Detection version 3.0.0.0 
2020-09-29 21:14:03.7964||DEBUG|NetNews.Program|init main function 
2020-09-29 21:14:04.1770||INFO|Detection.Startup|Starting Detection version 3.0.0.0 
2020-09-29 21:17:07.7659||DEBUG|NetNews.Program|init main function 
2020-09-29 21:17:08.1823||INFO|Detection.Startup|Starting Detection version 3.0.0.0 
2020-09-29 21:45:50.1832||DEBUG|NetNews.Program|init main function 
2020-09-29 21:45:52.3890||INFO|Detection.Startup|Starting Detection version 3.0.0.0 
2020-09-29 22:14:21.9445||DEBUG|NetNews.Program|init main function 
2020-09-29 22:14:22.7541||INFO|Detection.Startup|Starting Detection version 3.0.0.0 
