2020-11-16 10:45:22.3429||DEBUG|NetNews.Program|init main function 
2020-11-16 10:45:23.0908||INFO|Detection.Startup|Starting Detection version 3.0.0.0 
2020-11-16 10:46:54.1422||DEBUG|NetNews.Program|init main function 
2020-11-16 10:46:54.6011||INFO|Detection.Startup|Starting Detection version 3.0.0.0 
2020-11-16 10:48:45.5319||DEBUG|NetNews.Program|init main function 
2020-11-16 10:48:45.9251||INFO|Detection.Startup|Starting Detection version 3.0.0.0 
2020-11-16 11:06:41.0197||DEBUG|NetNews.Program|init main function 
2020-11-16 11:06:41.6294||INFO|Detection.Startup|Starting Detection version 3.0.0.0 
2020-11-16 11:14:29.1829||DEBUG|NetNews.Program|init main function 
2020-11-16 11:14:29.7977||INFO|Detection.Startup|Starting Detection version 3.0.0.0 
2020-11-16 11:18:04.1187||DEBUG|NetNews.Program|init main function 
2020-11-16 11:18:04.6269||INFO|Detection.Startup|Starting Detection version 3.0.0.0 
2020-11-16 11:20:42.6123||DEBUG|NetNews.Program|init main function 
2020-11-16 11:20:43.1654||INFO|Detection.Startup|Starting Detection version 3.0.0.0 
2020-11-16 11:49:20.6950||DEBUG|NetNews.Program|init main function 
2020-11-16 11:49:21.4150||INFO|Detection.Startup|Starting Detection version 3.0.0.0 
2020-11-16 12:12:57.0295||DEBUG|NetNews.Program|init main function 
2020-11-16 12:12:57.5611||INFO|Detection.Startup|Starting Detection version 3.0.0.0 
2020-11-16 12:24:27.5716||DEBUG|NetNews.Program|init main function 
2020-11-16 12:24:28.4169||INFO|Detection.Startup|Starting Detection version 3.0.0.0 
2020-11-16 12:26:12.8153||DEBUG|NetNews.Program|init main function 
2020-11-16 12:26:13.2681||INFO|Detection.Startup|Starting Detection version 3.0.0.0 
2020-11-16 12:28:49.9176||DEBUG|NetNews.Program|init main function 
2020-11-16 12:28:50.4510||INFO|Detection.Startup|Starting Detection version 3.0.0.0 
2020-11-16 12:51:23.0787||DEBUG|NetNews.Program|init main function 
2020-11-16 12:51:23.8128||INFO|Detection.Startup|Starting Detection version 3.0.0.0 
2020-11-16 13:38:03.6116||DEBUG|NetNews.Program|init main function 
2020-11-16 13:38:04.2052||INFO|Detection.Startup|Starting Detection version 3.0.0.0 
2020-11-16 13:39:44.5761||DEBUG|NetNews.Program|init main function 
2020-11-16 13:39:45.0269||INFO|Detection.Startup|Starting Detection version 3.0.0.0 
2020-11-16 13:42:02.1035||DEBUG|NetNews.Program|init main function 
2020-11-16 13:42:02.5746||INFO|Detection.Startup|Starting Detection version 3.0.0.0 
2020-11-16 13:43:08.8919||DEBUG|NetNews.Program|init main function 
2020-11-16 13:43:09.9574||INFO|Detection.Startup|Starting Detection version 3.0.0.0 
2020-11-16 13:43:49.9631||DEBUG|NetNews.Program|init main function 
2020-11-16 13:43:50.9065||INFO|Detection.Startup|Starting Detection version 3.0.0.0 
2020-11-16 13:44:41.8015||DEBUG|NetNews.Program|init main function 
2020-11-16 13:44:42.4875||INFO|Detection.Startup|Starting Detection version 3.0.0.0 
2020-11-16 13:46:09.0891||DEBUG|NetNews.Program|init main function 
2020-11-16 13:46:09.8410||INFO|Detection.Startup|Starting Detection version 3.0.0.0 
2020-11-16 13:48:01.2458||DEBUG|NetNews.Program|init main function 
2020-11-16 13:48:02.2107||INFO|Detection.Startup|Starting Detection version 3.0.0.0 
2020-11-16 13:48:41.1275||DEBUG|NetNews.Program|init main function 
2020-11-16 13:48:41.5592||INFO|Detection.Startup|Starting Detection version 3.0.0.0 
2020-11-16 13:49:20.6698||DEBUG|NetNews.Program|init main function 
2020-11-16 13:49:21.2166||INFO|Detection.Startup|Starting Detection version 3.0.0.0 
2020-11-16 13:56:56.0076||DEBUG|NetNews.Program|init main function 
2020-11-16 13:56:56.5982||INFO|Detection.Startup|Starting Detection version 3.0.0.0 
2020-11-16 14:01:52.0569||DEBUG|NetNews.Program|init main function 
2020-11-16 14:01:52.6559||INFO|Detection.Startup|Starting Detection version 3.0.0.0 
2020-11-16 14:03:34.9882|3|ERROR|Microsoft.AspNetCore.Mvc.ViewFeatures.ViewResultExecutor|The view 'Index' was not found. Searched locations: /Views/About/Index.desktop.cshtml, /Views/About/Index.cshtml, /Views/Shared/Index.desktop.cshtml, /Views/Shared/Index.cshtml, /Pages/Shared/Index.desktop.cshtml, /Pages/Shared/Index.cshtml 
2020-11-16 14:03:35.0628|1|ERROR|Microsoft.AspNetCore.Diagnostics.DeveloperExceptionPageMiddleware|An unhandled exception has occurred while executing the request. System.InvalidOperationException: The view 'Index' was not found. The following locations were searched:
/Views/About/Index.desktop.cshtml
/Views/About/Index.cshtml
/Views/Shared/Index.desktop.cshtml
/Views/Shared/Index.cshtml
/Pages/Shared/Index.desktop.cshtml
/Pages/Shared/Index.cshtml
   at Microsoft.AspNetCore.Mvc.ViewEngines.ViewEngineResult.EnsureSuccessful(IEnumerable`1 originalLocations)
   at Microsoft.AspNetCore.Mvc.ViewFeatures.ViewResultExecutor.ExecuteAsync(ActionContext context, ViewResult result)
   at Microsoft.AspNetCore.Mvc.ViewResult.ExecuteResultAsync(ActionContext context)
   at Microsoft.AspNetCore.Mvc.Infrastructure.ResourceInvoker.<InvokeNextResultFilterAsync>g__Awaited|29_0[TFilter,TFilterAsync](ResourceInvoker invoker, Task lastTask, State next, Scope scope, Object state, Boolean isCompleted)
   at Microsoft.AspNetCore.Mvc.Infrastructure.ResourceInvoker.Rethrow(ResultExecutedContextSealed context)
   at Microsoft.AspNetCore.Mvc.Infrastructure.ResourceInvoker.ResultNext[TFilter,TFilterAsync](State& next, Scope& scope, Object& state, Boolean& isCompleted)
   at Microsoft.AspNetCore.Mvc.Infrastructure.ResourceInvoker.InvokeResultFilters()
--- End of stack trace from previous location where exception was thrown ---
   at Microsoft.AspNetCore.Mvc.Infrastructure.ResourceInvoker.<InvokeNextResourceFilter>g__Awaited|24_0(ResourceInvoker invoker, Task lastTask, State next, Scope scope, Object state, Boolean isCompleted)
   at Microsoft.AspNetCore.Mvc.Infrastructure.ResourceInvoker.Rethrow(ResourceExecutedContextSealed context)
   at Microsoft.AspNetCore.Mvc.Infrastructure.ResourceInvoker.Next(State& next, Scope& scope, Object& state, Boolean& isCompleted)
   at Microsoft.AspNetCore.Mvc.Infrastructure.ResourceInvoker.InvokeFilterPipelineAsync()
--- End of stack trace from previous location where exception was thrown ---
   at Microsoft.AspNetCore.Mvc.Infrastructure.ResourceInvoker.<InvokeAsync>g__Awaited|17_0(ResourceInvoker invoker, Task task, IDisposable scope)
   at Microsoft.AspNetCore.Routing.EndpointMiddleware.<Invoke>g__AwaitRequestTask|6_0(Endpoint endpoint, Task requestTask, ILogger logger)
   at Microsoft.AspNetCore.Session.SessionMiddleware.Invoke(HttpContext context)
   at Microsoft.AspNetCore.Session.SessionMiddleware.Invoke(HttpContext context)
   at Microsoft.AspNetCore.Authorization.AuthorizationMiddleware.Invoke(HttpContext context)
   at Wangkanai.Detection.Hosting.ResponsiveMiddleware.InvokeAsync(HttpContext context, IResponsiveService responsive)
   at Microsoft.AspNetCore.Session.SessionMiddleware.Invoke(HttpContext context)
   at Microsoft.AspNetCore.Session.SessionMiddleware.Invoke(HttpContext context)
   at NetNews.Startup.<>c.<<Configure>b__5_0>d.MoveNext() in C:\Users\Laiman\Documents\Visual Studio 2019\Projects\NetNewsCore\NetNewsCore\Startup.cs:line 82
--- End of stack trace from previous location where exception was thrown ---
   at Microsoft.AspNetCore.Diagnostics.DeveloperExceptionPageMiddleware.Invoke(HttpContext context)
2020-11-16 14:59:43.6897||INFO|LazZiya.TagHelpers.PagingTagHelper|----> PagingTagHelper SettingsJson: default - default 
2020-11-16 14:59:43.6964||INFO|LazZiya.TagHelpers.PagingTagHelper|----> PagingTagHelper - PageNo: 1, PageSize: 10, TotalRecords: 2, TotalPages: 1, QueryStringKeyPageNo: p, QueryStringKeyPageSize: s,  
2020-11-16 15:05:41.1199||DEBUG|NetNews.Program|init main function 
2020-11-16 15:05:42.0492||INFO|Detection.Startup|Starting Detection version 3.0.0.0 
2020-11-16 15:25:36.4388|3|ERROR|Microsoft.AspNetCore.Mvc.ViewFeatures.ViewResultExecutor|The view 'Index' was not found. Searched locations: /Views/Authors/Index.desktop.cshtml, /Views/Authors/Index.cshtml, /Views/Shared/Index.desktop.cshtml, /Views/Shared/Index.cshtml, /Pages/Shared/Index.desktop.cshtml, /Pages/Shared/Index.cshtml 
2020-11-16 15:25:36.4569|1|ERROR|Microsoft.AspNetCore.Diagnostics.DeveloperExceptionPageMiddleware|An unhandled exception has occurred while executing the request. System.InvalidOperationException: The view 'Index' was not found. The following locations were searched:
/Views/Authors/Index.desktop.cshtml
/Views/Authors/Index.cshtml
/Views/Shared/Index.desktop.cshtml
/Views/Shared/Index.cshtml
/Pages/Shared/Index.desktop.cshtml
/Pages/Shared/Index.cshtml
   at Microsoft.AspNetCore.Mvc.ViewEngines.ViewEngineResult.EnsureSuccessful(IEnumerable`1 originalLocations)
   at Microsoft.AspNetCore.Mvc.ViewFeatures.ViewResultExecutor.ExecuteAsync(ActionContext context, ViewResult result)
   at Microsoft.AspNetCore.Mvc.ViewResult.ExecuteResultAsync(ActionContext context)
   at Microsoft.AspNetCore.Mvc.Infrastructure.ResourceInvoker.<InvokeNextResultFilterAsync>g__Awaited|29_0[TFilter,TFilterAsync](ResourceInvoker invoker, Task lastTask, State next, Scope scope, Object state, Boolean isCompleted)
   at Microsoft.AspNetCore.Mvc.Infrastructure.ResourceInvoker.Rethrow(ResultExecutedContextSealed context)
   at Microsoft.AspNetCore.Mvc.Infrastructure.ResourceInvoker.ResultNext[TFilter,TFilterAsync](State& next, Scope& scope, Object& state, Boolean& isCompleted)
   at Microsoft.AspNetCore.Mvc.Infrastructure.ResourceInvoker.InvokeResultFilters()
--- End of stack trace from previous location where exception was thrown ---
   at Microsoft.AspNetCore.Mvc.Infrastructure.ResourceInvoker.<InvokeNextResourceFilter>g__Awaited|24_0(ResourceInvoker invoker, Task lastTask, State next, Scope scope, Object state, Boolean isCompleted)
   at Microsoft.AspNetCore.Mvc.Infrastructure.ResourceInvoker.Rethrow(ResourceExecutedContextSealed context)
   at Microsoft.AspNetCore.Mvc.Infrastructure.ResourceInvoker.Next(State& next, Scope& scope, Object& state, Boolean& isCompleted)
   at Microsoft.AspNetCore.Mvc.Infrastructure.ResourceInvoker.InvokeFilterPipelineAsync()
--- End of stack trace from previous location where exception was thrown ---
   at Microsoft.AspNetCore.Mvc.Infrastructure.ResourceInvoker.<InvokeAsync>g__Awaited|17_0(ResourceInvoker invoker, Task task, IDisposable scope)
   at Microsoft.AspNetCore.Routing.EndpointMiddleware.<Invoke>g__AwaitRequestTask|6_0(Endpoint endpoint, Task requestTask, ILogger logger)
   at Microsoft.AspNetCore.Session.SessionMiddleware.Invoke(HttpContext context)
   at Microsoft.AspNetCore.Session.SessionMiddleware.Invoke(HttpContext context)
   at Microsoft.AspNetCore.Authorization.AuthorizationMiddleware.Invoke(HttpContext context)
   at Wangkanai.Detection.Hosting.ResponsiveMiddleware.InvokeAsync(HttpContext context, IResponsiveService responsive)
   at Microsoft.AspNetCore.Session.SessionMiddleware.Invoke(HttpContext context)
   at Microsoft.AspNetCore.Session.SessionMiddleware.Invoke(HttpContext context)
   at NetNews.Startup.<>c.<<Configure>b__5_0>d.MoveNext() in C:\Users\Laiman\Documents\Visual Studio 2019\Projects\NetNewsCore\NetNewsCore\Startup.cs:line 82
--- End of stack trace from previous location where exception was thrown ---
   at Microsoft.AspNetCore.Diagnostics.DeveloperExceptionPageMiddleware.Invoke(HttpContext context)
2020-11-16 15:28:08.1408||DEBUG|NetNews.Program|init main function 
2020-11-16 15:28:08.7490||INFO|Detection.Startup|Starting Detection version 3.0.0.0 
2020-11-16 15:28:51.3500||DEBUG|NetNews.Program|init main function 
2020-11-16 15:28:51.7567||INFO|Detection.Startup|Starting Detection version 3.0.0.0 
2020-11-16 15:32:46.0452||DEBUG|NetNews.Program|init main function 
2020-11-16 15:32:46.4828||INFO|Detection.Startup|Starting Detection version 3.0.0.0 
2020-11-16 15:32:48.3783|3|ERROR|Microsoft.AspNetCore.Mvc.ViewFeatures.ViewResultExecutor|The view 'Index' was not found. Searched locations: /Views/Authors/Index.desktop.cshtml, /Views/Authors/Index.cshtml, /Views/Shared/Index.desktop.cshtml, /Views/Shared/Index.cshtml, /Pages/Shared/Index.desktop.cshtml, /Pages/Shared/Index.cshtml 
2020-11-16 15:32:48.4523|1|ERROR|Microsoft.AspNetCore.Diagnostics.DeveloperExceptionPageMiddleware|An unhandled exception has occurred while executing the request. System.InvalidOperationException: The view 'Index' was not found. The following locations were searched:
/Views/Authors/Index.desktop.cshtml
/Views/Authors/Index.cshtml
/Views/Shared/Index.desktop.cshtml
/Views/Shared/Index.cshtml
/Pages/Shared/Index.desktop.cshtml
/Pages/Shared/Index.cshtml
   at Microsoft.AspNetCore.Mvc.ViewEngines.ViewEngineResult.EnsureSuccessful(IEnumerable`1 originalLocations)
   at Microsoft.AspNetCore.Mvc.ViewFeatures.ViewResultExecutor.ExecuteAsync(ActionContext context, ViewResult result)
   at Microsoft.AspNetCore.Mvc.ViewResult.ExecuteResultAsync(ActionContext context)
   at Microsoft.AspNetCore.Mvc.Infrastructure.ResourceInvoker.<InvokeNextResultFilterAsync>g__Awaited|29_0[TFilter,TFilterAsync](ResourceInvoker invoker, Task lastTask, State next, Scope scope, Object state, Boolean isCompleted)
   at Microsoft.AspNetCore.Mvc.Infrastructure.ResourceInvoker.Rethrow(ResultExecutedContextSealed context)
   at Microsoft.AspNetCore.Mvc.Infrastructure.ResourceInvoker.ResultNext[TFilter,TFilterAsync](State& next, Scope& scope, Object& state, Boolean& isCompleted)
   at Microsoft.AspNetCore.Mvc.Infrastructure.ResourceInvoker.InvokeResultFilters()
--- End of stack trace from previous location where exception was thrown ---
   at Microsoft.AspNetCore.Mvc.Infrastructure.ResourceInvoker.<InvokeNextResourceFilter>g__Awaited|24_0(ResourceInvoker invoker, Task lastTask, State next, Scope scope, Object state, Boolean isCompleted)
   at Microsoft.AspNetCore.Mvc.Infrastructure.ResourceInvoker.Rethrow(ResourceExecutedContextSealed context)
   at Microsoft.AspNetCore.Mvc.Infrastructure.ResourceInvoker.Next(State& next, Scope& scope, Object& state, Boolean& isCompleted)
   at Microsoft.AspNetCore.Mvc.Infrastructure.ResourceInvoker.InvokeFilterPipelineAsync()
--- End of stack trace from previous location where exception was thrown ---
   at Microsoft.AspNetCore.Mvc.Infrastructure.ResourceInvoker.<InvokeAsync>g__Awaited|17_0(ResourceInvoker invoker, Task task, IDisposable scope)
   at Microsoft.AspNetCore.Routing.EndpointMiddleware.<Invoke>g__AwaitRequestTask|6_0(Endpoint endpoint, Task requestTask, ILogger logger)
   at Microsoft.AspNetCore.Session.SessionMiddleware.Invoke(HttpContext context)
   at Microsoft.AspNetCore.Session.SessionMiddleware.Invoke(HttpContext context)
   at Microsoft.AspNetCore.Authorization.AuthorizationMiddleware.Invoke(HttpContext context)
   at Microsoft.AspNetCore.Routing.EndpointRoutingMiddleware.<Invoke>g__AwaitMatcher|8_0(EndpointRoutingMiddleware middleware, HttpContext httpContext, Task`1 matcherTask)
   at Wangkanai.Detection.Hosting.ResponsiveMiddleware.InvokeAsync(HttpContext context, IResponsiveService responsive)
   at Microsoft.AspNetCore.Session.SessionMiddleware.Invoke(HttpContext context)
   at Microsoft.AspNetCore.Session.SessionMiddleware.Invoke(HttpContext context)
   at NetNews.Startup.<>c.<<Configure>b__5_0>d.MoveNext() in C:\Users\Laiman\Documents\Visual Studio 2019\Projects\NetNewsCore\NetNewsCore\Startup.cs:line 82
--- End of stack trace from previous location where exception was thrown ---
   at Microsoft.AspNetCore.Diagnostics.DeveloperExceptionPageMiddleware.Invoke(HttpContext context)
2020-11-16 15:34:36.1839||DEBUG|NetNews.Program|init main function 
2020-11-16 15:34:36.8564||INFO|Detection.Startup|Starting Detection version 3.0.0.0 
2020-11-16 15:35:21.4954||DEBUG|NetNews.Program|init main function 
2020-11-16 15:35:22.0873||INFO|Detection.Startup|Starting Detection version 3.0.0.0 
2020-11-16 15:36:18.8740||DEBUG|NetNews.Program|init main function 
2020-11-16 15:36:19.4462||INFO|Detection.Startup|Starting Detection version 3.0.0.0 
2020-11-16 15:36:48.1423||DEBUG|NetNews.Program|init main function 
2020-11-16 15:36:48.6183||INFO|Detection.Startup|Starting Detection version 3.0.0.0 
2020-11-16 15:37:19.2084||DEBUG|NetNews.Program|init main function 
2020-11-16 15:37:19.6504||INFO|Detection.Startup|Starting Detection version 3.0.0.0 
2020-11-16 15:37:58.0008||DEBUG|NetNews.Program|init main function 
2020-11-16 15:37:58.5725||INFO|Detection.Startup|Starting Detection version 3.0.0.0 
2020-11-16 15:38:39.7905||DEBUG|NetNews.Program|init main function 
2020-11-16 15:38:40.4552||INFO|Detection.Startup|Starting Detection version 3.0.0.0 
2020-11-16 15:51:47.8862||DEBUG|NetNews.Program|init main function 
2020-11-16 15:51:48.6063||INFO|Detection.Startup|Starting Detection version 3.0.0.0 
2020-11-16 15:52:20.0442||DEBUG|NetNews.Program|init main function 
2020-11-16 15:52:20.9085||INFO|Detection.Startup|Starting Detection version 3.0.0.0 
2020-11-16 15:53:21.3072||DEBUG|NetNews.Program|init main function 
2020-11-16 15:53:21.9062||INFO|Detection.Startup|Starting Detection version 3.0.0.0 
2020-11-16 15:53:55.8956||DEBUG|NetNews.Program|init main function 
2020-11-16 15:53:56.6663||INFO|Detection.Startup|Starting Detection version 3.0.0.0 
2020-11-16 15:54:58.0779||DEBUG|NetNews.Program|init main function 
2020-11-16 15:54:58.7708||INFO|Detection.Startup|Starting Detection version 3.0.0.0 
2020-11-16 15:56:59.8836||DEBUG|NetNews.Program|init main function 
2020-11-16 15:57:00.4399||INFO|Detection.Startup|Starting Detection version 3.0.0.0 
2020-11-16 15:57:40.3255||DEBUG|NetNews.Program|init main function 
2020-11-16 15:57:41.0536||INFO|Detection.Startup|Starting Detection version 3.0.0.0 
2020-11-16 16:05:23.4968||DEBUG|NetNews.Program|init main function 
2020-11-16 16:05:23.9303||INFO|Detection.Startup|Starting Detection version 3.0.0.0 
2020-11-16 16:06:28.0669||DEBUG|NetNews.Program|init main function 
2020-11-16 16:06:28.5405||INFO|Detection.Startup|Starting Detection version 3.0.0.0 
2020-11-16 16:10:55.1229||DEBUG|NetNews.Program|init main function 
2020-11-16 16:10:55.6017||INFO|Detection.Startup|Starting Detection version 3.0.0.0 
2020-11-16 16:12:03.5332||DEBUG|NetNews.Program|init main function 
2020-11-16 16:12:04.0702||INFO|Detection.Startup|Starting Detection version 3.0.0.0 
2020-11-16 16:12:41.1828||INFO|LazZiya.TagHelpers.PagingTagHelper|----> PagingTagHelper SettingsJson: default - default 
2020-11-16 16:12:41.1828||INFO|LazZiya.TagHelpers.PagingTagHelper|----> PagingTagHelper - PageNo: 1, PageSize: 10, TotalRecords: 2, TotalPages: 1, QueryStringKeyPageNo: p, QueryStringKeyPageSize: s,  
2020-11-16 16:12:57.3152||INFO|LazZiya.TagHelpers.PagingTagHelper|----> PagingTagHelper SettingsJson: default - default 
2020-11-16 16:12:57.3174||INFO|LazZiya.TagHelpers.PagingTagHelper|----> PagingTagHelper - PageNo: 1, PageSize: 10, TotalRecords: 5, TotalPages: 1, QueryStringKeyPageNo: p, QueryStringKeyPageSize: s,  
2020-11-16 16:22:33.6668||DEBUG|NetNews.Program|init main function 
2020-11-16 16:22:34.5467||INFO|Detection.Startup|Starting Detection version 3.0.0.0 
2020-11-16 16:22:38.8570||INFO|LazZiya.TagHelpers.PagingTagHelper|----> PagingTagHelper SettingsJson: default - default 
2020-11-16 16:22:38.8628||INFO|LazZiya.TagHelpers.PagingTagHelper|----> PagingTagHelper - PageNo: 1, PageSize: 10, TotalRecords: 5, TotalPages: 1, QueryStringKeyPageNo: p, QueryStringKeyPageSize: s,  
2020-11-16 16:24:11.2269||DEBUG|NetNews.Program|init main function 
2020-11-16 16:24:12.0379||INFO|Detection.Startup|Starting Detection version 3.0.0.0 
2020-11-16 16:24:15.8915||INFO|LazZiya.TagHelpers.PagingTagHelper|----> PagingTagHelper SettingsJson: default - default 
2020-11-16 16:24:15.8973||INFO|LazZiya.TagHelpers.PagingTagHelper|----> PagingTagHelper - PageNo: 1, PageSize: 10, TotalRecords: 5, TotalPages: 1, QueryStringKeyPageNo: p, QueryStringKeyPageSize: s,  
2020-11-16 16:25:18.9946||DEBUG|NetNews.Program|init main function 
2020-11-16 16:25:19.4383||INFO|Detection.Startup|Starting Detection version 3.0.0.0 
2020-11-16 16:25:23.5605||INFO|LazZiya.TagHelpers.PagingTagHelper|----> PagingTagHelper SettingsJson: default - default 
2020-11-16 16:25:23.5683||INFO|LazZiya.TagHelpers.PagingTagHelper|----> PagingTagHelper - PageNo: 1, PageSize: 10, TotalRecords: 5, TotalPages: 1, QueryStringKeyPageNo: p, QueryStringKeyPageSize: s,  
2020-11-16 16:26:34.6307||DEBUG|NetNews.Program|init main function 
2020-11-16 16:26:35.3811||INFO|Detection.Startup|Starting Detection version 3.0.0.0 
2020-11-16 16:26:39.8977||INFO|LazZiya.TagHelpers.PagingTagHelper|----> PagingTagHelper SettingsJson: default - default 
2020-11-16 16:26:39.8977||INFO|LazZiya.TagHelpers.PagingTagHelper|----> PagingTagHelper - PageNo: 1, PageSize: 10, TotalRecords: 5, TotalPages: 1, QueryStringKeyPageNo: p, QueryStringKeyPageSize: s,  
2020-11-16 16:27:41.8002||DEBUG|NetNews.Program|init main function 
2020-11-16 16:27:42.3655||INFO|Detection.Startup|Starting Detection version 3.0.0.0 
2020-11-16 16:27:46.4935||INFO|LazZiya.TagHelpers.PagingTagHelper|----> PagingTagHelper SettingsJson: default - default 
2020-11-16 16:27:46.4935||INFO|LazZiya.TagHelpers.PagingTagHelper|----> PagingTagHelper - PageNo: 1, PageSize: 10, TotalRecords: 5, TotalPages: 1, QueryStringKeyPageNo: p, QueryStringKeyPageSize: s,  
2020-11-16 16:28:28.7014||DEBUG|NetNews.Program|init main function 
2020-11-16 16:28:29.1654||INFO|Detection.Startup|Starting Detection version 3.0.0.0 
2020-11-16 16:28:32.9835||INFO|LazZiya.TagHelpers.PagingTagHelper|----> PagingTagHelper SettingsJson: default - default 
2020-11-16 16:28:32.9899||INFO|LazZiya.TagHelpers.PagingTagHelper|----> PagingTagHelper - PageNo: 1, PageSize: 10, TotalRecords: 5, TotalPages: 1, QueryStringKeyPageNo: p, QueryStringKeyPageSize: s,  
2020-11-16 16:30:02.9760||DEBUG|NetNews.Program|init main function 
2020-11-16 16:30:03.5148||INFO|Detection.Startup|Starting Detection version 3.0.0.0 
2020-11-16 16:30:07.4115||INFO|LazZiya.TagHelpers.PagingTagHelper|----> PagingTagHelper SettingsJson: default - default 
2020-11-16 16:30:07.4115||INFO|LazZiya.TagHelpers.PagingTagHelper|----> PagingTagHelper - PageNo: 1, PageSize: 10, TotalRecords: 5, TotalPages: 1, QueryStringKeyPageNo: p, QueryStringKeyPageSize: s,  
2020-11-16 16:31:31.8657||DEBUG|NetNews.Program|init main function 
2020-11-16 16:31:32.6105||INFO|Detection.Startup|Starting Detection version 3.0.0.0 
2020-11-16 16:31:36.9727||INFO|LazZiya.TagHelpers.PagingTagHelper|----> PagingTagHelper SettingsJson: default - default 
2020-11-16 16:31:36.9727||INFO|LazZiya.TagHelpers.PagingTagHelper|----> PagingTagHelper - PageNo: 1, PageSize: 10, TotalRecords: 5, TotalPages: 1, QueryStringKeyPageNo: p, QueryStringKeyPageSize: s,  
2020-11-16 16:32:26.7651||DEBUG|NetNews.Program|init main function 
2020-11-16 16:32:27.3451||INFO|Detection.Startup|Starting Detection version 3.0.0.0 
2020-11-16 16:32:31.4290||INFO|LazZiya.TagHelpers.PagingTagHelper|----> PagingTagHelper SettingsJson: default - default 
2020-11-16 16:32:31.4290||INFO|LazZiya.TagHelpers.PagingTagHelper|----> PagingTagHelper - PageNo: 1, PageSize: 10, TotalRecords: 5, TotalPages: 1, QueryStringKeyPageNo: p, QueryStringKeyPageSize: s,  
2020-11-16 16:33:08.6352||DEBUG|NetNews.Program|init main function 
2020-11-16 16:33:09.2878||INFO|Detection.Startup|Starting Detection version 3.0.0.0 
2020-11-16 16:33:13.7196||INFO|LazZiya.TagHelpers.PagingTagHelper|----> PagingTagHelper SettingsJson: default - default 
2020-11-16 16:33:13.7275||INFO|LazZiya.TagHelpers.PagingTagHelper|----> PagingTagHelper - PageNo: 1, PageSize: 10, TotalRecords: 5, TotalPages: 1, QueryStringKeyPageNo: p, QueryStringKeyPageSize: s,  
2020-11-16 16:33:42.7183||DEBUG|NetNews.Program|init main function 
2020-11-16 16:33:43.4000||INFO|Detection.Startup|Starting Detection version 3.0.0.0 
2020-11-16 16:33:47.9467||INFO|LazZiya.TagHelpers.PagingTagHelper|----> PagingTagHelper SettingsJson: default - default 
2020-11-16 16:33:47.9467||INFO|LazZiya.TagHelpers.PagingTagHelper|----> PagingTagHelper - PageNo: 1, PageSize: 10, TotalRecords: 5, TotalPages: 1, QueryStringKeyPageNo: p, QueryStringKeyPageSize: s,  
2020-11-16 16:34:02.9122||INFO|LazZiya.TagHelpers.PagingTagHelper|----> PagingTagHelper SettingsJson: default - default 
2020-11-16 16:34:02.9122||INFO|LazZiya.TagHelpers.PagingTagHelper|----> PagingTagHelper - PageNo: 1, PageSize: 10, TotalRecords: 5, TotalPages: 1, QueryStringKeyPageNo: p, QueryStringKeyPageSize: s,  
2020-11-16 16:35:12.0101||DEBUG|NetNews.Program|init main function 
2020-11-16 16:35:12.4939||INFO|Detection.Startup|Starting Detection version 3.0.0.0 
2020-11-16 16:35:16.1795||INFO|LazZiya.TagHelpers.PagingTagHelper|----> PagingTagHelper SettingsJson: default - default 
2020-11-16 16:35:16.1795||INFO|LazZiya.TagHelpers.PagingTagHelper|----> PagingTagHelper - PageNo: 1, PageSize: 10, TotalRecords: 5, TotalPages: 1, QueryStringKeyPageNo: p, QueryStringKeyPageSize: s,  
2020-11-16 16:35:31.0785||INFO|LazZiya.TagHelpers.PagingTagHelper|----> PagingTagHelper SettingsJson: default - default 
2020-11-16 16:35:31.0785||INFO|LazZiya.TagHelpers.PagingTagHelper|----> PagingTagHelper - PageNo: 1, PageSize: 10, TotalRecords: 5, TotalPages: 1, QueryStringKeyPageNo: p, QueryStringKeyPageSize: s,  
2020-11-16 16:36:00.6542||DEBUG|NetNews.Program|init main function 
2020-11-16 16:36:01.3461||INFO|Detection.Startup|Starting Detection version 3.0.0.0 
2020-11-16 16:36:05.9445||INFO|LazZiya.TagHelpers.PagingTagHelper|----> PagingTagHelper SettingsJson: default - default 
2020-11-16 16:36:05.9566||INFO|LazZiya.TagHelpers.PagingTagHelper|----> PagingTagHelper - PageNo: 1, PageSize: 10, TotalRecords: 5, TotalPages: 1, QueryStringKeyPageNo: p, QueryStringKeyPageSize: s,  
2020-11-16 16:37:03.4895||DEBUG|NetNews.Program|init main function 
2020-11-16 16:37:04.0361||INFO|Detection.Startup|Starting Detection version 3.0.0.0 
2020-11-16 16:37:07.9468||INFO|LazZiya.TagHelpers.PagingTagHelper|----> PagingTagHelper SettingsJson: default - default 
2020-11-16 16:37:07.9468||INFO|LazZiya.TagHelpers.PagingTagHelper|----> PagingTagHelper - PageNo: 1, PageSize: 10, TotalRecords: 5, TotalPages: 1, QueryStringKeyPageNo: p, QueryStringKeyPageSize: s,  
2020-11-16 16:38:42.1564||INFO|LazZiya.TagHelpers.PagingTagHelper|----> PagingTagHelper SettingsJson: default - default 
2020-11-16 16:38:42.1564||INFO|LazZiya.TagHelpers.PagingTagHelper|----> PagingTagHelper - PageNo: 1, PageSize: 10, TotalRecords: 2, TotalPages: 1, QueryStringKeyPageNo: p, QueryStringKeyPageSize: s,  
2020-11-16 16:39:40.8056||DEBUG|NetNews.Program|init main function 
2020-11-16 16:39:41.6129||INFO|Detection.Startup|Starting Detection version 3.0.0.0 
2020-11-16 16:39:45.1983||INFO|LazZiya.TagHelpers.PagingTagHelper|----> PagingTagHelper SettingsJson: default - default 
2020-11-16 16:39:45.1983||INFO|LazZiya.TagHelpers.PagingTagHelper|----> PagingTagHelper - PageNo: 1, PageSize: 10, TotalRecords: 2, TotalPages: 1, QueryStringKeyPageNo: p, QueryStringKeyPageSize: s,  
2020-11-16 16:41:07.0056||DEBUG|NetNews.Program|init main function 
2020-11-16 16:41:13.6770||INFO|Detection.Startup|Starting Detection version 3.0.0.0 
2020-11-16 16:41:45.0395||INFO|LazZiya.TagHelpers.PagingTagHelper|----> PagingTagHelper SettingsJson: default - default 
2020-11-16 16:41:45.0506||INFO|LazZiya.TagHelpers.PagingTagHelper|----> PagingTagHelper - PageNo: 1, PageSize: 10, TotalRecords: 2, TotalPages: 1, QueryStringKeyPageNo: p, QueryStringKeyPageSize: s,  
2020-11-16 16:45:00.3146||DEBUG|NetNews.Program|init main function 
2020-11-16 16:45:00.8066||INFO|Detection.Startup|Starting Detection version 3.0.0.0 
2020-11-16 16:45:08.9895||INFO|LazZiya.TagHelpers.PagingTagHelper|----> PagingTagHelper SettingsJson: default - default 
2020-11-16 16:45:08.9895||INFO|LazZiya.TagHelpers.PagingTagHelper|----> PagingTagHelper - PageNo: 1, PageSize: 10, TotalRecords: 2, TotalPages: 1, QueryStringKeyPageNo: p, QueryStringKeyPageSize: s,  
2020-11-16 16:45:16.8920||INFO|LazZiya.TagHelpers.PagingTagHelper|----> PagingTagHelper SettingsJson: default - default 
2020-11-16 16:45:16.8957||INFO|LazZiya.TagHelpers.PagingTagHelper|----> PagingTagHelper - PageNo: 1, PageSize: 10, TotalRecords: 5, TotalPages: 1, QueryStringKeyPageNo: p, QueryStringKeyPageSize: s,  
2020-11-16 16:45:25.7862||INFO|LazZiya.TagHelpers.PagingTagHelper|----> PagingTagHelper SettingsJson: default - default 
2020-11-16 16:45:25.7862||INFO|LazZiya.TagHelpers.PagingTagHelper|----> PagingTagHelper - PageNo: 1, PageSize: 10, TotalRecords: 2, TotalPages: 1, QueryStringKeyPageNo: p, QueryStringKeyPageSize: s,  
2020-11-16 16:46:22.4175||DEBUG|NetNews.Program|init main function 
2020-11-16 16:46:22.9440||INFO|Detection.Startup|Starting Detection version 3.0.0.0 
2020-11-16 16:46:27.1382||INFO|LazZiya.TagHelpers.PagingTagHelper|----> PagingTagHelper SettingsJson: default - default 
2020-11-16 16:46:27.1453||INFO|LazZiya.TagHelpers.PagingTagHelper|----> PagingTagHelper - PageNo: 1, PageSize: 10, TotalRecords: 2, TotalPages: 1, QueryStringKeyPageNo: p, QueryStringKeyPageSize: s,  
2020-11-16 16:48:42.2402||DEBUG|NetNews.Program|init main function 
2020-11-16 16:48:42.7117||INFO|Detection.Startup|Starting Detection version 3.0.0.0 
2020-11-16 16:48:46.4781||INFO|LazZiya.TagHelpers.PagingTagHelper|----> PagingTagHelper SettingsJson: default - default 
2020-11-16 16:48:46.4781||INFO|LazZiya.TagHelpers.PagingTagHelper|----> PagingTagHelper - PageNo: 1, PageSize: 10, TotalRecords: 2, TotalPages: 1, QueryStringKeyPageNo: p, QueryStringKeyPageSize: s,  
2020-11-16 16:50:31.3831||INFO|LazZiya.TagHelpers.PagingTagHelper|----> PagingTagHelper SettingsJson: default - default 
2020-11-16 16:50:31.3831||INFO|LazZiya.TagHelpers.PagingTagHelper|----> PagingTagHelper - PageNo: 1, PageSize: 10, TotalRecords: 5, TotalPages: 1, QueryStringKeyPageNo: p, QueryStringKeyPageSize: s,  
2020-11-16 16:50:34.3178||INFO|LazZiya.TagHelpers.PagingTagHelper|----> PagingTagHelper SettingsJson: default - default 
2020-11-16 16:50:34.3178||INFO|LazZiya.TagHelpers.PagingTagHelper|----> PagingTagHelper - PageNo: 1, PageSize: 10, TotalRecords: 2, TotalPages: 1, QueryStringKeyPageNo: p, QueryStringKeyPageSize: s,  
2020-11-16 21:48:02.3570|7|WARN|Microsoft.AspNetCore.Session.SessionMiddleware|Error unprotecting the session cookie. System.Security.Cryptography.CryptographicException: The payload was invalid.
   at Microsoft.AspNetCore.DataProtection.Cng.CbcAuthenticatedEncryptor.DecryptImpl(Byte* pbCiphertext, UInt32 cbCiphertext, Byte* pbAdditionalAuthenticatedData, UInt32 cbAdditionalAuthenticatedData)
   at Microsoft.AspNetCore.DataProtection.Cng.Internal.CngAuthenticatedEncryptorBase.Decrypt(ArraySegment`1 ciphertext, ArraySegment`1 additionalAuthenticatedData)
   at Microsoft.AspNetCore.DataProtection.KeyManagement.KeyRingBasedDataProtector.UnprotectCore(Byte[] protectedData, Boolean allowOperationsOnRevokedKeys, UnprotectStatus& status)
   at Microsoft.AspNetCore.DataProtection.KeyManagement.KeyRingBasedDataProtector.DangerousUnprotect(Byte[] protectedData, Boolean ignoreRevocationErrors, Boolean& requiresMigration, Boolean& wasRevoked)
   at Microsoft.AspNetCore.DataProtection.KeyManagement.KeyRingBasedDataProtector.Unprotect(Byte[] protectedData)
   at Microsoft.AspNetCore.Session.CookieProtection.Unprotect(IDataProtector protector, String protectedText, ILogger logger)
2020-11-16 21:48:02.4312|7|WARN|Microsoft.AspNetCore.Session.SessionMiddleware|Error unprotecting the session cookie. System.Security.Cryptography.CryptographicException: The payload was invalid.
   at Microsoft.AspNetCore.DataProtection.Cng.CbcAuthenticatedEncryptor.DecryptImpl(Byte* pbCiphertext, UInt32 cbCiphertext, Byte* pbAdditionalAuthenticatedData, UInt32 cbAdditionalAuthenticatedData)
   at Microsoft.AspNetCore.DataProtection.Cng.Internal.CngAuthenticatedEncryptorBase.Decrypt(ArraySegment`1 ciphertext, ArraySegment`1 additionalAuthenticatedData)
   at Microsoft.AspNetCore.DataProtection.KeyManagement.KeyRingBasedDataProtector.UnprotectCore(Byte[] protectedData, Boolean allowOperationsOnRevokedKeys, UnprotectStatus& status)
   at Microsoft.AspNetCore.DataProtection.KeyManagement.KeyRingBasedDataProtector.DangerousUnprotect(Byte[] protectedData, Boolean ignoreRevocationErrors, Boolean& requiresMigration, Boolean& wasRevoked)
   at Microsoft.AspNetCore.DataProtection.KeyManagement.KeyRingBasedDataProtector.Unprotect(Byte[] protectedData)
   at Microsoft.AspNetCore.Session.CookieProtection.Unprotect(IDataProtector protector, String protectedText, ILogger logger)
2020-11-16 21:48:05.5026|7|WARN|Microsoft.AspNetCore.Session.SessionMiddleware|Error unprotecting the session cookie. System.Security.Cryptography.CryptographicException: The payload was invalid.
   at Microsoft.AspNetCore.DataProtection.Cng.CbcAuthenticatedEncryptor.DecryptImpl(Byte* pbCiphertext, UInt32 cbCiphertext, Byte* pbAdditionalAuthenticatedData, UInt32 cbAdditionalAuthenticatedData)
   at Microsoft.AspNetCore.DataProtection.Cng.Internal.CngAuthenticatedEncryptorBase.Decrypt(ArraySegment`1 ciphertext, ArraySegment`1 additionalAuthenticatedData)
   at Microsoft.AspNetCore.DataProtection.KeyManagement.KeyRingBasedDataProtector.UnprotectCore(Byte[] protectedData, Boolean allowOperationsOnRevokedKeys, UnprotectStatus& status)
   at Microsoft.AspNetCore.DataProtection.KeyManagement.KeyRingBasedDataProtector.DangerousUnprotect(Byte[] protectedData, Boolean ignoreRevocationErrors, Boolean& requiresMigration, Boolean& wasRevoked)
   at Microsoft.AspNetCore.DataProtection.KeyManagement.KeyRingBasedDataProtector.Unprotect(Byte[] protectedData)
   at Microsoft.AspNetCore.Session.CookieProtection.Unprotect(IDataProtector protector, String protectedText, ILogger logger)
2020-11-16 21:48:05.5147|7|WARN|Microsoft.AspNetCore.Session.SessionMiddleware|Error unprotecting the session cookie. System.Security.Cryptography.CryptographicException: The payload was invalid.
   at Microsoft.AspNetCore.DataProtection.Cng.CbcAuthenticatedEncryptor.DecryptImpl(Byte* pbCiphertext, UInt32 cbCiphertext, Byte* pbAdditionalAuthenticatedData, UInt32 cbAdditionalAuthenticatedData)
   at Microsoft.AspNetCore.DataProtection.Cng.Internal.CngAuthenticatedEncryptorBase.Decrypt(ArraySegment`1 ciphertext, ArraySegment`1 additionalAuthenticatedData)
   at Microsoft.AspNetCore.DataProtection.KeyManagement.KeyRingBasedDataProtector.UnprotectCore(Byte[] protectedData, Boolean allowOperationsOnRevokedKeys, UnprotectStatus& status)
   at Microsoft.AspNetCore.DataProtection.KeyManagement.KeyRingBasedDataProtector.DangerousUnprotect(Byte[] protectedData, Boolean ignoreRevocationErrors, Boolean& requiresMigration, Boolean& wasRevoked)
   at Microsoft.AspNetCore.DataProtection.KeyManagement.KeyRingBasedDataProtector.Unprotect(Byte[] protectedData)
   at Microsoft.AspNetCore.Session.CookieProtection.Unprotect(IDataProtector protector, String protectedText, ILogger logger)
2020-11-16 21:49:11.9931|3|ERROR|Microsoft.AspNetCore.Mvc.ViewFeatures.ViewResultExecutor|The view 'Index' was not found. Searched locations: /Views/Sitemap/Index.desktop.cshtml, /Views/Sitemap/Index.cshtml, /Views/Shared/Index.desktop.cshtml, /Views/Shared/Index.cshtml, /Pages/Shared/Index.desktop.cshtml, /Pages/Shared/Index.cshtml 
2020-11-16 21:49:12.0044|1|ERROR|Microsoft.AspNetCore.Diagnostics.DeveloperExceptionPageMiddleware|An unhandled exception has occurred while executing the request. System.InvalidOperationException: The view 'Index' was not found. The following locations were searched:
/Views/Sitemap/Index.desktop.cshtml
/Views/Sitemap/Index.cshtml
/Views/Shared/Index.desktop.cshtml
/Views/Shared/Index.cshtml
/Pages/Shared/Index.desktop.cshtml
/Pages/Shared/Index.cshtml
   at Microsoft.AspNetCore.Mvc.ViewEngines.ViewEngineResult.EnsureSuccessful(IEnumerable`1 originalLocations)
   at Microsoft.AspNetCore.Mvc.ViewFeatures.ViewResultExecutor.ExecuteAsync(ActionContext context, ViewResult result)
   at Microsoft.AspNetCore.Mvc.ViewResult.ExecuteResultAsync(ActionContext context)
   at Microsoft.AspNetCore.Mvc.Infrastructure.ResourceInvoker.<InvokeNextResultFilterAsync>g__Awaited|29_0[TFilter,TFilterAsync](ResourceInvoker invoker, Task lastTask, State next, Scope scope, Object state, Boolean isCompleted)
   at Microsoft.AspNetCore.Mvc.Infrastructure.ResourceInvoker.Rethrow(ResultExecutedContextSealed context)
   at Microsoft.AspNetCore.Mvc.Infrastructure.ResourceInvoker.ResultNext[TFilter,TFilterAsync](State& next, Scope& scope, Object& state, Boolean& isCompleted)
   at Microsoft.AspNetCore.Mvc.Infrastructure.ResourceInvoker.InvokeResultFilters()
--- End of stack trace from previous location where exception was thrown ---
   at Microsoft.AspNetCore.Mvc.Infrastructure.ResourceInvoker.<InvokeNextResourceFilter>g__Awaited|24_0(ResourceInvoker invoker, Task lastTask, State next, Scope scope, Object state, Boolean isCompleted)
   at Microsoft.AspNetCore.Mvc.Infrastructure.ResourceInvoker.Rethrow(ResourceExecutedContextSealed context)
   at Microsoft.AspNetCore.Mvc.Infrastructure.ResourceInvoker.Next(State& next, Scope& scope, Object& state, Boolean& isCompleted)
   at Microsoft.AspNetCore.Mvc.Infrastructure.ResourceInvoker.InvokeFilterPipelineAsync()
--- End of stack trace from previous location where exception was thrown ---
   at Microsoft.AspNetCore.Mvc.Infrastructure.ResourceInvoker.<InvokeAsync>g__Awaited|17_0(ResourceInvoker invoker, Task task, IDisposable scope)
   at Microsoft.AspNetCore.Routing.EndpointMiddleware.<Invoke>g__AwaitRequestTask|6_0(Endpoint endpoint, Task requestTask, ILogger logger)
   at Microsoft.AspNetCore.Session.SessionMiddleware.Invoke(HttpContext context)
   at Microsoft.AspNetCore.Session.SessionMiddleware.Invoke(HttpContext context)
   at Microsoft.AspNetCore.Authorization.AuthorizationMiddleware.Invoke(HttpContext context)
   at Wangkanai.Detection.Hosting.ResponsiveMiddleware.InvokeAsync(HttpContext context, IResponsiveService responsive)
   at Microsoft.AspNetCore.Session.SessionMiddleware.Invoke(HttpContext context)
   at Microsoft.AspNetCore.Session.SessionMiddleware.Invoke(HttpContext context)
   at NetNews.Startup.<>c.<<Configure>b__5_0>d.MoveNext() in C:\Users\Laiman\Documents\Visual Studio 2019\Projects\NetNewsCore\NetNewsCore\Startup.cs:line 82
--- End of stack trace from previous location where exception was thrown ---
   at Microsoft.AspNetCore.Diagnostics.DeveloperExceptionPageMiddleware.Invoke(HttpContext context)
2020-11-16 21:53:51.4942||DEBUG|NetNews.Program|init main function 
2020-11-16 21:53:52.7284||INFO|Detection.Startup|Starting Detection version 3.0.0.0 
2020-11-16 21:53:57.6305||INFO|LazZiya.TagHelpers.PagingTagHelper|----> PagingTagHelper SettingsJson: default - default 
2020-11-16 21:53:57.6305||INFO|LazZiya.TagHelpers.PagingTagHelper|----> PagingTagHelper - PageNo: 1, PageSize: 10, TotalRecords: 1, TotalPages: 1, QueryStringKeyPageNo: p, QueryStringKeyPageSize: s,  
2020-11-16 21:55:44.1359||DEBUG|NetNews.Program|init main function 
2020-11-16 21:55:44.7767||INFO|Detection.Startup|Starting Detection version 3.0.0.0 
2020-11-16 21:56:58.9143||DEBUG|NetNews.Program|init main function 
2020-11-16 21:56:59.5953||INFO|Detection.Startup|Starting Detection version 3.0.0.0 
2020-11-16 21:57:34.4184||DEBUG|NetNews.Program|init main function 
2020-11-16 21:57:35.2068||INFO|Detection.Startup|Starting Detection version 3.0.0.0 
2020-11-16 22:00:10.1705||INFO|LazZiya.TagHelpers.PagingTagHelper|----> PagingTagHelper SettingsJson: default - default 
2020-11-16 22:00:10.1781||INFO|LazZiya.TagHelpers.PagingTagHelper|----> PagingTagHelper - PageNo: 1, PageSize: 10, TotalRecords: 2, TotalPages: 1, QueryStringKeyPageNo: p, QueryStringKeyPageSize: s,  
2020-11-16 22:40:48.1708||DEBUG|NetNews.Program|init main function 
2020-11-16 22:40:48.7521||INFO|Detection.Startup|Starting Detection version 3.0.0.0 
2020-11-16 22:41:14.2018||DEBUG|NetNews.Program|init main function 
2020-11-16 22:41:14.6952||INFO|Detection.Startup|Starting Detection version 3.0.0.0 
2020-11-16 22:53:46.6301||DEBUG|NetNews.Program|init main function 
2020-11-16 22:53:47.1432||INFO|Detection.Startup|Starting Detection version 3.0.0.0 
2020-11-16 23:01:12.6259||DEBUG|NetNews.Program|init main function 
2020-11-16 23:01:13.3178||INFO|Detection.Startup|Starting Detection version 3.0.0.0 
2020-11-16 23:16:32.3841||DEBUG|NetNews.Program|init main function 
2020-11-16 23:16:32.9254||INFO|Detection.Startup|Starting Detection version 3.0.0.0 
2020-11-16 23:17:22.3345||DEBUG|NetNews.Program|init main function 
2020-11-16 23:17:22.9274||INFO|Detection.Startup|Starting Detection version 3.0.0.0 
2020-11-16 23:58:38.8606||DEBUG|NetNews.Program|init main function 
2020-11-16 23:58:43.0395||INFO|Detection.Startup|Starting Detection version 3.0.0.0 
2020-11-16 23:59:04.0053||INFO|LazZiya.TagHelpers.PagingTagHelper|----> PagingTagHelper SettingsJson: default - default 
2020-11-16 23:59:04.0053||INFO|LazZiya.TagHelpers.PagingTagHelper|----> PagingTagHelper - PageNo: 1, PageSize: 10, TotalRecords: 10, TotalPages: 1, QueryStringKeyPageNo: p, QueryStringKeyPageSize: s,  
