2020-11-18 04:23:34.6777||DEBUG|NetNews.Program|init main function 
2020-11-18 04:23:38.8470||INFO|Detection.Startup|Starting Detection version 3.0.0.0 
2020-11-18 05:27:50.0891||DEBUG|NetNews.Program|init main function 
2020-11-18 05:27:50.6147||INFO|Detection.Startup|Starting Detection version 3.0.0.0 
2020-11-18 05:29:02.4901||DEBUG|NetNews.Program|init main function 
2020-11-18 05:29:02.9991||INFO|Detection.Startup|Starting Detection version 3.0.0.0 
2020-11-18 05:30:44.5291||DEBUG|NetNews.Program|init main function 
2020-11-18 05:30:45.3743||INFO|Detection.Startup|Starting Detection version 3.0.0.0 
2020-11-18 05:32:43.6220||DEBUG|NetNews.Program|init main function 
2020-11-18 05:32:44.1470||INFO|Detection.Startup|Starting Detection version 3.0.0.0 
2020-11-18 05:42:58.6318||DEBUG|NetNews.Program|init main function 
2020-11-18 05:42:59.1608||INFO|Detection.Startup|Starting Detection version 3.0.0.0 
2020-11-18 06:12:12.7916||DEBUG|NetNews.Program|init main function 
2020-11-18 06:12:13.3031||INFO|Detection.Startup|Starting Detection version 3.0.0.0 
2020-11-18 06:18:58.8050|3|ERROR|Microsoft.AspNetCore.Mvc.ViewFeatures.ViewResultExecutor|The view 'Index' was not found. Searched locations: /Views/Authors/Index.desktop.cshtml, /Views/Authors/Index.cshtml, /Views/Shared/Index.desktop.cshtml, /Views/Shared/Index.cshtml, /Pages/Shared/Index.desktop.cshtml, /Pages/Shared/Index.cshtml 
2020-11-18 06:18:58.9359|1|ERROR|Microsoft.AspNetCore.Diagnostics.DeveloperExceptionPageMiddleware|An unhandled exception has occurred while executing the request. System.InvalidOperationException: The view 'Index' was not found. The following locations were searched:
/Views/Authors/Index.desktop.cshtml
/Views/Authors/Index.cshtml
/Views/Shared/Index.desktop.cshtml
/Views/Shared/Index.cshtml
/Pages/Shared/Index.desktop.cshtml
/Pages/Shared/Index.cshtml
   at Microsoft.AspNetCore.Mvc.ViewEngines.ViewEngineResult.EnsureSuccessful(IEnumerable`1 originalLocations)
   at Microsoft.AspNetCore.Mvc.ViewFeatures.ViewResultExecutor.ExecuteAsync(ActionContext context, ViewResult result)
   at Microsoft.AspNetCore.Mvc.ViewResult.ExecuteResultAsync(ActionContext context)
   at Microsoft.AspNetCore.Mvc.Infrastructure.ResourceInvoker.<InvokeNextResultFilterAsync>g__Awaited|29_0[TFilter,TFilterAsync](ResourceInvoker invoker, Task lastTask, State next, Scope scope, Object state, Boolean isCompleted)
   at Microsoft.AspNetCore.Mvc.Infrastructure.ResourceInvoker.Rethrow(ResultExecutedContextSealed context)
   at Microsoft.AspNetCore.Mvc.Infrastructure.ResourceInvoker.ResultNext[TFilter,TFilterAsync](State& next, Scope& scope, Object& state, Boolean& isCompleted)
   at Microsoft.AspNetCore.Mvc.Infrastructure.ResourceInvoker.InvokeResultFilters()
--- End of stack trace from previous location where exception was thrown ---
   at Microsoft.AspNetCore.Mvc.Infrastructure.ResourceInvoker.<InvokeNextResourceFilter>g__Awaited|24_0(ResourceInvoker invoker, Task lastTask, State next, Scope scope, Object state, Boolean isCompleted)
   at Microsoft.AspNetCore.Mvc.Infrastructure.ResourceInvoker.Rethrow(ResourceExecutedContextSealed context)
   at Microsoft.AspNetCore.Mvc.Infrastructure.ResourceInvoker.Next(State& next, Scope& scope, Object& state, Boolean& isCompleted)
   at Microsoft.AspNetCore.Mvc.Infrastructure.ResourceInvoker.InvokeFilterPipelineAsync()
--- End of stack trace from previous location where exception was thrown ---
   at Microsoft.AspNetCore.Mvc.Infrastructure.ResourceInvoker.<InvokeAsync>g__Awaited|17_0(ResourceInvoker invoker, Task task, IDisposable scope)
   at Microsoft.AspNetCore.Routing.EndpointMiddleware.<Invoke>g__AwaitRequestTask|6_0(Endpoint endpoint, Task requestTask, ILogger logger)
   at Microsoft.AspNetCore.Session.SessionMiddleware.Invoke(HttpContext context)
   at Microsoft.AspNetCore.Session.SessionMiddleware.Invoke(HttpContext context)
   at Microsoft.AspNetCore.Authorization.AuthorizationMiddleware.Invoke(HttpContext context)
   at Wangkanai.Detection.Hosting.ResponsiveMiddleware.InvokeAsync(HttpContext context, IResponsiveService responsive)
   at Microsoft.AspNetCore.Session.SessionMiddleware.Invoke(HttpContext context)
   at Microsoft.AspNetCore.Session.SessionMiddleware.Invoke(HttpContext context)
   at NetNews.Startup.<>c.<<Configure>b__5_0>d.MoveNext() in C:\Users\Laiman\Documents\Visual Studio 2019\Projects\NetNewsCore\NetNewsCore\Startup.cs:line 92
--- End of stack trace from previous location where exception was thrown ---
   at Microsoft.AspNetCore.Diagnostics.DeveloperExceptionPageMiddleware.Invoke(HttpContext context)
2020-11-18 06:19:33.2898|1|ERROR|Microsoft.AspNetCore.Diagnostics.DeveloperExceptionPageMiddleware|An unhandled exception has occurred while executing the request. System.InvalidOperationException: The partial view '~/Views/Shared/Templates/24News/PostDetails/AudioPostView.cshtml' was not found. The following locations were searched:
~/Views/Shared/Templates/24News/PostDetails/AudioPostView.cshtml
   at Microsoft.AspNetCore.Mvc.TagHelpers.PartialTagHelper.ProcessAsync(TagHelperContext context, TagHelperOutput output)
   at Microsoft.AspNetCore.Razor.Runtime.TagHelpers.TagHelperRunner.<RunAsync>g__Awaited|0_0(Task task, TagHelperExecutionContext executionContext, Int32 i, Int32 count)
   at AspNetCore.Views_Posts_Index.<ExecuteAsync>b__22_1() in C:\Users\Laiman\Documents\Visual Studio 2019\Projects\NetNewsCore\NetNewsCore\Views\Posts\Index.cshtml:line 66
   at Microsoft.AspNetCore.Razor.Runtime.TagHelpers.TagHelperExecutionContext.SetOutputContentAsync()
   at AspNetCore.Views_Posts_Index.ExecuteAsync() in C:\Users\Laiman\Documents\Visual Studio 2019\Projects\NetNewsCore\NetNewsCore\Views\Posts\Index.cshtml:line 11
   at Microsoft.AspNetCore.Mvc.Razor.RazorView.RenderPageCoreAsync(IRazorPage page, ViewContext context)
   at Microsoft.AspNetCore.Mvc.Razor.RazorView.RenderPageAsync(IRazorPage page, ViewContext context, Boolean invokeViewStarts)
   at Microsoft.AspNetCore.Mvc.Razor.RazorView.RenderAsync(ViewContext context)
   at Microsoft.AspNetCore.Mvc.ViewFeatures.ViewExecutor.ExecuteAsync(ViewContext viewContext, String contentType, Nullable`1 statusCode)
   at Microsoft.AspNetCore.Mvc.ViewFeatures.ViewExecutor.ExecuteAsync(ViewContext viewContext, String contentType, Nullable`1 statusCode)
   at Microsoft.AspNetCore.Mvc.ViewFeatures.ViewExecutor.ExecuteAsync(ActionContext actionContext, IView view, ViewDataDictionary viewData, ITempDataDictionary tempData, String contentType, Nullable`1 statusCode)
   at Microsoft.AspNetCore.Mvc.ViewFeatures.ViewResultExecutor.ExecuteAsync(ActionContext context, ViewResult result)
   at Microsoft.AspNetCore.Mvc.ViewResult.ExecuteResultAsync(ActionContext context)
   at Microsoft.AspNetCore.Mvc.Infrastructure.ResourceInvoker.<InvokeNextResultFilterAsync>g__Awaited|29_0[TFilter,TFilterAsync](ResourceInvoker invoker, Task lastTask, State next, Scope scope, Object state, Boolean isCompleted)
   at Microsoft.AspNetCore.Mvc.Infrastructure.ResourceInvoker.Rethrow(ResultExecutedContextSealed context)
   at Microsoft.AspNetCore.Mvc.Infrastructure.ResourceInvoker.ResultNext[TFilter,TFilterAsync](State& next, Scope& scope, Object& state, Boolean& isCompleted)
   at Microsoft.AspNetCore.Mvc.Infrastructure.ResourceInvoker.InvokeResultFilters()
--- End of stack trace from previous location where exception was thrown ---
   at Microsoft.AspNetCore.Mvc.Infrastructure.ResourceInvoker.<InvokeNextResourceFilter>g__Awaited|24_0(ResourceInvoker invoker, Task lastTask, State next, Scope scope, Object state, Boolean isCompleted)
   at Microsoft.AspNetCore.Mvc.Infrastructure.ResourceInvoker.Rethrow(ResourceExecutedContextSealed context)
   at Microsoft.AspNetCore.Mvc.Infrastructure.ResourceInvoker.Next(State& next, Scope& scope, Object& state, Boolean& isCompleted)
   at Microsoft.AspNetCore.Mvc.Infrastructure.ResourceInvoker.InvokeFilterPipelineAsync()
--- End of stack trace from previous location where exception was thrown ---
   at Microsoft.AspNetCore.Mvc.Infrastructure.ResourceInvoker.<InvokeAsync>g__Awaited|17_0(ResourceInvoker invoker, Task task, IDisposable scope)
   at Microsoft.AspNetCore.Routing.EndpointMiddleware.<Invoke>g__AwaitRequestTask|6_0(Endpoint endpoint, Task requestTask, ILogger logger)
   at Microsoft.AspNetCore.Session.SessionMiddleware.Invoke(HttpContext context)
   at Microsoft.AspNetCore.Session.SessionMiddleware.Invoke(HttpContext context)
   at Microsoft.AspNetCore.Authorization.AuthorizationMiddleware.Invoke(HttpContext context)
   at Wangkanai.Detection.Hosting.ResponsiveMiddleware.InvokeAsync(HttpContext context, IResponsiveService responsive)
   at Microsoft.AspNetCore.Session.SessionMiddleware.Invoke(HttpContext context)
   at Microsoft.AspNetCore.Session.SessionMiddleware.Invoke(HttpContext context)
   at NetNews.Startup.<>c.<<Configure>b__5_0>d.MoveNext() in C:\Users\Laiman\Documents\Visual Studio 2019\Projects\NetNewsCore\NetNewsCore\Startup.cs:line 92
--- End of stack trace from previous location where exception was thrown ---
   at Microsoft.AspNetCore.Diagnostics.DeveloperExceptionPageMiddleware.Invoke(HttpContext context)
2020-11-18 06:28:36.7706||DEBUG|NetNews.Program|init main function 
2020-11-18 06:28:37.7000||INFO|Detection.Startup|Starting Detection version 3.0.0.0 
2020-11-18 06:30:27.5446||DEBUG|NetNews.Program|init main function 
2020-11-18 06:30:28.2647||INFO|Detection.Startup|Starting Detection version 3.0.0.0 
2020-11-18 06:41:41.9046||DEBUG|NetNews.Program|init main function 
2020-11-18 06:41:42.6315||INFO|Detection.Startup|Starting Detection version 3.0.0.0 
2020-11-18 06:43:47.1173||INFO|LazZiya.TagHelpers.PagingTagHelper|----> PagingTagHelper SettingsJson: default - default 
2020-11-18 06:43:47.1254||INFO|LazZiya.TagHelpers.PagingTagHelper|----> PagingTagHelper - PageNo: 1, PageSize: 10, TotalRecords: 3, TotalPages: 1, QueryStringKeyPageNo: p, QueryStringKeyPageSize: s,  
2020-11-18 06:49:46.7340||DEBUG|NetNews.Program|init main function 
2020-11-18 06:49:47.4310||INFO|Detection.Startup|Starting Detection version 3.0.0.0 
2020-11-18 06:49:49.8112|3|ERROR|Microsoft.AspNetCore.Mvc.ViewFeatures.ViewResultExecutor|The view 'Index' was not found. Searched locations: /Views/Authors/Index.desktop.cshtml, /Views/Authors/Index.cshtml, /Views/Shared/Index.desktop.cshtml, /Views/Shared/Index.cshtml, /Pages/Shared/Index.desktop.cshtml, /Pages/Shared/Index.cshtml 
2020-11-18 06:49:49.8112|1|ERROR|Microsoft.AspNetCore.Diagnostics.DeveloperExceptionPageMiddleware|An unhandled exception has occurred while executing the request. System.InvalidOperationException: The view 'Index' was not found. The following locations were searched:
/Views/Authors/Index.desktop.cshtml
/Views/Authors/Index.cshtml
/Views/Shared/Index.desktop.cshtml
/Views/Shared/Index.cshtml
/Pages/Shared/Index.desktop.cshtml
/Pages/Shared/Index.cshtml
   at Microsoft.AspNetCore.Mvc.ViewEngines.ViewEngineResult.EnsureSuccessful(IEnumerable`1 originalLocations)
   at Microsoft.AspNetCore.Mvc.ViewFeatures.ViewResultExecutor.ExecuteAsync(ActionContext context, ViewResult result)
   at Microsoft.AspNetCore.Mvc.ViewResult.ExecuteResultAsync(ActionContext context)
   at Microsoft.AspNetCore.Mvc.Infrastructure.ResourceInvoker.<InvokeNextResultFilterAsync>g__Awaited|29_0[TFilter,TFilterAsync](ResourceInvoker invoker, Task lastTask, State next, Scope scope, Object state, Boolean isCompleted)
   at Microsoft.AspNetCore.Mvc.Infrastructure.ResourceInvoker.Rethrow(ResultExecutedContextSealed context)
   at Microsoft.AspNetCore.Mvc.Infrastructure.ResourceInvoker.ResultNext[TFilter,TFilterAsync](State& next, Scope& scope, Object& state, Boolean& isCompleted)
   at Microsoft.AspNetCore.Mvc.Infrastructure.ResourceInvoker.InvokeResultFilters()
--- End of stack trace from previous location where exception was thrown ---
   at Microsoft.AspNetCore.Mvc.Infrastructure.ResourceInvoker.<InvokeNextResourceFilter>g__Awaited|24_0(ResourceInvoker invoker, Task lastTask, State next, Scope scope, Object state, Boolean isCompleted)
   at Microsoft.AspNetCore.Mvc.Infrastructure.ResourceInvoker.Rethrow(ResourceExecutedContextSealed context)
   at Microsoft.AspNetCore.Mvc.Infrastructure.ResourceInvoker.Next(State& next, Scope& scope, Object& state, Boolean& isCompleted)
   at Microsoft.AspNetCore.Mvc.Infrastructure.ResourceInvoker.InvokeFilterPipelineAsync()
--- End of stack trace from previous location where exception was thrown ---
   at Microsoft.AspNetCore.Mvc.Infrastructure.ResourceInvoker.<InvokeAsync>g__Awaited|17_0(ResourceInvoker invoker, Task task, IDisposable scope)
   at Microsoft.AspNetCore.Routing.EndpointMiddleware.<Invoke>g__AwaitRequestTask|6_0(Endpoint endpoint, Task requestTask, ILogger logger)
   at Microsoft.AspNetCore.Session.SessionMiddleware.Invoke(HttpContext context)
   at Microsoft.AspNetCore.Session.SessionMiddleware.Invoke(HttpContext context)
   at Microsoft.AspNetCore.Authorization.AuthorizationMiddleware.Invoke(HttpContext context)
   at Wangkanai.Detection.Hosting.ResponsiveMiddleware.InvokeAsync(HttpContext context, IResponsiveService responsive)
   at Microsoft.AspNetCore.Session.SessionMiddleware.Invoke(HttpContext context)
   at Microsoft.AspNetCore.Session.SessionMiddleware.Invoke(HttpContext context)
   at NetNews.Startup.<>c.<<Configure>b__5_0>d.MoveNext() in C:\Users\Laiman\Documents\Visual Studio 2019\Projects\NetNewsCore\NetNewsCore\Startup.cs:line 82
--- End of stack trace from previous location where exception was thrown ---
   at Microsoft.AspNetCore.Diagnostics.DeveloperExceptionPageMiddleware.Invoke(HttpContext context)
2020-11-18 07:04:20.4965||DEBUG|NetNews.Program|init main function 
2020-11-18 07:04:21.2010||INFO|Detection.Startup|Starting Detection version 3.0.0.0 
2020-11-18 07:04:50.4921|1|ERROR|Microsoft.AspNetCore.Diagnostics.DeveloperExceptionPageMiddleware|An unhandled exception has occurred while executing the request. System.InvalidOperationException: The model item passed into the ViewDataDictionary is of type 'NetNews.Models.AccountsDataModel.AccountDetailsModel', but this ViewDataDictionary instance requires a model item of type 'NetNews.Models.AppDataModels.LoginViewModel'.
   at Microsoft.AspNetCore.Mvc.ViewFeatures.ViewDataDictionary.EnsureCompatible(Object value)
   at Microsoft.AspNetCore.Mvc.ViewFeatures.ViewDataDictionary..ctor(ViewDataDictionary source, Object model, Type declaredModelType)
   at lambda_method(Closure , ViewDataDictionary )
   at Microsoft.AspNetCore.Mvc.Razor.RazorPagePropertyActivator.CreateViewDataDictionary(ViewContext context)
   at Microsoft.AspNetCore.Mvc.Razor.RazorPagePropertyActivator.Activate(Object page, ViewContext context)
   at Microsoft.AspNetCore.Mvc.Razor.RazorPageActivator.Activate(IRazorPage page, ViewContext context)
   at Microsoft.AspNetCore.Mvc.Razor.RazorView.RenderPageCoreAsync(IRazorPage page, ViewContext context)
   at Microsoft.AspNetCore.Mvc.Razor.RazorView.RenderPageAsync(IRazorPage page, ViewContext context, Boolean invokeViewStarts)
   at Microsoft.AspNetCore.Mvc.Razor.RazorView.RenderAsync(ViewContext context)
   at Microsoft.AspNetCore.Mvc.ViewFeatures.ViewExecutor.ExecuteAsync(ViewContext viewContext, String contentType, Nullable`1 statusCode)
   at Microsoft.AspNetCore.Mvc.ViewFeatures.ViewExecutor.ExecuteAsync(ViewContext viewContext, String contentType, Nullable`1 statusCode)
   at Microsoft.AspNetCore.Mvc.ViewFeatures.ViewExecutor.ExecuteAsync(ActionContext actionContext, IView view, ViewDataDictionary viewData, ITempDataDictionary tempData, String contentType, Nullable`1 statusCode)
   at Microsoft.AspNetCore.Mvc.ViewFeatures.ViewResultExecutor.ExecuteAsync(ActionContext context, ViewResult result)
   at Microsoft.AspNetCore.Mvc.ViewResult.ExecuteResultAsync(ActionContext context)
   at Microsoft.AspNetCore.Mvc.Infrastructure.ResourceInvoker.<InvokeNextResultFilterAsync>g__Awaited|29_0[TFilter,TFilterAsync](ResourceInvoker invoker, Task lastTask, State next, Scope scope, Object state, Boolean isCompleted)
   at Microsoft.AspNetCore.Mvc.Infrastructure.ResourceInvoker.Rethrow(ResultExecutedContextSealed context)
   at Microsoft.AspNetCore.Mvc.Infrastructure.ResourceInvoker.ResultNext[TFilter,TFilterAsync](State& next, Scope& scope, Object& state, Boolean& isCompleted)
   at Microsoft.AspNetCore.Mvc.Infrastructure.ResourceInvoker.InvokeResultFilters()
--- End of stack trace from previous location where exception was thrown ---
   at Microsoft.AspNetCore.Mvc.Infrastructure.ResourceInvoker.<InvokeNextResourceFilter>g__Awaited|24_0(ResourceInvoker invoker, Task lastTask, State next, Scope scope, Object state, Boolean isCompleted)
   at Microsoft.AspNetCore.Mvc.Infrastructure.ResourceInvoker.Rethrow(ResourceExecutedContextSealed context)
   at Microsoft.AspNetCore.Mvc.Infrastructure.ResourceInvoker.Next(State& next, Scope& scope, Object& state, Boolean& isCompleted)
   at Microsoft.AspNetCore.Mvc.Infrastructure.ResourceInvoker.InvokeFilterPipelineAsync()
--- End of stack trace from previous location where exception was thrown ---
   at Microsoft.AspNetCore.Mvc.Infrastructure.ResourceInvoker.<InvokeAsync>g__Awaited|17_0(ResourceInvoker invoker, Task task, IDisposable scope)
   at Microsoft.AspNetCore.Routing.EndpointMiddleware.<Invoke>g__AwaitRequestTask|6_0(Endpoint endpoint, Task requestTask, ILogger logger)
   at Microsoft.AspNetCore.Session.SessionMiddleware.Invoke(HttpContext context)
   at Microsoft.AspNetCore.Session.SessionMiddleware.Invoke(HttpContext context)
   at Microsoft.AspNetCore.Authorization.AuthorizationMiddleware.Invoke(HttpContext context)
   at Wangkanai.Detection.Hosting.ResponsiveMiddleware.InvokeAsync(HttpContext context, IResponsiveService responsive)
   at Microsoft.AspNetCore.Session.SessionMiddleware.Invoke(HttpContext context)
   at Microsoft.AspNetCore.Session.SessionMiddleware.Invoke(HttpContext context)
   at NetNews.Startup.<>c.<<Configure>b__5_0>d.MoveNext() in C:\Users\Laiman\Documents\Visual Studio 2019\Projects\NetNewsCore\NetNewsCore\Startup.cs:line 82
--- End of stack trace from previous location where exception was thrown ---
   at Microsoft.AspNetCore.Diagnostics.DeveloperExceptionPageMiddleware.Invoke(HttpContext context)
2020-11-18 07:05:41.1205||DEBUG|NetNews.Program|init main function 
2020-11-18 07:05:41.9265||INFO|Detection.Startup|Starting Detection version 3.0.0.0 
2020-11-18 07:06:44.6840||DEBUG|NetNews.Program|init main function 
2020-11-18 07:06:45.4959||INFO|Detection.Startup|Starting Detection version 3.0.0.0 
2020-11-18 07:12:25.7929||DEBUG|NetNews.Program|init main function 
2020-11-18 07:12:26.5060||INFO|Detection.Startup|Starting Detection version 3.0.0.0 
2020-11-18 07:13:52.1067||DEBUG|NetNews.Program|init main function 
2020-11-18 07:13:52.8224||INFO|Detection.Startup|Starting Detection version 3.0.0.0 
2020-11-18 07:14:59.2390||DEBUG|NetNews.Program|init main function 
2020-11-18 07:14:59.9774||INFO|Detection.Startup|Starting Detection version 3.0.0.0 
2020-11-18 07:15:32.5242||DEBUG|NetNews.Program|init main function 
2020-11-18 07:15:33.2902||INFO|Detection.Startup|Starting Detection version 3.0.0.0 
2020-11-18 07:16:13.6135||DEBUG|NetNews.Program|init main function 
2020-11-18 07:16:14.1434||INFO|Detection.Startup|Starting Detection version 3.0.0.0 
2020-11-18 07:17:04.4417||DEBUG|NetNews.Program|init main function 
2020-11-18 07:17:05.0328||INFO|Detection.Startup|Starting Detection version 3.0.0.0 
2020-11-18 07:17:08.9413||INFO|LazZiya.TagHelpers.PagingTagHelper|----> PagingTagHelper SettingsJson: default - default 
2020-11-18 07:17:08.9413||INFO|LazZiya.TagHelpers.PagingTagHelper|----> PagingTagHelper - PageNo: 1, PageSize: 10, TotalRecords: 2, TotalPages: 1, QueryStringKeyPageNo: p, QueryStringKeyPageSize: s,  
2020-11-18 07:17:52.8652||INFO|LazZiya.TagHelpers.PagingTagHelper|----> PagingTagHelper SettingsJson: default - default 
2020-11-18 07:17:52.8652||INFO|LazZiya.TagHelpers.PagingTagHelper|----> PagingTagHelper - PageNo: 1, PageSize: 10, TotalRecords: 2, TotalPages: 1, QueryStringKeyPageNo: p, QueryStringKeyPageSize: s,  
2020-11-18 07:19:08.2137||INFO|LazZiya.TagHelpers.PagingTagHelper|----> PagingTagHelper SettingsJson: default - default 
2020-11-18 07:19:08.2137||INFO|LazZiya.TagHelpers.PagingTagHelper|----> PagingTagHelper - PageNo: 1, PageSize: 10, TotalRecords: 2, TotalPages: 1, QueryStringKeyPageNo: p, QueryStringKeyPageSize: s,  
2020-11-18 07:21:29.5214||DEBUG|NetNews.Program|init main function 
2020-11-18 07:21:30.3021||INFO|Detection.Startup|Starting Detection version 3.0.0.0 
2020-11-18 07:21:35.0305||INFO|LazZiya.TagHelpers.PagingTagHelper|----> PagingTagHelper SettingsJson: default - default 
2020-11-18 07:21:35.0305||INFO|LazZiya.TagHelpers.PagingTagHelper|----> PagingTagHelper - PageNo: 1, PageSize: 10, TotalRecords: 13, TotalPages: 2, QueryStringKeyPageNo: p, QueryStringKeyPageSize: s,  
2020-11-18 07:24:28.2358||DEBUG|NetNews.Program|init main function 
2020-11-18 07:24:28.8795||INFO|Detection.Startup|Starting Detection version 3.0.0.0 
2020-11-18 07:25:36.4902||DEBUG|NetNews.Program|init main function 
2020-11-18 07:25:37.2943||INFO|Detection.Startup|Starting Detection version 3.0.0.0 
2020-11-18 07:26:18.6514||DEBUG|NetNews.Program|init main function 
2020-11-18 07:26:19.3965||INFO|Detection.Startup|Starting Detection version 3.0.0.0 
2020-11-18 07:27:19.8163||DEBUG|NetNews.Program|init main function 
2020-11-18 07:27:20.4051||INFO|Detection.Startup|Starting Detection version 3.0.0.0 
2020-11-18 07:27:25.2019||INFO|LazZiya.TagHelpers.PagingTagHelper|----> PagingTagHelper SettingsJson: default - default 
2020-11-18 07:27:25.2019||INFO|LazZiya.TagHelpers.PagingTagHelper|----> PagingTagHelper - PageNo: 1, PageSize: 10, TotalRecords: 1, TotalPages: 1, QueryStringKeyPageNo: p, QueryStringKeyPageSize: s,  
2020-11-18 07:29:06.8863||DEBUG|NetNews.Program|init main function 
2020-11-18 07:29:07.6065||INFO|Detection.Startup|Starting Detection version 3.0.0.0 
2020-11-18 07:29:35.9984||DEBUG|NetNews.Program|init main function 
2020-11-18 07:29:36.7653||INFO|Detection.Startup|Starting Detection version 3.0.0.0 
2020-11-18 07:31:04.0390||DEBUG|NetNews.Program|init main function 
2020-11-18 07:31:10.2388||INFO|Detection.Startup|Starting Detection version 3.0.0.0 
2020-11-18 07:46:33.6192||DEBUG|NetNews.Program|init main function 
2020-11-18 07:46:34.6170||INFO|Detection.Startup|Starting Detection version 3.0.0.0 
2020-11-18 07:48:29.2935||DEBUG|NetNews.Program|init main function 
2020-11-18 07:48:30.2527||INFO|Detection.Startup|Starting Detection version 3.0.0.0 
2020-11-18 07:48:57.2572||DEBUG|NetNews.Program|init main function 
2020-11-18 07:48:57.9528||INFO|Detection.Startup|Starting Detection version 3.0.0.0 
2020-11-18 07:49:40.9732||INFO|LazZiya.TagHelpers.PagingTagHelper|----> PagingTagHelper SettingsJson: default - default 
2020-11-18 07:49:40.9732||INFO|LazZiya.TagHelpers.PagingTagHelper|----> PagingTagHelper - PageNo: 1, PageSize: 10, TotalRecords: 18, TotalPages: 2, QueryStringKeyPageNo: p, QueryStringKeyPageSize: s,  
2020-11-18 07:56:06.9373||DEBUG|NetNews.Program|init main function 
2020-11-18 07:56:07.6886||INFO|Detection.Startup|Starting Detection version 3.0.0.0 
2020-11-18 08:01:40.2826||DEBUG|NetNews.Program|init main function 
2020-11-18 08:01:40.8964||INFO|Detection.Startup|Starting Detection version 3.0.0.0 
2020-11-18 08:03:27.9745||DEBUG|NetNews.Program|init main function 
2020-11-18 08:03:28.8014||INFO|Detection.Startup|Starting Detection version 3.0.0.0 
2020-11-18 08:03:42.7965|1|ERROR|Microsoft.AspNetCore.Diagnostics.DeveloperExceptionPageMiddleware|An unhandled exception has occurred while executing the request. Microsoft.Data.SqlClient.SqlException (0x80131904): Transaction (Process ID 55) was deadlocked on lock resources with another process and has been chosen as the deadlock victim. Rerun the transaction.
   at Microsoft.Data.SqlClient.SqlConnection.OnError(SqlException exception, Boolean breakConnection, Action`1 wrapCloseInAction)
   at Microsoft.Data.SqlClient.SqlInternalConnection.OnError(SqlException exception, Boolean breakConnection, Action`1 wrapCloseInAction)
   at Microsoft.Data.SqlClient.TdsParser.ThrowExceptionAndWarning(TdsParserStateObject stateObj, Boolean callerHasConnectionLock, Boolean asyncClose)
   at Microsoft.Data.SqlClient.TdsParser.TryRun(RunBehavior runBehavior, SqlCommand cmdHandler, SqlDataReader dataStream, BulkCopySimpleResultSet bulkCopyHandler, TdsParserStateObject stateObj, Boolean& dataReady)
   at Microsoft.Data.SqlClient.SqlDataReader.TryHasMoreRows(Boolean& moreRows)
   at Microsoft.Data.SqlClient.SqlDataReader.TryReadInternal(Boolean setTimeout, Boolean& more)
   at Microsoft.Data.SqlClient.SqlDataReader.Read()
   at Microsoft.EntityFrameworkCore.Storage.RelationalDataReader.Read()
   at Microsoft.EntityFrameworkCore.Query.Internal.QueryingEnumerable`1.Enumerator.MoveNext()
   at System.Linq.Enumerable.Single[TSource](IEnumerable`1 source)
   at Microsoft.EntityFrameworkCore.Query.Internal.QueryCompiler.Execute[TResult](Expression query)
   at Microsoft.EntityFrameworkCore.Query.Internal.EntityQueryProvider.Execute[TResult](Expression expression)
   at System.Linq.Queryable.Count[TSource](IQueryable`1 source, Expression`1 predicate)
   at AppHelpers.App_Code.PostHelper.GetPostViews(String post_id) in C:\Users\Laiman\Documents\Visual Studio 2019\Projects\NetNewsCore\NetNewsCore\App_Code\AppHelpers.cs:line 555
   at AspNetCore.Views_Shared_Templates_24News_PostDetails__StandardNewsPostView.ExecuteAsync() in C:\Users\Laiman\Documents\Visual Studio 2019\Projects\NetNewsCore\NetNewsCore\Views\Shared\Templates\24News\PostDetails\_StandardNewsPostView.cshtml:line 27
   at Microsoft.AspNetCore.Mvc.Razor.RazorView.RenderPageCoreAsync(IRazorPage page, ViewContext context)
   at Microsoft.AspNetCore.Mvc.Razor.RazorView.RenderPageAsync(IRazorPage page, ViewContext context, Boolean invokeViewStarts)
   at Microsoft.AspNetCore.Mvc.Razor.RazorView.RenderAsync(ViewContext context)
   at Microsoft.AspNetCore.Mvc.TagHelpers.PartialTagHelper.RenderPartialViewAsync(TextWriter writer, Object model, IView view)
   at Microsoft.AspNetCore.Mvc.TagHelpers.PartialTagHelper.ProcessAsync(TagHelperContext context, TagHelperOutput output)
   at Microsoft.AspNetCore.Razor.Runtime.TagHelpers.TagHelperRunner.<RunAsync>g__Awaited|0_0(Task task, TagHelperExecutionContext executionContext, Int32 i, Int32 count)
   at AspNetCore.Views_Posts_Index.<ExecuteAsync>b__22_1() in C:\Users\Laiman\Documents\Visual Studio 2019\Projects\NetNewsCore\NetNewsCore\Views\Posts\Index.cshtml:line 50
   at Microsoft.AspNetCore.Razor.Runtime.TagHelpers.TagHelperExecutionContext.SetOutputContentAsync()
   at AspNetCore.Views_Posts_Index.ExecuteAsync() in C:\Users\Laiman\Documents\Visual Studio 2019\Projects\NetNewsCore\NetNewsCore\Views\Posts\Index.cshtml:line 11
   at Microsoft.AspNetCore.Mvc.Razor.RazorView.RenderPageCoreAsync(IRazorPage page, ViewContext context)
   at Microsoft.AspNetCore.Mvc.Razor.RazorView.RenderPageAsync(IRazorPage page, ViewContext context, Boolean invokeViewStarts)
   at Microsoft.AspNetCore.Mvc.Razor.RazorView.RenderAsync(ViewContext context)
   at Microsoft.AspNetCore.Mvc.ViewFeatures.ViewExecutor.ExecuteAsync(ViewContext viewContext, String contentType, Nullable`1 statusCode)
   at Microsoft.AspNetCore.Mvc.ViewFeatures.ViewExecutor.ExecuteAsync(ViewContext viewContext, String contentType, Nullable`1 statusCode)
   at Microsoft.AspNetCore.Mvc.ViewFeatures.ViewExecutor.ExecuteAsync(ActionContext actionContext, IView view, ViewDataDictionary viewData, ITempDataDictionary tempData, String contentType, Nullable`1 statusCode)
   at Microsoft.AspNetCore.Mvc.ViewFeatures.ViewResultExecutor.ExecuteAsync(ActionContext context, ViewResult result)
   at Microsoft.AspNetCore.Mvc.ViewResult.ExecuteResultAsync(ActionContext context)
   at Microsoft.AspNetCore.Mvc.Infrastructure.ResourceInvoker.<InvokeNextResultFilterAsync>g__Awaited|29_0[TFilter,TFilterAsync](ResourceInvoker invoker, Task lastTask, State next, Scope scope, Object state, Boolean isCompleted)
   at Microsoft.AspNetCore.Mvc.Infrastructure.ResourceInvoker.Rethrow(ResultExecutedContextSealed context)
   at Microsoft.AspNetCore.Mvc.Infrastructure.ResourceInvoker.ResultNext[TFilter,TFilterAsync](State& next, Scope& scope, Object& state, Boolean& isCompleted)
   at Microsoft.AspNetCore.Mvc.Infrastructure.ResourceInvoker.InvokeResultFilters()
--- End of stack trace from previous location where exception was thrown ---
   at Microsoft.AspNetCore.Mvc.Infrastructure.ResourceInvoker.<InvokeNextResourceFilter>g__Awaited|24_0(ResourceInvoker invoker, Task lastTask, State next, Scope scope, Object state, Boolean isCompleted)
   at Microsoft.AspNetCore.Mvc.Infrastructure.ResourceInvoker.Rethrow(ResourceExecutedContextSealed context)
   at Microsoft.AspNetCore.Mvc.Infrastructure.ResourceInvoker.Next(State& next, Scope& scope, Object& state, Boolean& isCompleted)
   at Microsoft.AspNetCore.Mvc.Infrastructure.ResourceInvoker.InvokeFilterPipelineAsync()
--- End of stack trace from previous location where exception was thrown ---
   at Microsoft.AspNetCore.Mvc.Infrastructure.ResourceInvoker.<InvokeAsync>g__Awaited|17_0(ResourceInvoker invoker, Task task, IDisposable scope)
   at Microsoft.AspNetCore.Routing.EndpointMiddleware.<Invoke>g__AwaitRequestTask|6_0(Endpoint endpoint, Task requestTask, ILogger logger)
   at Microsoft.AspNetCore.Session.SessionMiddleware.Invoke(HttpContext context)
   at Microsoft.AspNetCore.Session.SessionMiddleware.Invoke(HttpContext context)
   at Microsoft.AspNetCore.Authorization.AuthorizationMiddleware.Invoke(HttpContext context)
   at Microsoft.AspNetCore.Routing.EndpointRoutingMiddleware.<Invoke>g__AwaitMatcher|8_0(EndpointRoutingMiddleware middleware, HttpContext httpContext, Task`1 matcherTask)
   at Wangkanai.Detection.Hosting.ResponsiveMiddleware.InvokeAsync(HttpContext context, IResponsiveService responsive)
   at Microsoft.AspNetCore.Session.SessionMiddleware.Invoke(HttpContext context)
   at Microsoft.AspNetCore.Session.SessionMiddleware.Invoke(HttpContext context)
   at NetNews.Startup.<>c.<<Configure>b__5_0>d.MoveNext() in C:\Users\Laiman\Documents\Visual Studio 2019\Projects\NetNewsCore\NetNewsCore\Startup.cs:line 82
--- End of stack trace from previous location where exception was thrown ---
   at Microsoft.AspNetCore.Diagnostics.DeveloperExceptionPageMiddleware.Invoke(HttpContext context)
ClientConnectionId:e46142f9-eaca-469a-a2a3-a2e5cf31bcf7
Error Number:1205,State:45,Class:13
2020-11-18 08:08:26.8625||DEBUG|NetNews.Program|init main function 
2020-11-18 08:08:27.4999||INFO|Detection.Startup|Starting Detection version 3.0.0.0 
2020-11-18 08:25:53.5626||DEBUG|NetNews.Program|init main function 
2020-11-18 08:25:54.0579||INFO|Detection.Startup|Starting Detection version 3.0.0.0 
2020-11-18 08:27:55.5565||DEBUG|NetNews.Program|init main function 
2020-11-18 08:27:56.1477||INFO|Detection.Startup|Starting Detection version 3.0.0.0 
2020-11-18 08:29:17.6836||DEBUG|NetNews.Program|init main function 
2020-11-18 08:29:18.5672||INFO|Detection.Startup|Starting Detection version 3.0.0.0 
2020-11-18 08:29:42.6623||DEBUG|NetNews.Program|init main function 
2020-11-18 08:29:43.2589||INFO|Detection.Startup|Starting Detection version 3.0.0.0 
2020-11-18 08:34:45.7393||DEBUG|NetNews.Program|init main function 
2020-11-18 08:34:46.6147||INFO|Detection.Startup|Starting Detection version 3.0.0.0 
2020-11-18 08:36:59.8032||DEBUG|NetNews.Program|init main function 
2020-11-18 08:37:00.5287||INFO|Detection.Startup|Starting Detection version 3.0.0.0 
2020-11-18 08:38:14.3702||DEBUG|NetNews.Program|init main function 
2020-11-18 08:38:14.8849||INFO|Detection.Startup|Starting Detection version 3.0.0.0 
2020-11-18 08:38:50.6867||DEBUG|NetNews.Program|init main function 
2020-11-18 08:38:51.2537||INFO|Detection.Startup|Starting Detection version 3.0.0.0 
2020-11-18 08:39:53.6689||DEBUG|NetNews.Program|init main function 
2020-11-18 08:39:54.2045||INFO|Detection.Startup|Starting Detection version 3.0.0.0 
2020-11-18 08:40:58.6920||DEBUG|NetNews.Program|init main function 
2020-11-18 08:40:59.1628||INFO|Detection.Startup|Starting Detection version 3.0.0.0 
2020-11-18 08:42:19.2580||DEBUG|NetNews.Program|init main function 
2020-11-18 08:42:19.7936||INFO|Detection.Startup|Starting Detection version 3.0.0.0 
2020-11-18 08:42:37.6820||DEBUG|NetNews.Program|init main function 
2020-11-18 08:42:38.2756||INFO|Detection.Startup|Starting Detection version 3.0.0.0 
2020-11-18 08:47:26.2488||DEBUG|NetNews.Program|init main function 
2020-11-18 08:47:26.8260||INFO|Detection.Startup|Starting Detection version 3.0.0.0 
2020-11-18 08:48:42.0549||DEBUG|NetNews.Program|init main function 
2020-11-18 08:48:42.8746||INFO|Detection.Startup|Starting Detection version 3.0.0.0 
2020-11-18 22:24:57.4383||DEBUG|NetNews.Program|init main function 
2020-11-18 22:24:58.5489||INFO|Detection.Startup|Starting Detection version 3.0.0.0 
2020-11-18 22:27:22.4844||DEBUG|NetNews.Program|init main function 
2020-11-18 22:27:23.1329||INFO|Detection.Startup|Starting Detection version 3.0.0.0 
2020-11-18 22:29:09.3485||DEBUG|NetNews.Program|init main function 
2020-11-18 22:29:09.9381||INFO|Detection.Startup|Starting Detection version 3.0.0.0 
2020-11-18 22:30:04.5659||DEBUG|NetNews.Program|init main function 
2020-11-18 22:30:05.6048||INFO|Detection.Startup|Starting Detection version 3.0.0.0 
2020-11-18 22:30:34.9274||DEBUG|NetNews.Program|init main function 
2020-11-18 22:30:35.7629||INFO|Detection.Startup|Starting Detection version 3.0.0.0 
2020-11-18 22:34:10.3254||DEBUG|NetNews.Program|init main function 
2020-11-18 22:34:11.0186||INFO|Detection.Startup|Starting Detection version 3.0.0.0 
2020-11-18 22:51:25.9204||DEBUG|NetNews.Program|init main function 
2020-11-18 22:51:26.2975||INFO|Detection.Startup|Starting Detection version 3.0.0.0 
2020-11-18 22:53:50.9246||DEBUG|NetNews.Program|init main function 
2020-11-18 22:53:51.3953||INFO|Detection.Startup|Starting Detection version 3.0.0.0 
2020-11-18 22:54:44.9660||DEBUG|NetNews.Program|init main function 
2020-11-18 22:54:45.3732||INFO|Detection.Startup|Starting Detection version 3.0.0.0 
2020-11-18 22:55:27.1955||DEBUG|NetNews.Program|init main function 
2020-11-18 22:55:27.6797||INFO|Detection.Startup|Starting Detection version 3.0.0.0 
2020-11-18 23:03:16.6638||DEBUG|NetNews.Program|init main function 
2020-11-18 23:03:17.1480||INFO|Detection.Startup|Starting Detection version 3.0.0.0 
2020-11-18 23:07:00.9902||DEBUG|NetNews.Program|init main function 
2020-11-18 23:07:01.5271||INFO|Detection.Startup|Starting Detection version 3.0.0.0 
2020-11-18 23:07:36.7995||DEBUG|NetNews.Program|init main function 
2020-11-18 23:07:38.1015||INFO|Detection.Startup|Starting Detection version 3.0.0.0 
2020-11-18 23:26:33.8409||DEBUG|NetNews.Program|init main function 
2020-11-18 23:26:34.3772||INFO|Detection.Startup|Starting Detection version 3.0.0.0 
2020-11-18 23:32:43.9143||DEBUG|NetNews.Program|init main function 
2020-11-18 23:32:44.5266||INFO|Detection.Startup|Starting Detection version 3.0.0.0 
