2020-11-10 00:28:07.9859||DEBUG|NetNews.Program|init main function 
2020-11-10 00:28:08.5117||INFO|Detection.Startup|Starting Detection version 3.0.0.0 
2020-11-10 00:31:00.7765||DEBUG|NetNews.Program|init main function 
2020-11-10 00:31:01.2932||INFO|Detection.Startup|Starting Detection version 3.0.0.0 
2020-11-10 00:52:15.6112||DEBUG|NetNews.Program|init main function 
2020-11-10 00:52:16.1440||INFO|Detection.Startup|Starting Detection version 3.0.0.0 
2020-11-10 00:53:44.0280||DEBUG|NetNews.Program|init main function 
2020-11-10 00:53:44.7264||INFO|Detection.Startup|Starting Detection version 3.0.0.0 
2020-11-10 00:57:22.5709||DEBUG|NetNews.Program|init main function 
2020-11-10 00:57:23.0868||INFO|Detection.Startup|Starting Detection version 3.0.0.0 
2020-11-10 00:58:30.3782||DEBUG|NetNews.Program|init main function 
2020-11-10 00:58:30.9145||INFO|Detection.Startup|Starting Detection version 3.0.0.0 
2020-11-10 01:07:22.6877||DEBUG|NetNews.Program|init main function 
2020-11-10 01:07:23.3483||INFO|Detection.Startup|Starting Detection version 3.0.0.0 
2020-11-10 01:08:49.8603||DEBUG|NetNews.Program|init main function 
2020-11-10 01:08:50.7889||INFO|Detection.Startup|Starting Detection version 3.0.0.0 
2020-11-10 01:10:34.1171||DEBUG|NetNews.Program|init main function 
2020-11-10 01:10:34.6940||INFO|Detection.Startup|Starting Detection version 3.0.0.0 
2020-11-10 01:11:43.9695||DEBUG|NetNews.Program|init main function 
2020-11-10 01:11:44.5135||INFO|Detection.Startup|Starting Detection version 3.0.0.0 
2020-11-10 01:14:16.4205|3|ERROR|Microsoft.AspNetCore.Mvc.ViewFeatures.ViewResultExecutor|The view 'ReviewHistory' was not found. Searched locations: /Views/Admin/ReviewHistory.desktop.cshtml, /Views/Admin/ReviewHistory.cshtml, /Views/Shared/ReviewHistory.desktop.cshtml, /Views/Shared/ReviewHistory.cshtml, /Pages/Shared/ReviewHistory.desktop.cshtml, /Pages/Shared/ReviewHistory.cshtml 
2020-11-10 01:14:16.4316|1|ERROR|Microsoft.AspNetCore.Diagnostics.DeveloperExceptionPageMiddleware|An unhandled exception has occurred while executing the request. System.InvalidOperationException: The view 'ReviewHistory' was not found. The following locations were searched:
/Views/Admin/ReviewHistory.desktop.cshtml
/Views/Admin/ReviewHistory.cshtml
/Views/Shared/ReviewHistory.desktop.cshtml
/Views/Shared/ReviewHistory.cshtml
/Pages/Shared/ReviewHistory.desktop.cshtml
/Pages/Shared/ReviewHistory.cshtml
   at Microsoft.AspNetCore.Mvc.ViewEngines.ViewEngineResult.EnsureSuccessful(IEnumerable`1 originalLocations)
   at Microsoft.AspNetCore.Mvc.ViewFeatures.ViewResultExecutor.ExecuteAsync(ActionContext context, ViewResult result)
   at Microsoft.AspNetCore.Mvc.ViewResult.ExecuteResultAsync(ActionContext context)
   at Microsoft.AspNetCore.Mvc.Infrastructure.ResourceInvoker.<InvokeNextResultFilterAsync>g__Awaited|29_0[TFilter,TFilterAsync](ResourceInvoker invoker, Task lastTask, State next, Scope scope, Object state, Boolean isCompleted)
   at Microsoft.AspNetCore.Mvc.Infrastructure.ResourceInvoker.Rethrow(ResultExecutedContextSealed context)
   at Microsoft.AspNetCore.Mvc.Infrastructure.ResourceInvoker.ResultNext[TFilter,TFilterAsync](State& next, Scope& scope, Object& state, Boolean& isCompleted)
   at Microsoft.AspNetCore.Mvc.Infrastructure.ResourceInvoker.InvokeResultFilters()
--- End of stack trace from previous location where exception was thrown ---
   at Microsoft.AspNetCore.Mvc.Infrastructure.ResourceInvoker.<InvokeNextResourceFilter>g__Awaited|24_0(ResourceInvoker invoker, Task lastTask, State next, Scope scope, Object state, Boolean isCompleted)
   at Microsoft.AspNetCore.Mvc.Infrastructure.ResourceInvoker.Rethrow(ResourceExecutedContextSealed context)
   at Microsoft.AspNetCore.Mvc.Infrastructure.ResourceInvoker.Next(State& next, Scope& scope, Object& state, Boolean& isCompleted)
   at Microsoft.AspNetCore.Mvc.Infrastructure.ResourceInvoker.InvokeFilterPipelineAsync()
--- End of stack trace from previous location where exception was thrown ---
   at Microsoft.AspNetCore.Mvc.Infrastructure.ResourceInvoker.<InvokeAsync>g__Awaited|17_0(ResourceInvoker invoker, Task task, IDisposable scope)
   at Microsoft.AspNetCore.Routing.EndpointMiddleware.<Invoke>g__AwaitRequestTask|6_0(Endpoint endpoint, Task requestTask, ILogger logger)
   at Microsoft.AspNetCore.Session.SessionMiddleware.Invoke(HttpContext context)
   at Microsoft.AspNetCore.Session.SessionMiddleware.Invoke(HttpContext context)
   at Microsoft.AspNetCore.Authorization.AuthorizationMiddleware.Invoke(HttpContext context)
   at Wangkanai.Detection.Hosting.ResponsiveMiddleware.InvokeAsync(HttpContext context, IResponsiveService responsive)
   at Microsoft.AspNetCore.Session.SessionMiddleware.Invoke(HttpContext context)
   at Microsoft.AspNetCore.Session.SessionMiddleware.Invoke(HttpContext context)
   at NetNews.Startup.<>c.<<Configure>b__5_0>d.MoveNext() in C:\Users\Laiman\Documents\Visual Studio 2019\Projects\NetNewsCore\NetNewsCore\Startup.cs:line 82
--- End of stack trace from previous location where exception was thrown ---
   at Microsoft.AspNetCore.Diagnostics.DeveloperExceptionPageMiddleware.Invoke(HttpContext context)
2020-11-10 01:20:19.0556||DEBUG|NetNews.Program|init main function 
2020-11-10 01:20:19.8737||INFO|Detection.Startup|Starting Detection version 3.0.0.0 
2020-11-10 01:20:28.4541||DEBUG|NetNews.Program|init main function 
2020-11-10 01:20:28.9826||INFO|Detection.Startup|Starting Detection version 3.0.0.0 
2020-11-10 01:21:28.4052|3|ERROR|Microsoft.AspNetCore.Mvc.ViewFeatures.ViewResultExecutor|The view 'Profile' was not found. Searched locations: /Views/Admin/Profile.desktop.cshtml, /Views/Admin/Profile.cshtml, /Views/Shared/Profile.desktop.cshtml, /Views/Shared/Profile.cshtml, /Pages/Shared/Profile.desktop.cshtml, /Pages/Shared/Profile.cshtml 
2020-11-10 01:21:28.5263|1|ERROR|Microsoft.AspNetCore.Diagnostics.DeveloperExceptionPageMiddleware|An unhandled exception has occurred while executing the request. System.InvalidOperationException: The view 'Profile' was not found. The following locations were searched:
/Views/Admin/Profile.desktop.cshtml
/Views/Admin/Profile.cshtml
/Views/Shared/Profile.desktop.cshtml
/Views/Shared/Profile.cshtml
/Pages/Shared/Profile.desktop.cshtml
/Pages/Shared/Profile.cshtml
   at Microsoft.AspNetCore.Mvc.ViewEngines.ViewEngineResult.EnsureSuccessful(IEnumerable`1 originalLocations)
   at Microsoft.AspNetCore.Mvc.ViewFeatures.ViewResultExecutor.ExecuteAsync(ActionContext context, ViewResult result)
   at Microsoft.AspNetCore.Mvc.ViewResult.ExecuteResultAsync(ActionContext context)
   at Microsoft.AspNetCore.Mvc.Infrastructure.ResourceInvoker.<InvokeNextResultFilterAsync>g__Awaited|29_0[TFilter,TFilterAsync](ResourceInvoker invoker, Task lastTask, State next, Scope scope, Object state, Boolean isCompleted)
   at Microsoft.AspNetCore.Mvc.Infrastructure.ResourceInvoker.Rethrow(ResultExecutedContextSealed context)
   at Microsoft.AspNetCore.Mvc.Infrastructure.ResourceInvoker.ResultNext[TFilter,TFilterAsync](State& next, Scope& scope, Object& state, Boolean& isCompleted)
   at Microsoft.AspNetCore.Mvc.Infrastructure.ResourceInvoker.InvokeResultFilters()
--- End of stack trace from previous location where exception was thrown ---
   at Microsoft.AspNetCore.Mvc.Infrastructure.ResourceInvoker.<InvokeNextResourceFilter>g__Awaited|24_0(ResourceInvoker invoker, Task lastTask, State next, Scope scope, Object state, Boolean isCompleted)
   at Microsoft.AspNetCore.Mvc.Infrastructure.ResourceInvoker.Rethrow(ResourceExecutedContextSealed context)
   at Microsoft.AspNetCore.Mvc.Infrastructure.ResourceInvoker.Next(State& next, Scope& scope, Object& state, Boolean& isCompleted)
   at Microsoft.AspNetCore.Mvc.Infrastructure.ResourceInvoker.<InvokeFilterPipelineAsync>g__Awaited|19_0(ResourceInvoker invoker, Task lastTask, State next, Scope scope, Object state, Boolean isCompleted)
   at Microsoft.AspNetCore.Mvc.Infrastructure.ResourceInvoker.<InvokeAsync>g__Awaited|17_0(ResourceInvoker invoker, Task task, IDisposable scope)
   at Microsoft.AspNetCore.Routing.EndpointMiddleware.<Invoke>g__AwaitRequestTask|6_0(Endpoint endpoint, Task requestTask, ILogger logger)
   at Microsoft.AspNetCore.Session.SessionMiddleware.Invoke(HttpContext context)
   at Microsoft.AspNetCore.Session.SessionMiddleware.Invoke(HttpContext context)
   at Microsoft.AspNetCore.Authorization.AuthorizationMiddleware.Invoke(HttpContext context)
   at Wangkanai.Detection.Hosting.ResponsiveMiddleware.InvokeAsync(HttpContext context, IResponsiveService responsive)
   at Microsoft.AspNetCore.Session.SessionMiddleware.Invoke(HttpContext context)
   at Microsoft.AspNetCore.Session.SessionMiddleware.Invoke(HttpContext context)
   at NetNews.Startup.<>c.<<Configure>b__5_0>d.MoveNext() in C:\Users\Laiman\Documents\Visual Studio 2019\Projects\NetNewsCore\NetNewsCore\Startup.cs:line 82
--- End of stack trace from previous location where exception was thrown ---
   at Microsoft.AspNetCore.Diagnostics.DeveloperExceptionPageMiddleware.Invoke(HttpContext context)
2020-11-10 01:31:24.0354||DEBUG|NetNews.Program|init main function 
2020-11-10 01:31:24.5360||INFO|Detection.Startup|Starting Detection version 3.0.0.0 
2020-11-10 01:33:16.0438|3|ERROR|Microsoft.AspNetCore.Mvc.ViewFeatures.ViewResultExecutor|The view 'Settings' was not found. Searched locations: /Views/Admin/Settings.mobile.cshtml, /Views/Admin/Settings.cshtml, /Views/Shared/Settings.mobile.cshtml, /Views/Shared/Settings.cshtml, /Pages/Shared/Settings.mobile.cshtml, /Pages/Shared/Settings.cshtml 
2020-11-10 01:33:16.0591|1|ERROR|Microsoft.AspNetCore.Diagnostics.DeveloperExceptionPageMiddleware|An unhandled exception has occurred while executing the request. System.InvalidOperationException: The view 'Settings' was not found. The following locations were searched:
/Views/Admin/Settings.mobile.cshtml
/Views/Admin/Settings.cshtml
/Views/Shared/Settings.mobile.cshtml
/Views/Shared/Settings.cshtml
/Pages/Shared/Settings.mobile.cshtml
/Pages/Shared/Settings.cshtml
   at Microsoft.AspNetCore.Mvc.ViewEngines.ViewEngineResult.EnsureSuccessful(IEnumerable`1 originalLocations)
   at Microsoft.AspNetCore.Mvc.ViewFeatures.ViewResultExecutor.ExecuteAsync(ActionContext context, ViewResult result)
   at Microsoft.AspNetCore.Mvc.ViewResult.ExecuteResultAsync(ActionContext context)
   at Microsoft.AspNetCore.Mvc.Infrastructure.ResourceInvoker.<InvokeNextResultFilterAsync>g__Awaited|29_0[TFilter,TFilterAsync](ResourceInvoker invoker, Task lastTask, State next, Scope scope, Object state, Boolean isCompleted)
   at Microsoft.AspNetCore.Mvc.Infrastructure.ResourceInvoker.Rethrow(ResultExecutedContextSealed context)
   at Microsoft.AspNetCore.Mvc.Infrastructure.ResourceInvoker.ResultNext[TFilter,TFilterAsync](State& next, Scope& scope, Object& state, Boolean& isCompleted)
   at Microsoft.AspNetCore.Mvc.Infrastructure.ResourceInvoker.InvokeResultFilters()
--- End of stack trace from previous location where exception was thrown ---
   at Microsoft.AspNetCore.Mvc.Infrastructure.ResourceInvoker.<InvokeNextResourceFilter>g__Awaited|24_0(ResourceInvoker invoker, Task lastTask, State next, Scope scope, Object state, Boolean isCompleted)
   at Microsoft.AspNetCore.Mvc.Infrastructure.ResourceInvoker.Rethrow(ResourceExecutedContextSealed context)
   at Microsoft.AspNetCore.Mvc.Infrastructure.ResourceInvoker.Next(State& next, Scope& scope, Object& state, Boolean& isCompleted)
   at Microsoft.AspNetCore.Mvc.Infrastructure.ResourceInvoker.InvokeFilterPipelineAsync()
--- End of stack trace from previous location where exception was thrown ---
   at Microsoft.AspNetCore.Mvc.Infrastructure.ResourceInvoker.<InvokeAsync>g__Awaited|17_0(ResourceInvoker invoker, Task task, IDisposable scope)
   at Microsoft.AspNetCore.Routing.EndpointMiddleware.<Invoke>g__AwaitRequestTask|6_0(Endpoint endpoint, Task requestTask, ILogger logger)
   at Microsoft.AspNetCore.Session.SessionMiddleware.Invoke(HttpContext context)
   at Microsoft.AspNetCore.Session.SessionMiddleware.Invoke(HttpContext context)
   at Microsoft.AspNetCore.Authorization.AuthorizationMiddleware.Invoke(HttpContext context)
   at Wangkanai.Detection.Hosting.ResponsiveMiddleware.InvokeAsync(HttpContext context, IResponsiveService responsive)
   at Microsoft.AspNetCore.Session.SessionMiddleware.Invoke(HttpContext context)
   at Microsoft.AspNetCore.Session.SessionMiddleware.Invoke(HttpContext context)
   at NetNews.Startup.<>c.<<Configure>b__5_0>d.MoveNext() in C:\Users\Laiman\Documents\Visual Studio 2019\Projects\NetNewsCore\NetNewsCore\Startup.cs:line 82
--- End of stack trace from previous location where exception was thrown ---
   at Microsoft.AspNetCore.Diagnostics.DeveloperExceptionPageMiddleware.Invoke(HttpContext context)
2020-11-10 01:53:09.0423||DEBUG|NetNews.Program|init main function 
2020-11-10 01:53:09.8453||INFO|Detection.Startup|Starting Detection version 3.0.0.0 
2020-11-10 01:55:01.6494||DEBUG|NetNews.Program|init main function 
2020-11-10 01:55:02.3086||INFO|Detection.Startup|Starting Detection version 3.0.0.0 
2020-11-10 22:04:02.8293||DEBUG|NetNews.Program|init main function 
2020-11-10 22:04:06.8025||INFO|Detection.Startup|Starting Detection version 3.0.0.0 
